#
# A fatal error has been detected by the Java Runtime Environment:
#
#  SIGSEGV (0xb) at pc=0x0000000101d6a546, pid=6826, tid=0x0000000000000307
#
# JRE version: Java(TM) SE Runtime Environment (8.0_231-b11) (build 1.8.0_231-b11)
# Java VM: Java HotSpot(TM) 64-Bit Server VM (25.231-b11 mixed mode bsd-amd64 compressed oops)
# Problematic frame:
# V  [libjvm.dylib+0x16a546]
#
# Failed to write core dump. Core dumps have been disabled. To enable core dumping, try "ulimit -c unlimited" before starting Java again
#
# If you would like to submit a bug report, please visit:
#   http://bugreport.java.com/bugreport/crash.jsp
#

---------------  T H R E A D  ---------------

Current thread is native thread

siginfo: si_signo: 11 (SIGSEGV), si_code: 1 (SEGV_MAPERR), si_addr: 0x0000000000000270

Registers:
RAX=0x0000000000000000, RBX=0x0000000000000000, RCX=0x0000000104a2ddc0, RDX=0x0000000000000000
RSP=0x00007ffeef0733f0, RBP=0x00007ffeef073400, RSI=0x0000000000000006, RDI=0x00007ffeef073410
R8 =0x0000000000000000, R9 =0x0000000000000d20, R10=0x00007fff93aa9250, R11=0x00007fff3ec0deec
R12=0x00007fc0059709f8, R13=0x00007fc00bf9db10, R14=0x00007fc0080398b0, R15=0x00007fc0059709f8
RIP=0x0000000101d6a546, EFLAGS=0x0000000000010246, ERR=0x0000000000000006
  TRAPNO=0x000000000000000e

Top of Stack: (sp=0x00007ffeef0733f0)
0x00007ffeef0733f0:   0000000000000000 00007fc0080398b0
0x00007ffeef073400:   00007ffeef073430 0000000101f170ea
0x00007ffeef073410:   0000000000000000 00007fc008389350
0x00007ffeef073420:   00007fc004a73200 00007fc00bf9db10
0x00007ffeef073430:   00007ffeef073450 00007fff3ec0df07
0x00007ffeef073440:   00007fc008389300 00007fc0059709f8
0x00007ffeef073450:   00007ffeef073470 00007fff3ec0dd4c
0x00007ffeef073460:   00007fc008389300 00007fc002c418c0
0x00007ffeef073470:   00007ffeef0734d0 00000001376b8b5f
0x00007ffeef073480:   00007fc004a73200 0000000000000000
0x00007ffeef073490:   40ed2fc3320abf21 00007fc004401b70
0x00007ffeef0734a0:   00007ffeef0734d0 00007fff703b5040
0x00007ffeef0734b0:   00007fc0083c1740 00007fc00bf9db10
0x00007ffeef0734c0:   00007fc00bf9db10 00007fc004401b70
0x00007ffeef0734d0:   00007ffeef073590 00007fff45cd1365
0x00007ffeef0734e0:   00007fc00bf9db10 0000000000000000
0x00007ffeef0734f0:   0000000000000000 00007fc00bf9db10
0x00007ffeef073500:   0000000000000000 0000000400000000
0x00007ffeef073510:   00007fc00405c3d0 0000000000000000
0x00007ffeef073520:   40ed2fc3320abf21 00007fc00bf9db10
0x00007ffeef073530:   0000000000000004 0000000000000000
0x00007ffeef073540:   0000000000000000 00007ffeef073568
0x00007ffeef073550:   00007ffeef073590 00007fff45cd0b72
0x00007ffeef073560:   d0f6d94f92fa0074 00007fff703b5040
0x00007ffeef073570:   0000000000000004 0000000000000000
0x00007ffeef073580:   00007fc00bf9db10 00007fff7b6b92d2
0x00007ffeef073590:   00007ffeef073610 00007fff45cd0950
0x00007ffeef0735a0:   0000000000330000 408d980000000000
0x00007ffeef0735b0:   409a400000000000 4000000000000000
0x00007ffeef0735c0:   0000000000000000 0000000000000000
0x00007ffeef0735d0:   409a400000000000 408d980000000000
0x00007ffeef0735e0:   d0f6d94f92fa0074 00007ffeef0736f0 

Instructions: (pc=0x0000000101d6a546)
0x0000000101d6a526:   0e 48 8b 0b 49 8b 56 18 48 63 c0 48 89 0c c2 5b
0x0000000101d6a536:   41 5e 5d c3 90 90 55 48 89 e5 41 56 53 48 8b 1f
0x0000000101d6a546:   c7 83 70 02 00 00 05 00 00 00 48 8d 05 e1 1e 79
0x0000000101d6a556:   00 8b 00 83 f8 01 41 89 f6 75 0c 48 8d 0d 1e 8a 

Register to memory mapping:

RAX=0x0000000000000000 is an unknown value
RBX=0x0000000000000000 is an unknown value
RCX=0x0000000104a2ddc0 is an unknown value
RDX=0x0000000000000000 is an unknown value
RSP=0x00007ffeef0733f0 is an unknown value
RBP=0x00007ffeef073400 is an unknown value
RSI=0x0000000000000006 is an unknown value
RDI=0x00007ffeef073410 is an unknown value
R8 =0x0000000000000000 is an unknown value
R9 =0x0000000000000d20 is an unknown value
R10=0x00007fff93aa9250: OBJC_CLASS_$_JNFWeakJObjectWrapper+0 in /System/Library/Frameworks/JavaVM.framework/Versions/A/Frameworks/JavaNativeFoundation.framework/Versions/A/JavaNativeFoundation at 0x00007fff3ec07000
R11=0x00007fff3ec0deec: -[JNFWeakJObjectWrapper _getWithEnv:]+0 in /System/Library/Frameworks/JavaVM.framework/Versions/A/Frameworks/JavaNativeFoundation.framework/Versions/A/JavaNativeFoundation at 0x00007fff3ec07000
R12=0x00007fc0059709f8 is an unknown value
R13=0x00007fc00bf9db10 is an unknown value
R14=0x00007fc0080398b0 is a weak global jni handle
R15=0x00007fc0059709f8 is an unknown value


Stack: [0x00007ffeee878000,0x00007ffeef078000],  sp=0x00007ffeef0733f0,  free space=8172k
Native frames: (J=compiled Java code, j=interpreted, Vv=VM code, C=native code)
V  [libjvm.dylib+0x16a546]
V  [libjvm.dylib+0x3170ea]
C  [JavaNativeFoundation+0x6f07]  -[JNFWeakJObjectWrapper _getWithEnv:]+0x1b
C  [JavaNativeFoundation+0x6d4c]  -[JNFJObjectWrapper jObjectWithEnv:]+0x16
C  [libawt_lwawt.dylib+0x1bb5f]  -[CGLLayer drawInCGLContext:pixelFormat:forLayerTime:displayTime:]+0xa4
C  [QuartzCore+0xa8365]  _ZL17CAOpenGLLayerDrawP13CAOpenGLLayerdPK11CVTimeStampj+0x7ba
C  [QuartzCore+0xa7950]  -[CAOpenGLLayer _display]+0x244
C  [QuartzCore+0x13ea5]  _ZN2CA5Layer17display_if_neededEPNS_11TransactionE+0x2e3
C  [QuartzCore+0x138406]  _ZN2CA7Context18commit_transactionEPNS_11TransactionEd+0x14e
C  [QuartzCore+0x275e]  _ZN2CA11Transaction6commitEv+0x27e
C  [QuartzCore+0x2432]  _ZN2CA11Transaction17observer_callbackEP19__CFRunLoopObservermPv+0x42
C  [CoreFoundation+0x9766e]  __CFRUNLOOP_IS_CALLING_OUT_TO_AN_OBSERVER_CALLBACK_FUNCTION__+0x17
C  [CoreFoundation+0x97594]  __CFRunLoopDoObservers+0x1c9
C  [CoreFoundation+0x3a852]  __CFRunLoopRun+0x5ea
C  [CoreFoundation+0x39fe3]  CFRunLoopRunSpecific+0x1f3
C  [java+0x646e]  CreateExecutionEnvironment+0x367
C  [java+0x203c]  JLI_Launch+0x7a0
C  [java+0x84cb]  main+0x65
C  [java+0x1894]  start+0x34


---------------  P R O C E S S  ---------------

VM state:not at safepoint (normal execution)

VM Mutex/Monitor currently owned by a thread: None

heap address: 0x00000006c0000000, size: 4096 MB, Compressed Oops mode: Zero based, Oop shift amount: 3
Narrow klass base: 0x0000000000000000, Narrow klass shift: 3
Compressed class space size: 1073741824 Address: 0x00000007c0000000

Heap:
 PSYoungGen      total 76288K, used 17511K [0x000000076ab00000, 0x0000000772b80000, 0x00000007c0000000)
  eden space 65536K, 10% used [0x000000076ab00000,0x000000076b19a890,0x000000076eb00000)
  from space 10752K, 99% used [0x000000076eb00000,0x000000076f57f5c0,0x000000076f580000)
  to   space 10752K, 0% used [0x0000000772100000,0x0000000772100000,0x0000000772b80000)
 ParOldGen       total 89600K, used 15012K [0x00000006c0000000, 0x00000006c5780000, 0x000000076ab00000)
  object space 89600K, 16% used [0x00000006c0000000,0x00000006c0ea90c0,0x00000006c5780000)
 Metaspace       used 31625K, capacity 34012K, committed 34176K, reserved 1079296K
  class space    used 4633K, capacity 5129K, committed 5248K, reserved 1048576K

Card table byte_map: [0x000000010301f000,0x0000000103820000] byte_map_base: 0x00000000ffa1f000

Marking Bits: (ParMarkBitMap*) 0x00000001024fceb0
 Begin Bits: [0x0000000113a68000, 0x0000000117a68000)
 End Bits:   [0x0000000117a68000, 0x000000011ba68000)

Polling page: 0x0000000100bfd000

CodeCache: size=245760Kb used=12165Kb max_used=12165Kb free=233594Kb
 bounds [0x0000000104a68000, 0x0000000105658000, 0x0000000113a68000]
 total_blobs=5100 nmethods=4221 adapters=792
 compilation: enabled

Compilation events (10 events):
Event: 157.175 Thread 0x00007fc003094800 nmethod 4434 0x000000010564f1d0 code [0x000000010564f340, 0x000000010564f4f0]
Event: 157.175 Thread 0x00007fc003094800 4435       3       sun.java2d.SunGraphics2D::validateBasicStroke (332 bytes)
Event: 157.175 Thread 0x00007fc006802000 nmethod 4430 0x0000000105652350 code [0x00000001056524a0, 0x00000001056525f8]
Event: 157.176 Thread 0x00007fc003094800 nmethod 4435 0x0000000105650210 code [0x0000000105650520, 0x0000000105651908]
Event: 157.176 Thread 0x00007fc003094800 4437       3       sun.java2d.SunGraphics2D::dispose (12 bytes)
Event: 157.176 Thread 0x00007fc003094800 nmethod 4437 0x000000010564fdd0 code [0x000000010564ff40, 0x0000000105650168]
Event: 157.176 Thread 0x00007fc003094800 4436       3       java.awt.geom.AffineTransform::getDeterminant (99 bytes)
Event: 157.176 Thread 0x00007fc003094800 nmethod 4436 0x000000010564f7d0 code [0x000000010564f980, 0x000000010564fcc8]
Event: 157.176 Thread 0x00007fc003094800 4438       1       javax.swing.tree.TreePath::getLastPathComponent (5 bytes)
Event: 157.176 Thread 0x00007fc003094800 nmethod 4438 0x0000000104ceb610 code [0x0000000104ceb760, 0x0000000104ceb870]

GC Heap History (8 events):
Event: 3.798 GC heap before
{Heap before GC invocations=1 (full 0):
 PSYoungGen      total 76288K, used 65536K [0x000000076ab00000, 0x0000000770000000, 0x00000007c0000000)
  eden space 65536K, 100% used [0x000000076ab00000,0x000000076eb00000,0x000000076eb00000)
  from space 10752K, 0% used [0x000000076f580000,0x000000076f580000,0x0000000770000000)
  to   space 10752K, 0% used [0x000000076eb00000,0x000000076eb00000,0x000000076f580000)
 ParOldGen       total 175104K, used 0K [0x00000006c0000000, 0x00000006cab00000, 0x000000076ab00000)
  object space 175104K, 0% used [0x00000006c0000000,0x00000006c0000000,0x00000006cab00000)
 Metaspace       used 18218K, capacity 19754K, committed 20096K, reserved 1067008K
  class space    used 2744K, capacity 3098K, committed 3200K, reserved 1048576K
Event: 3.806 GC heap after
Heap after GC invocations=1 (full 0):
 PSYoungGen      total 76288K, used 9086K [0x000000076ab00000, 0x0000000770000000, 0x00000007c0000000)
  eden space 65536K, 0% used [0x000000076ab00000,0x000000076ab00000,0x000000076eb00000)
  from space 10752K, 84% used [0x000000076eb00000,0x000000076f3dfa30,0x000000076f580000)
  to   space 10752K, 0% used [0x000000076f580000,0x000000076f580000,0x0000000770000000)
 ParOldGen       total 175104K, used 88K [0x00000006c0000000, 0x00000006cab00000, 0x000000076ab00000)
  object space 175104K, 0% used [0x00000006c0000000,0x00000006c0016010,0x00000006cab00000)
 Metaspace       used 18218K, capacity 19754K, committed 20096K, reserved 1067008K
  class space    used 2744K, capacity 3098K, committed 3200K, reserved 1048576K
}
Event: 3.923 GC heap before
{Heap before GC invocations=2 (full 0):
 PSYoungGen      total 76288K, used 16626K [0x000000076ab00000, 0x0000000770000000, 0x00000007c0000000)
  eden space 65536K, 11% used [0x000000076ab00000,0x000000076b25cf70,0x000000076eb00000)
  from space 10752K, 84% used [0x000000076eb00000,0x000000076f3dfa30,0x000000076f580000)
  to   space 10752K, 0% used [0x000000076f580000,0x000000076f580000,0x0000000770000000)
 ParOldGen       total 175104K, used 88K [0x00000006c0000000, 0x00000006cab00000, 0x000000076ab00000)
  object space 175104K, 0% used [0x00000006c0000000,0x00000006c0016010,0x00000006cab00000)
 Metaspace       used 19644K, capacity 21196K, committed 21248K, reserved 1067008K
  class space    used 2959K, capacity 3285K, committed 3328K, reserved 1048576K
Event: 3.929 GC heap after
Heap after GC invocations=2 (full 0):
 PSYoungGen      total 76288K, used 7602K [0x000000076ab00000, 0x0000000774000000, 0x00000007c0000000)
  eden space 65536K, 0% used [0x000000076ab00000,0x000000076ab00000,0x000000076eb00000)
  from space 10752K, 70% used [0x000000076f580000,0x000000076fcecac0,0x0000000770000000)
  to   space 10752K, 0% used [0x000000076eb00000,0x000000076eb00000,0x000000076f580000)
 ParOldGen       total 175104K, used 96K [0x00000006c0000000, 0x00000006cab00000, 0x000000076ab00000)
  object space 175104K, 0% used [0x00000006c0000000,0x00000006c0018010,0x00000006cab00000)
 Metaspace       used 19644K, capacity 21196K, committed 21248K, reserved 1067008K
  class space    used 2959K, capacity 3285K, committed 3328K, reserved 1048576K
}
Event: 3.929 GC heap before
{Heap before GC invocations=3 (full 1):
 PSYoungGen      total 76288K, used 7602K [0x000000076ab00000, 0x0000000774000000, 0x00000007c0000000)
  eden space 65536K, 0% used [0x000000076ab00000,0x000000076ab00000,0x000000076eb00000)
  from space 10752K, 70% used [0x000000076f580000,0x000000076fcecac0,0x0000000770000000)
  to   space 10752K, 0% used [0x000000076eb00000,0x000000076eb00000,0x000000076f580000)
 ParOldGen       total 175104K, used 96K [0x00000006c0000000, 0x00000006cab00000, 0x000000076ab00000)
  object space 175104K, 0% used [0x00000006c0000000,0x00000006c0018010,0x00000006cab00000)
 Metaspace       used 19644K, capacity 21196K, committed 21248K, reserved 1067008K
  class space    used 2959K, capacity 3285K, committed 3328K, reserved 1048576K
Event: 3.955 GC heap after
Heap after GC invocations=3 (full 1):
 PSYoungGen      total 76288K, used 0K [0x000000076ab00000, 0x0000000774000000, 0x00000007c0000000)
  eden space 65536K, 0% used [0x000000076ab00000,0x000000076ab00000,0x000000076eb00000)
  from space 10752K, 0% used [0x000000076f580000,0x000000076f580000,0x0000000770000000)
  to   space 10752K, 0% used [0x000000076eb00000,0x000000076eb00000,0x000000076f580000)
 ParOldGen       total 89600K, used 7549K [0x00000006c0000000, 0x00000006c5780000, 0x000000076ab00000)
  object space 89600K, 8% used [0x00000006c0000000,0x00000006c075f6b0,0x00000006c5780000)
 Metaspace       used 19644K, capacity 21196K, committed 21248K, reserved 1067008K
  class space    used 2959K, capacity 3285K, committed 3328K, reserved 1048576K
}
Event: 24.782 GC heap before
{Heap before GC invocations=4 (full 1):
 PSYoungGen      total 76288K, used 65536K [0x000000076ab00000, 0x0000000774000000, 0x00000007c0000000)
  eden space 65536K, 100% used [0x000000076ab00000,0x000000076eb00000,0x000000076eb00000)
  from space 10752K, 0% used [0x000000076f580000,0x000000076f580000,0x0000000770000000)
  to   space 10752K, 0% used [0x000000076eb00000,0x000000076eb00000,0x000000076f580000)
 ParOldGen       total 89600K, used 7549K [0x00000006c0000000, 0x00000006c5780000, 0x000000076ab00000)
  object space 89600K, 8% used [0x00000006c0000000,0x00000006c075f6b0,0x00000006c5780000)
 Metaspace       used 30811K, capacity 33170K, committed 33280K, reserved 1077248K
  class space    used 4537K, capacity 5020K, committed 5120K, reserved 1048576K
Event: 24.791 GC heap after
Heap after GC invocations=4 (full 1):
 PSYoungGen      total 76288K, used 10749K [0x000000076ab00000, 0x0000000772b80000, 0x00000007c0000000)
  eden space 65536K, 0% used [0x000000076ab00000,0x000000076ab00000,0x000000076eb00000)
  from space 10752K, 99% used [0x000000076eb00000,0x000000076f57f5c0,0x000000076f580000)
  to   space 10752K, 0% used [0x0000000772100000,0x0000000772100000,0x0000000772b80000)
 ParOldGen       total 89600K, used 15012K [0x00000006c0000000, 0x00000006c5780000, 0x000000076ab00000)
  object space 89600K, 16% used [0x00000006c0000000,0x00000006c0ea90c0,0x00000006c5780000)
 Metaspace       used 30811K, capacity 33170K, committed 33280K, reserved 1077248K
  class space    used 4537K, capacity 5020K, committed 5120K, reserved 1048576K
}

Deoptimization events (10 events):
Event: 17.345 Thread 0x00007fc005970800 Uncommon trap: reason=array_check action=maybe_recompile pc=0x00000001052a2328 method=com.sun.javafx.css.CompoundSelector.applies(Ljavafx/css/Styleable;[Ljava/util/Set;I)Z @ 128
Event: 20.636 Thread 0x00007fc005970800 Uncommon trap: reason=bimorphic action=maybe_recompile pc=0x0000000104d3a258 method=java.util.HashMap.putVal(ILjava/lang/Object;Ljava/lang/Object;ZZ)Ljava/lang/Object; @ 203
Event: 20.636 Thread 0x00007fc005970800 Uncommon trap: reason=bimorphic action=maybe_recompile pc=0x0000000104d3a258 method=java.util.HashMap.putVal(ILjava/lang/Object;Ljava/lang/Object;ZZ)Ljava/lang/Object; @ 203
Event: 22.034 Thread 0x00007fc005970800 Uncommon trap: reason=unstable_if action=reinterpret pc=0x0000000104eb72bc method=java.util.concurrent.ConcurrentHashMap.putVal(Ljava/lang/Object;Ljava/lang/Object;Z)Ljava/lang/Object; @ 206
Event: 24.406 Thread 0x00007fc005970800 Uncommon trap: reason=unstable_if action=reinterpret pc=0x0000000104f11e50 method=java.util.concurrent.ConcurrentHashMap.get(Ljava/lang/Object;)Ljava/lang/Object; @ 138
Event: 24.533 Thread 0x00007fc005970800 Uncommon trap: reason=class_check action=maybe_recompile pc=0x00000001053d7664 method=javafx.scene.Node.updateLocalToParentTransform()V @ 11
Event: 24.533 Thread 0x00007fc005970800 Uncommon trap: reason=class_check action=maybe_recompile pc=0x00000001053d7664 method=javafx.scene.Node.updateLocalToParentTransform()V @ 11
Event: 24.533 Thread 0x00007fc005970800 Uncommon trap: reason=class_check action=maybe_recompile pc=0x00000001053d7664 method=javafx.scene.Node.updateLocalToParentTransform()V @ 11
Event: 24.568 Thread 0x00007fc0060b3000 Uncommon trap: reason=unstable_if action=reinterpret pc=0x0000000104cc9e54 method=java.lang.AbstractStringBuilder.append(Ljava/lang/String;)Ljava/lang/AbstractStringBuilder; @ 1
Event: 24.569 Thread 0x00007fc0060b3000 Uncommon trap: reason=unstable_if action=reinterpret pc=0x0000000104c9a1c8 method=java.lang.AbstractStringBuilder.append(Ljava/lang/String;)Ljava/lang/AbstractStringBuilder; @ 1

Classes redefined (0 events):
No events

Internal exceptions (10 events):
Event: 4.099 Thread 0x00007fc005970800 Exception <a 'java/io/FileNotFoundException'> (0x000000076b09ddc8) thrown at [/Users/java_re/workspace/8-2-build-macosx-x86_64/jdk8u231/13620/hotspot/src/share/vm/prims/jni.cpp, line 710]
Event: 4.247 Thread 0x00007fc005970800 Exception <a 'java/io/FileNotFoundException'> (0x000000076b0f2330) thrown at [/Users/java_re/workspace/8-2-build-macosx-x86_64/jdk8u231/13620/hotspot/src/share/vm/prims/jni.cpp, line 710]
Event: 17.082 Thread 0x00007fc005970800 Exception <a 'java/lang/NoSuchMethodError': java.lang.Object.lambda$multiPlainChanges$0(Lorg/fxmisc/richtext/model/RichTextChange;)Z> (0x000000076c1de6c8) thrown at [/Users/java_re/workspace/8-2-build-macosx-x86_64/jdk8u231/13620/hotspot/src/share/vm/inte
Event: 17.083 Thread 0x00007fc005970800 Exception <a 'java/lang/NoSuchMethodError': java.lang.Object.lambda$multiPlainChanges$1(I)[Lorg/fxmisc/richtext/model/PlainTextChange;> (0x000000076c1e59b0) thrown at [/Users/java_re/workspace/8-2-build-macosx-x86_64/jdk8u231/13620/hotspot/src/share/vm/in
Event: 17.110 Thread 0x00007fc005970800 Exception <a 'java/lang/NoSuchMethodError': java.lang.Object.lambda$pApply$0(Ljava/lang/Object;Ljava/lang/Object;Ljava/lang/Object;)Ljava/lang/Object;> (0x000000076c40f820) thrown at [/Users/java_re/workspace/8-2-build-macosx-x86_64/jdk8u231/13620/hotspot
Event: 17.215 Thread 0x00007fc005970800 Implicit null exception at 0x00000001050041d1 to 0x0000000105004769
Event: 20.725 Thread 0x00007fc005970800 Exception <a 'java/io/FileNotFoundException'> (0x000000076df62b98) thrown at [/Users/java_re/workspace/8-2-build-macosx-x86_64/jdk8u231/13620/hotspot/src/share/vm/prims/jni.cpp, line 710]
Event: 20.725 Thread 0x00007fc005970800 Exception <a 'java/io/FileNotFoundException'> (0x000000076df63ac0) thrown at [/Users/java_re/workspace/8-2-build-macosx-x86_64/jdk8u231/13620/hotspot/src/share/vm/prims/jni.cpp, line 710]
Event: 24.568 Thread 0x00007fc0060b3000 Implicit null exception at 0x0000000104cc9a75 to 0x0000000104cc9e41
Event: 24.569 Thread 0x00007fc0060b3000 Implicit null exception at 0x0000000104c99df6 to 0x0000000104c9a1b1

Events (10 events):
Event: 157.156 loading class javafx/application/Application done
Event: 157.178 loading class com/sun/javafx/tk/quantum/QuantumRenderer
Event: 157.178 loading class com/sun/javafx/tk/quantum/QuantumRenderer done
Event: 157.178 loading class com/sun/javafx/tk/quantum/QuantumToolkit
Event: 157.178 loading class com/sun/javafx/tk/quantum/QuantumToolkit done
Event: 157.179 Thread 0x00007fc005865000 Thread exited: 0x00007fc005865000
Event: 157.179 Thread 0x00007fc0059a7000 Thread exited: 0x00007fc0059a7000
Event: 157.179 Thread 0x00007fc003005000 Thread exited: 0x00007fc003005000
Event: 157.179 Thread 0x00007fc004e21000 Thread added: 0x00007fc004e21000
Event: 157.179 Thread 0x00007fc005970800 Thread exited: 0x00007fc005970800


Dynamic libraries:
0x00007fff39440000 	/System/Library/Frameworks/Cocoa.framework/Versions/A/Cocoa
0x00007fff469f4000 	/System/Library/Frameworks/Security.framework/Versions/A/Security
0x00007fff383e0000 	/System/Library/Frameworks/ApplicationServices.framework/Versions/A/ApplicationServices
0x00007fff70a87000 	/usr/lib/libz.1.dylib
0x00007fff6e56f000 	/usr/lib/libSystem.B.dylib
0x00007fff703af000 	/usr/lib/libobjc.A.dylib
0x00007fff3a3a9000 	/System/Library/Frameworks/CoreFoundation.framework/Versions/A/CoreFoundation
0x00007fff3ca6c000 	/System/Library/Frameworks/Foundation.framework/Versions/C/Foundation
0x00007fff375d8000 	/System/Library/Frameworks/AppKit.framework/Versions/C/AppKit
0x00007fff39ebd000 	/System/Library/Frameworks/CoreData.framework/Versions/A/CoreData
0x00007fff6ae1a000 	/System/Library/PrivateFrameworks/UIFoundation.framework/Versions/A/UIFoundation
0x00007fff6564b000 	/System/Library/PrivateFrameworks/RemoteViewServices.framework/Versions/A/RemoteViewServices
0x00007fff6d89d000 	/System/Library/PrivateFrameworks/XCTTargetBootstrap.framework/Versions/A/XCTTargetBootstrap
0x00007fff3a29c000 	/System/Library/Frameworks/CoreDisplay.framework/Versions/A/CoreDisplay
0x00007fff3f7df000 	/System/Library/Frameworks/Metal.framework/Versions/A/Metal
0x00007fff53b6d000 	/System/Library/PrivateFrameworks/DesktopServicesPriv.framework/Versions/A/DesktopServicesPriv
0x00007fff6f69a000 	/usr/lib/liblangid.dylib
0x00007fff52cc4000 	/System/Library/PrivateFrameworks/CoreSVG.framework/Versions/A/CoreSVG
0x00007fff683cb000 	/System/Library/PrivateFrameworks/SkyLight.framework/Versions/A/SkyLight
0x00007fff3a82a000 	/System/Library/Frameworks/CoreGraphics.framework/Versions/A/CoreGraphics
0x00007fff36179000 	/System/Library/Frameworks/Accelerate.framework/Versions/A/Accelerate
0x00007fff70978000 	/usr/lib/libxml2.2.dylib
0x00007fff5e85a000 	/System/Library/PrivateFrameworks/IconServices.framework/Versions/A/IconServices
0x00007fff3d24e000 	/System/Library/Frameworks/IOSurface.framework/Versions/A/IOSurface
0x00007fff6e0a7000 	/usr/lib/libDiagnosticMessagesClient.dylib
0x00007fff539e6000 	/System/Library/PrivateFrameworks/DFRFoundation.framework/Versions/A/DFRFoundation
0x00007fff6f428000 	/usr/lib/libicucore.A.dylib
0x00007fff38712000 	/System/Library/Frameworks/AudioToolbox.framework/Versions/A/AudioToolbox
0x00007fff387f4000 	/System/Library/Frameworks/AudioUnit.framework/Versions/A/AudioUnit
0x00007fff6e771000 	/usr/lib/libauto.dylib
0x00007fff53a67000 	/System/Library/PrivateFrameworks/DataDetectorsCore.framework/Versions/A/DataDetectorsCore
0x00007fff38f60000 	/System/Library/Frameworks/Carbon.framework/Versions/A/Frameworks/HIToolbox.framework/Versions/A/HIToolbox
0x00007fff45c29000 	/System/Library/Frameworks/QuartzCore.framework/Versions/A/QuartzCore
0x00007fff3929f000 	/System/Library/Frameworks/Carbon.framework/Versions/A/Frameworks/SpeechRecognition.framework/Versions/A/SpeechRecognition
0x00007fff5336a000 	/System/Library/PrivateFrameworks/CoreUI.framework/Versions/A/CoreUI
0x00007fff39923000 	/System/Library/Frameworks/CoreAudio.framework/Versions/A/CoreAudio
0x00007fff3c734000 	/System/Library/Frameworks/DiskArbitration.framework/Versions/A/DiskArbitration
0x00007fff60863000 	/System/Library/PrivateFrameworks/MultitouchSupport.framework/Versions/A/MultitouchSupport
0x00007fff6f2ee000 	/usr/lib/libenergytrace.dylib
0x00007fff3d1a9000 	/System/Library/Frameworks/IOKit.framework/Versions/A/IOKit
0x00007fff3b796000 	/System/Library/Frameworks/CoreServices.framework/Versions/A/CoreServices
0x00007fff628d9000 	/System/Library/PrivateFrameworks/PerformanceAnalysis.framework/Versions/A/PerformanceAnalysis
0x00007fff44c60000 	/System/Library/Frameworks/OpenGL.framework/Versions/A/OpenGL
0x00007fff3944e000 	/System/Library/Frameworks/ColorSync.framework/Versions/A/ColorSync
0x00007fff3aeb0000 	/System/Library/Frameworks/CoreImage.framework/Versions/A/CoreImage
0x00007fff3c20b000 	/System/Library/Frameworks/CoreText.framework/Versions/A/CoreText
0x00007fff3d2d5000 	/System/Library/Frameworks/ImageIO.framework/Versions/A/ImageIO
0x00007fff6e84d000 	/usr/lib/libc++.1.dylib
0x00007fff6e8c9000 	/usr/lib/libcompression.dylib
0x00007fff6e3e9000 	/usr/lib/libMobileGestalt.dylib
0x00007fff69efc000 	/System/Library/PrivateFrameworks/TextureIO.framework/Versions/A/TextureIO
0x00007fff6e6d7000 	/usr/lib/libate.dylib
0x00007fff5ea62000 	/System/Library/PrivateFrameworks/InternationalSupport.framework/Versions/A/InternationalSupport
0x00007fff714ff000 	/usr/lib/system/libcache.dylib
0x00007fff71505000 	/usr/lib/system/libcommonCrypto.dylib
0x00007fff71511000 	/usr/lib/system/libcompiler_rt.dylib
0x00007fff71519000 	/usr/lib/system/libcopyfile.dylib
0x00007fff71523000 	/usr/lib/system/libcorecrypto.dylib
0x00007fff716d1000 	/usr/lib/system/libdispatch.dylib
0x00007fff71713000 	/usr/lib/system/libdyld.dylib
0x00007fff71749000 	/usr/lib/system/libkeymgr.dylib
0x00007fff71757000 	/usr/lib/system/liblaunch.dylib
0x00007fff71758000 	/usr/lib/system/libmacho.dylib
0x00007fff7175e000 	/usr/lib/system/libquarantine.dylib
0x00007fff71761000 	/usr/lib/system/libremovefile.dylib
0x00007fff71763000 	/usr/lib/system/libsystem_asl.dylib
0x00007fff7177b000 	/usr/lib/system/libsystem_blocks.dylib
0x00007fff7177c000 	/usr/lib/system/libsystem_c.dylib
0x00007fff71804000 	/usr/lib/system/libsystem_configuration.dylib
0x00007fff71808000 	/usr/lib/system/libsystem_coreservices.dylib
0x00007fff7180c000 	/usr/lib/system/libsystem_darwin.dylib
0x00007fff71814000 	/usr/lib/system/libsystem_dnssd.dylib
0x00007fff7181c000 	/usr/lib/system/libsystem_featureflags.dylib
0x00007fff7181e000 	/usr/lib/system/libsystem_info.dylib
0x00007fff71899000 	/usr/lib/system/libsystem_m.dylib
0x00007fff718e1000 	/usr/lib/system/libsystem_malloc.dylib
0x00007fff71909000 	/usr/lib/system/libsystem_networkextension.dylib
0x00007fff71917000 	/usr/lib/system/libsystem_notify.dylib
0x00007fff71936000 	/usr/lib/system/libsystem_sandbox.dylib
0x00007fff7193b000 	/usr/lib/system/libsystem_secinit.dylib
0x00007fff7186c000 	/usr/lib/system/libsystem_kernel.dylib
0x00007fff71921000 	/usr/lib/system/libsystem_platform.dylib
0x00007fff7192b000 	/usr/lib/system/libsystem_pthread.dylib
0x00007fff7193e000 	/usr/lib/system/libsystem_symptoms.dylib
0x00007fff71946000 	/usr/lib/system/libsystem_trace.dylib
0x00007fff7195e000 	/usr/lib/system/libunwind.dylib
0x00007fff71964000 	/usr/lib/system/libxpc.dylib
0x00007fff6e8a1000 	/usr/lib/libc++abi.dylib
0x00007fff6f69c000 	/usr/lib/liblzma.5.dylib
0x00007fff6f316000 	/usr/lib/libfakelink.dylib
0x00007fff6e664000 	/usr/lib/libarchive.2.dylib
0x00007fff47bae000 	/System/Library/Frameworks/SystemConfiguration.framework/Versions/A/SystemConfiguration
0x00007fff6dfd8000 	/usr/lib/libCRFSuite.dylib
0x00007fff38b6a000 	/System/Library/Frameworks/CFNetwork.framework/Versions/A/CFNetwork
0x00007fff6e82f000 	/usr/lib/libbsm.0.dylib
0x00007fff7174a000 	/usr/lib/system/libkxld.dylib
0x00007fff4d503000 	/System/Library/PrivateFrameworks/AppleFSCompression.framework/Versions/A/AppleFSCompression
0x00007fff6ebad000 	/usr/lib/libcoretls.dylib
0x00007fff6ebc4000 	/usr/lib/libcoretls_cfhelpers.dylib
0x00007fff703f3000 	/usr/lib/libpam.2.dylib
0x00007fff70523000 	/usr/lib/libsqlite3.dylib
0x00007fff70965000 	/usr/lib/libxar.1.dylib
0x00007fff6e840000 	/usr/lib/libbz2.1.0.dylib
0x00007fff6f337000 	/usr/lib/libiconv.2.dylib
0x00007fff6e8b6000 	/usr/lib/libcharset.1.dylib
0x00007fff6fe9e000 	/usr/lib/libnetwork.dylib
0x00007fff703fa000 	/usr/lib/libpcap.A.dylib
0x00007fff6e619000 	/usr/lib/libapple_nghttp2.dylib
0x00007fff3bb4d000 	/System/Library/Frameworks/CoreServices.framework/Versions/A/Frameworks/FSEvents.framework/Versions/A/FSEvents
0x00007fff3b81d000 	/System/Library/Frameworks/CoreServices.framework/Versions/A/Frameworks/CarbonCore.framework/Versions/A/CarbonCore
0x00007fff3bd90000 	/System/Library/Frameworks/CoreServices.framework/Versions/A/Frameworks/Metadata.framework/Versions/A/Metadata
0x00007fff3be29000 	/System/Library/Frameworks/CoreServices.framework/Versions/A/Frameworks/OSServices.framework/Versions/A/OSServices
0x00007fff3be57000 	/System/Library/Frameworks/CoreServices.framework/Versions/A/Frameworks/SearchKit.framework/Versions/A/SearchKit
0x00007fff3b797000 	/System/Library/Frameworks/CoreServices.framework/Versions/A/Frameworks/AE.framework/Versions/A/AE
0x00007fff3bb56000 	/System/Library/Frameworks/CoreServices.framework/Versions/A/Frameworks/LaunchServices.framework/Versions/A/LaunchServices
0x00007fff3baff000 	/System/Library/Frameworks/CoreServices.framework/Versions/A/Frameworks/DictionaryServices.framework/Versions/A/DictionaryServices
0x00007fff3bebf000 	/System/Library/Frameworks/CoreServices.framework/Versions/A/Frameworks/SharedFileList.framework/Versions/A/SharedFileList
0x00007fff40ab4000 	/System/Library/Frameworks/NetFS.framework/Versions/A/NetFS
0x00007fff60d06000 	/System/Library/PrivateFrameworks/NetAuth.framework/Versions/A/NetAuth
0x00007fff6dc67000 	/System/Library/PrivateFrameworks/login.framework/Versions/A/Frameworks/loginsupport.framework/Versions/A/loginsupport
0x00007fff699fa000 	/System/Library/PrivateFrameworks/TCC.framework/Versions/A/TCC
0x00007fff52097000 	/System/Library/PrivateFrameworks/CoreNLP.framework/Versions/A/CoreNLP
0x00007fff60293000 	/System/Library/PrivateFrameworks/MetadataUtilities.framework/Versions/A/MetadataUtilities
0x00007fff6f774000 	/usr/lib/libmecabra.dylib
0x00007fff6f6cc000 	/usr/lib/libmecab.dylib
0x00007fff6f327000 	/usr/lib/libgermantok.dylib
0x00007fff6e600000 	/usr/lib/libThaiTokenizer.dylib
0x00007fff6e010000 	/usr/lib/libChineseTokenizer.dylib
0x00007fff36191000 	/System/Library/Frameworks/Accelerate.framework/Versions/A/Frameworks/vImage.framework/Versions/A/vImage
0x00007fff37433000 	/System/Library/Frameworks/Accelerate.framework/Versions/A/Frameworks/vecLib.framework/Versions/A/vecLib
0x00007fff37377000 	/System/Library/Frameworks/Accelerate.framework/Versions/A/Frameworks/vecLib.framework/Versions/A/libvMisc.dylib
0x00007fff3719d000 	/System/Library/Frameworks/Accelerate.framework/Versions/A/Frameworks/vecLib.framework/Versions/A/libvDSP.dylib
0x00007fff367fd000 	/System/Library/Frameworks/Accelerate.framework/Versions/A/Frameworks/vecLib.framework/Versions/A/libBLAS.dylib
0x00007fff36d57000 	/System/Library/Frameworks/Accelerate.framework/Versions/A/Frameworks/vecLib.framework/Versions/A/libLAPACK.dylib
0x00007fff370fd000 	/System/Library/Frameworks/Accelerate.framework/Versions/A/Frameworks/vecLib.framework/Versions/A/libLinearAlgebra.dylib
0x00007fff3718a000 	/System/Library/Frameworks/Accelerate.framework/Versions/A/Frameworks/vecLib.framework/Versions/A/libSparseBLAS.dylib
0x00007fff37113000 	/System/Library/Frameworks/Accelerate.framework/Versions/A/Frameworks/vecLib.framework/Versions/A/libQuadrature.dylib
0x00007fff36a66000 	/System/Library/Frameworks/Accelerate.framework/Versions/A/Frameworks/vecLib.framework/Versions/A/libBNNS.dylib
0x00007fff37119000 	/System/Library/Frameworks/Accelerate.framework/Versions/A/Frameworks/vecLib.framework/Versions/A/libSparse.dylib
0x00007fff5ee20000 	/System/Library/PrivateFrameworks/LanguageModeling.framework/Versions/A/LanguageModeling
0x00007fff51a36000 	/System/Library/PrivateFrameworks/CoreEmoji.framework/Versions/A/CoreEmoji
0x00007fff5ef3e000 	/System/Library/PrivateFrameworks/LinguisticData.framework/Versions/A/LinguisticData
0x00007fff5eeef000 	/System/Library/PrivateFrameworks/Lexicon.framework/Versions/A/Lexicon
0x00007fff6e8b7000 	/usr/lib/libcmph.dylib
0x00007fff43686000 	/System/Library/Frameworks/OpenDirectory.framework/Versions/A/Frameworks/CFOpenDirectory.framework/Versions/A/CFOpenDirectory
0x00007fff436a3000 	/System/Library/Frameworks/OpenDirectory.framework/Versions/A/OpenDirectory
0x00007fff4b974000 	/System/Library/PrivateFrameworks/APFS.framework/Versions/A/APFS
0x00007fff46d3b000 	/System/Library/Frameworks/SecurityFoundation.framework/Versions/A/SecurityFoundation
0x00007fff70961000 	/usr/lib/libutil.dylib
0x00007fff52d1c000 	/System/Library/PrivateFrameworks/CoreServicesStore.framework/Versions/A/CoreServicesStore
0x00007fff46e1d000 	/System/Library/Frameworks/ServiceManagement.framework/Versions/A/ServiceManagement
0x00007fff4ecb5000 	/System/Library/PrivateFrameworks/BackgroundTaskManagement.framework/Versions/A/BackgroundTaskManagement
0x00007fff70a5e000 	/usr/lib/libxslt.1.dylib
0x00007fff4db66000 	/System/Library/PrivateFrameworks/AppleSystemInfo.framework/Versions/A/AppleSystemInfo
0x00007fff3d4f1000 	/System/Library/Frameworks/ImageIO.framework/Versions/A/Resources/libJPEG.dylib
0x00007fff3d7b0000 	/System/Library/Frameworks/ImageIO.framework/Versions/A/Resources/libTIFF.dylib
0x00007fff3d793000 	/System/Library/Frameworks/ImageIO.framework/Versions/A/Resources/libPng.dylib
0x00007fff3d432000 	/System/Library/Frameworks/ImageIO.framework/Versions/A/Resources/libGIF.dylib
0x00007fff3d436000 	/System/Library/Frameworks/ImageIO.framework/Versions/A/Resources/libJP2.dylib
0x00007fff3d7ae000 	/System/Library/Frameworks/ImageIO.framework/Versions/A/Resources/libRadiance.dylib
0x00007fff6f2ef000 	/usr/lib/libexpat.1.dylib
0x00007fff4d65e000 	/System/Library/PrivateFrameworks/AppleJPEG.framework/Versions/A/AppleJPEG
0x00007fff55f67000 	/System/Library/PrivateFrameworks/FontServices.framework/libFontParser.dylib
0x00007fff6ccc5000 	/System/Library/PrivateFrameworks/WatchdogClient.framework/Versions/A/WatchdogClient
0x00007fff5e4af000 	/System/Library/PrivateFrameworks/IOAccelerator.framework/Versions/A/IOAccelerator
0x00007fff3fb6d000 	/System/Library/Frameworks/MetalPerformanceShaders.framework/Versions/A/MetalPerformanceShaders
0x00007fff5acb4000 	/System/Library/PrivateFrameworks/GPUWrangler.framework/Versions/A/GPUWrangler
0x00007fff5e4ba000 	/System/Library/PrivateFrameworks/IOPresentment.framework/Versions/A/IOPresentment
0x00007fff539f9000 	/System/Library/PrivateFrameworks/DSExternalDisplay.framework/Versions/A/DSExternalDisplay
0x00007fff4400c000 	/System/Library/Frameworks/OpenGL.framework/Versions/A/Libraries/libCoreFSCache.dylib
0x00007fff3f8bf000 	/System/Library/Frameworks/MetalPerformanceShaders.framework/Frameworks/MPSCore.framework/Versions/A/MPSCore
0x00007fff3f8fc000 	/System/Library/Frameworks/MetalPerformanceShaders.framework/Frameworks/MPSImage.framework/Versions/A/MPSImage
0x00007fff3f9be000 	/System/Library/Frameworks/MetalPerformanceShaders.framework/Frameworks/MPSNeuralNetwork.framework/Versions/A/MPSNeuralNetwork
0x00007fff3f983000 	/System/Library/Frameworks/MetalPerformanceShaders.framework/Frameworks/MPSMatrix.framework/Versions/A/MPSMatrix
0x00007fff3fb1e000 	/System/Library/Frameworks/MetalPerformanceShaders.framework/Frameworks/MPSRayIntersector.framework/Versions/A/MPSRayIntersector
0x00007fff3f9a8000 	/System/Library/Frameworks/MetalPerformanceShaders.framework/Frameworks/MPSNDArray.framework/Versions/A/MPSNDArray
0x00007fff602e0000 	/System/Library/PrivateFrameworks/MetalTools.framework/Versions/A/MetalTools
0x00007fff4cb14000 	/System/Library/PrivateFrameworks/AggregateDictionary.framework/Versions/A/AggregateDictionary
0x00007fff514c9000 	/System/Library/PrivateFrameworks/CoreAnalytics.framework/Versions/A/CoreAnalytics
0x00007fff4da84000 	/System/Library/PrivateFrameworks/AppleSauce.framework/Versions/A/AppleSauce
0x00007fff6e2cc000 	/usr/lib/libIOReport.dylib
0x00007fff3c3c0000 	/System/Library/Frameworks/CoreVideo.framework/Versions/A/CoreVideo
0x00007fff5c119000 	/System/Library/PrivateFrameworks/GraphVisualizer.framework/Versions/A/GraphVisualizer
0x00007fff554e6000 	/System/Library/PrivateFrameworks/FaceCore.framework/Versions/A/FaceCore
0x00007fff4362d000 	/System/Library/Frameworks/OpenCL.framework/Versions/A/OpenCL
0x00007fff6e0ee000 	/usr/lib/libFosl_dynamic.dylib
0x00007fff616fe000 	/System/Library/PrivateFrameworks/OTSVG.framework/Versions/A/OTSVG
0x00007fff384e5000 	/System/Library/Frameworks/ApplicationServices.framework/Versions/A/Frameworks/ATS.framework/Versions/A/Resources/libFontRegistry.dylib
0x00007fff56138000 	/System/Library/PrivateFrameworks/FontServices.framework/libhvf.dylib
0x00007fff44017000 	/System/Library/Frameworks/OpenGL.framework/Versions/A/Libraries/libGFXShared.dylib
0x00007fff441f4000 	/System/Library/Frameworks/OpenGL.framework/Versions/A/Libraries/libGLU.dylib
0x00007fff44020000 	/System/Library/Frameworks/OpenGL.framework/Versions/A/Libraries/libGL.dylib
0x00007fff4402b000 	/System/Library/Frameworks/OpenGL.framework/Versions/A/Libraries/libGLImage.dylib
0x00007fff44009000 	/System/Library/Frameworks/OpenGL.framework/Versions/A/Libraries/libCVMSPluginSupport.dylib
0x00007fff44012000 	/System/Library/Frameworks/OpenGL.framework/Versions/A/Libraries/libCoreVMClient.dylib
0x00007fff6fd40000 	/usr/lib/libncurses.5.4.dylib
0x00007fff383e1000 	/System/Library/Frameworks/ApplicationServices.framework/Versions/A/Frameworks/ATS.framework/Versions/A/ATS
0x00007fff385ae000 	/System/Library/Frameworks/ApplicationServices.framework/Versions/A/Frameworks/ColorSyncLegacy.framework/Versions/A/ColorSyncLegacy
0x00007fff3864d000 	/System/Library/Frameworks/ApplicationServices.framework/Versions/A/Frameworks/HIServices.framework/Versions/A/HIServices
0x00007fff386a4000 	/System/Library/Frameworks/ApplicationServices.framework/Versions/A/Frameworks/LangAnalysis.framework/Versions/A/LangAnalysis
0x00007fff386b3000 	/System/Library/Frameworks/ApplicationServices.framework/Versions/A/Frameworks/PrintCore.framework/Versions/A/PrintCore
0x00007fff386f9000 	/System/Library/Frameworks/ApplicationServices.framework/Versions/A/Frameworks/QD.framework/Versions/A/QD
0x00007fff38704000 	/System/Library/Frameworks/ApplicationServices.framework/Versions/A/Frameworks/SpeechSynthesis.framework/Versions/A/SpeechSynthesis
0x00007fff3857e000 	/System/Library/Frameworks/ApplicationServices.framework/Versions/A/Frameworks/ATSUI.framework/Versions/A/ATSUI
0x00007fff6f183000 	/usr/lib/libcups.2.dylib
0x00007fff3ec1e000 	/System/Library/Frameworks/Kerberos.framework/Versions/A/Kerberos
0x00007fff3cea0000 	/System/Library/Frameworks/GSS.framework/Versions/A/GSS
0x00007fff704af000 	/usr/lib/libresolv.9.dylib
0x00007fff5c2ba000 	/System/Library/PrivateFrameworks/Heimdal.framework/Versions/A/Heimdal
0x00007fff3ec31000 	/System/Library/Frameworks/Kerberos.framework/Versions/A/Libraries/libHeimdalProxy.dylib
0x00007fff6f32d000 	/usr/lib/libheimdal-asn1.dylib
0x00007fff5096d000 	/System/Library/PrivateFrameworks/CommonAuth.framework/Versions/A/CommonAuth
0x00007fff4dc03000 	/System/Library/PrivateFrameworks/AssertionServices.framework/Versions/A/AssertionServices
0x00007fff4e7a3000 	/System/Library/PrivateFrameworks/AudioToolboxCore.framework/Versions/A/AudioToolboxCore
0x00007fff6d919000 	/System/Library/PrivateFrameworks/caulk.framework/Versions/A/caulk
0x00007fff4ed61000 	/System/Library/PrivateFrameworks/BaseBoard.framework/Versions/A/BaseBoard
0x00007fff657d9000 	/System/Library/PrivateFrameworks/RunningBoardServices.framework/Versions/A/RunningBoardServices
0x00007fff628e5000 	/System/Library/PrivateFrameworks/PersistentConnection.framework/Versions/A/PersistentConnection
0x00007fff6522d000 	/System/Library/PrivateFrameworks/ProtocolBuffer.framework/Versions/A/ProtocolBuffer
0x00007fff50992000 	/System/Library/PrivateFrameworks/CommonUtilities.framework/Versions/A/CommonUtilities
0x00007fff4eee4000 	/System/Library/PrivateFrameworks/Bom.framework/Versions/A/Bom
0x00007fff6df9c000 	/usr/lib/libAudioToolboxUtility.dylib
0x00007fff4ecbf000 	/System/Library/PrivateFrameworks/Backup.framework/Versions/A/Backup
0x00007fff53767000 	/System/Library/PrivateFrameworks/CrashReporterSupport.framework/Versions/A/CrashReporterSupport
0x00007fff67273000 	/System/Library/PrivateFrameworks/Sharing.framework/Versions/A/Sharing
0x00007fff4d3a9000 	/System/Library/PrivateFrameworks/Apple80211.framework/Versions/A/Apple80211
0x00007fff4e9e1000 	/System/Library/PrivateFrameworks/AuthKit.framework/Versions/A/AuthKit
0x00007fff53497000 	/System/Library/PrivateFrameworks/CoreUtils.framework/Versions/A/CoreUtils
0x00007fff3c405000 	/System/Library/Frameworks/CoreWLAN.framework/Versions/A/CoreWLAN
0x00007fff3d02a000 	/System/Library/Frameworks/IOBluetooth.framework/Versions/A/IOBluetooth
0x00007fff605de000 	/System/Library/PrivateFrameworks/MobileKeyBag.framework/Versions/A/MobileKeyBag
0x00007fff52570000 	/System/Library/PrivateFrameworks/CorePhoneNumbers.framework/Versions/A/CorePhoneNumbers
0x00007fff4d611000 	/System/Library/PrivateFrameworks/AppleIDAuthSupport.framework/Versions/A/AppleIDAuthSupport
0x00007fff40ac1000 	/System/Library/Frameworks/Network.framework/Versions/A/Network
0x00007fff5eca9000 	/System/Library/PrivateFrameworks/KeychainCircle.framework/Versions/A/KeychainCircle
0x00007fff39e85000 	/System/Library/Frameworks/CoreBluetooth.framework/Versions/A/CoreBluetooth
0x00007fff68f0b000 	/System/Library/PrivateFrameworks/SpeechRecognitionCore.framework/Versions/A/SpeechRecognitionCore
0x0000000101c00000 	/Library/Java/JavaVirtualMachines/jdk1.8.0_231.jdk/Contents/Home/jre/lib/server/libjvm.dylib
0x00007fff70834000 	/usr/lib/libstdc++.6.dylib
0x0000000100bb9000 	/Library/Java/JavaVirtualMachines/jdk1.8.0_231.jdk/Contents/Home/jre/lib/libverify.dylib
0x0000000100bc7000 	/Library/Java/JavaVirtualMachines/jdk1.8.0_231.jdk/Contents/Home/jre/lib/libjava.dylib
0x0000000102bba000 	/Library/Java/JavaVirtualMachines/jdk1.8.0_231.jdk/Contents/Home/jre/lib/libinstrument.dylib
0x0000000102c56000 	/Library/Java/JavaVirtualMachines/jdk1.8.0_231.jdk/Contents/Home/jre/lib/libzip.dylib
0x000000011fade000 	/Library/Java/JavaVirtualMachines/jdk1.8.0_231.jdk/Contents/Home/jre/lib/libnet.dylib
0x000000011fc56000 	/Library/Java/JavaVirtualMachines/jdk1.8.0_231.jdk/Contents/Home/jre/lib/libprism_es2.dylib
0x00007fff52ce8000 	/System/Library/PrivateFrameworks/CoreServicesInternal.framework/Versions/A/CoreServicesInternal
0x00007fff44c70000 	/System/Library/Frameworks/OpenGL.framework/Versions/A/Resources/GLEngine.bundle/GLEngine
0x00007fff44061000 	/System/Library/Frameworks/OpenGL.framework/Versions/A/Libraries/libGLProgrammability.dylib
0x00007fff334c8000 	/System/Library/Extensions/AppleIntelSKLGraphicsGLDriver.bundle/Contents/MacOS/AppleIntelSKLGraphicsGLDriver
0x00007fff5aca8000 	/System/Library/PrivateFrameworks/GPUSupport.framework/Versions/A/Libraries/libGPUSupportMercury.dylib
0x000000011fd04000 	/System/Library/Extensions/AMDRadeonX4000GLDriver.bundle/Contents/MacOS/AMDRadeonX4000GLDriver
0x00007fff2edb6000 	/System/Library/Extensions/AMDRadeonX4000GLDriver.bundle/Contents/MacOS/ATIRadeonX4000SCLib.dylib
0x00007fff303da000 	/System/Library/Extensions/AMDShared.bundle/Contents/PlugIns/libSC.dylib
0x00007fff44dea000 	/System/Library/Frameworks/OpenGL.framework/Versions/A/Resources/GLRendererFloat.bundle/GLRendererFloat
0x00007fff43624000 	/System/Library/Frameworks/OpenCL.framework/Versions/A/Libraries/libcldcpuengine.dylib
0x00007fff6ed68000 	/usr/lib/libcrypto.35.dylib
0x00007fff6a140000 	/System/Library/PrivateFrameworks/TrustEvaluationAgent.framework/Versions/A/TrustEvaluationAgent
0x000000011fed4000 	/Library/Java/JavaVirtualMachines/jdk1.8.0_231.jdk/Contents/Home/jre/lib/libglass.dylib
0x00007fff3c92d000 	/System/Library/Frameworks/FileProvider.framework/Versions/A/FileProvider
0x00007fff37434000 	/System/Library/Frameworks/Accounts.framework/Versions/A/Accounts
0x00007fff5afd5000 	/System/Library/PrivateFrameworks/GenerationalStorage.framework/Versions/A/GenerationalStorage
0x00007fff5324b000 	/System/Library/PrivateFrameworks/CoreSymbolication.framework/Versions/A/CoreSymbolication
0x00007fff6973c000 	/System/Library/PrivateFrameworks/SymptomDiagnosticReporter.framework/Versions/A/SymptomDiagnosticReporter
0x00007fff4cea2000 	/System/Library/PrivateFrameworks/AppContainer.framework/Versions/A/AppContainer
0x00007fff704c9000 	/usr/lib/libsandbox.1.dylib
0x00007fff6bc64000 	/System/Library/PrivateFrameworks/UserManagement.framework/Versions/A/UserManagement
0x00007fff4fa95000 	/System/Library/PrivateFrameworks/ChunkingLibrary.framework/Versions/A/ChunkingLibrary
0x00007fff53b2e000 	/System/Library/PrivateFrameworks/DebugSymbols.framework/Versions/A/DebugSymbols
0x00007fff4cf14000 	/System/Library/PrivateFrameworks/AppSandbox.framework/Versions/A/AppSandbox
0x00007fff67128000 	/System/Library/PrivateFrameworks/SecCodeWrapper.framework/Versions/A/SecCodeWrapper
0x00007fff6e3b2000 	/usr/lib/libMatch.1.dylib
0x00007fff2ea86000 	/System/Library/CoreServices/RawCamera.bundle/Contents/MacOS/RawCamera
0x00007fff60408000 	/System/Library/PrivateFrameworks/MobileAsset.framework/Versions/A/MobileAsset
0x00007fff695ea000 	/System/Library/PrivateFrameworks/StreamingZip.framework/Versions/A/StreamingZip
0x00007fff3f09a000 	/System/Library/Frameworks/MediaToolbox.framework/Versions/A/MediaToolbox
0x00007fff51478000 	/System/Library/PrivateFrameworks/CoreAVCHD.framework/Versions/A/CoreAVCHD
0x00007fff3efc4000 	/System/Library/Frameworks/MediaAccessibility.framework/Versions/A/MediaAccessibility
0x00007fff5f7da000 	/System/Library/PrivateFrameworks/Mangrove.framework/Versions/A/Mangrove
0x00007fff3b5d1000 	/System/Library/Frameworks/CoreMedia.framework/Versions/A/CoreMedia
0x00007fff5fa3f000 	/System/Library/PrivateFrameworks/MediaExperience.framework/Versions/A/MediaExperience
0x00007fff47e94000 	/System/Library/Frameworks/VideoToolbox.framework/Versions/A/VideoToolbox
0x00007fff510a2000 	/System/Library/PrivateFrameworks/CoreAUC.framework/Versions/A/CoreAUC
0x00007fff70521000 	/usr/lib/libspindump.dylib
0x00007fff4e14e000 	/System/Library/PrivateFrameworks/AudioResourceArbitration.framework/Versions/A/AudioResourceArbitration
0x00007fff4db6a000 	/System/Library/PrivateFrameworks/AppleVA.framework/Versions/A/AppleVA
0x00007fff3617a000 	/System/Library/Frameworks/Accelerate.framework/Versions/A/Frameworks/vImage.framework/Versions/A/Libraries/libCGInterfaces.dylib
0x0000000121532000 	/usr/lib/libobjc-trampolines.dylib
0x00007fff55911000 	/System/Library/PrivateFrameworks/FamilyControls.framework/Versions/A/FamilyControls
0x00007fff50961000 	/System/Library/PrivateFrameworks/CommerceKit.framework/Versions/A/Frameworks/CommerceCore.framework/Versions/A/CommerceCore
0x00007fff697b7000 	/System/Library/PrivateFrameworks/SystemAdministration.framework/Versions/A/SystemAdministration
0x00007fff53ebd000 	/System/Library/PrivateFrameworks/DiskManagement.framework/Versions/A/DiskManagement
0x00007fff3c658000 	/System/Library/Frameworks/DirectoryService.framework/Versions/A/DirectoryService
0x00007fff53df4000 	/System/Library/PrivateFrameworks/DiskImages.framework/Versions/A/DiskImages
0x00007fff5efe6000 	/System/Library/PrivateFrameworks/LoginUIKit.framework/Versions/A/Frameworks/LoginUICore.framework/Versions/A/LoginUICore
0x00007fff6e01b000 	/usr/lib/libCoreStorage.dylib
0x00007fff6f170000 	/usr/lib/libcsfde.dylib
0x00007fff703e1000 	/usr/lib/libodfde.dylib
0x00007fff5faca000 	/System/Library/PrivateFrameworks/MediaKit.framework/Versions/A/MediaKit
0x00007fff3c664000 	/System/Library/Frameworks/DiscRecording.framework/Versions/A/DiscRecording
0x00007fff5406c000 	/System/Library/PrivateFrameworks/EFILogin.framework/Versions/A/EFILogin
0x00007fff651d2000 	/System/Library/PrivateFrameworks/ProtectedCloudStorage.framework/Versions/A/ProtectedCloudStorage
0x00007fff6f1e4000 	/usr/lib/libcurl.4.dylib
0x00007fff6f069000 	/usr/lib/libcrypto.44.dylib
0x00007fff70804000 	/usr/lib/libssl.46.dylib
0x00007fff3ec32000 	/System/Library/Frameworks/LDAP.framework/Versions/A/LDAP
0x00007fff7050e000 	/usr/lib/libsasl2.2.dylib
0x00007fff517b3000 	/System/Library/PrivateFrameworks/CoreDaemon.framework/Versions/B/CoreDaemon
0x00007fff4da7f000 	/System/Library/PrivateFrameworks/AppleSRP.framework/Versions/A/AppleSRP
0x00007fff6ca36000 	/System/Library/PrivateFrameworks/ViewBridge.framework/Versions/A/ViewBridge
0x00007fff6dc6a000 	/System/Library/PrivateFrameworks/login.framework/Versions/A/login
0x00007fff5609f000 	/System/Library/PrivateFrameworks/FontServices.framework/libTrueTypeScaler.dylib
0x00007fff342f2000 	/System/Library/Extensions/AppleIntelSKLGraphicsMTLDriver.bundle/Contents/MacOS/AppleIntelSKLGraphicsMTLDriver
0x00007fff2ec95000 	/System/Library/Extensions/AMDMTLBronzeDriver.bundle/Contents/MacOS/AMDMTLBronzeDriver
0x00007fff5e4a5000 	/System/Library/PrivateFrameworks/IOAccelMemoryInfo.framework/Versions/A/IOAccelMemoryInfo
0x00007fff5960c000 	/System/Library/PrivateFrameworks/GPUCompiler.framework/Versions/3902/Libraries/libmetal_timestamp.dylib
0x000000012135e000 	/Library/Java/JavaVirtualMachines/jdk1.8.0_231.jdk/Contents/Home/jre/lib/libjavafx_font.dylib
0x0000000121368000 	/Library/Java/JavaVirtualMachines/jdk1.8.0_231.jdk/Contents/Home/jre/lib/libnio.dylib
0x00007fff5c145000 	/System/Library/PrivateFrameworks/HDRProcessing.framework/Versions/A/HDRProcessing
0x0000000122607000 	/Library/Java/JavaVirtualMachines/jdk1.8.0_231.jdk/Contents/Home/jre/lib/libprism_common.dylib
0x00000001371a2000 	/Library/Java/JavaVirtualMachines/jdk1.8.0_231.jdk/Contents/Home/jre/lib/libawt.dylib
0x0000000137823000 	/Library/Java/JavaVirtualMachines/jdk1.8.0_231.jdk/Contents/Home/jre/lib/libmlib_image.dylib
0x00007fff3ec07000 	/System/Library/Frameworks/JavaVM.framework/Versions/A/Frameworks/JavaNativeFoundation.framework/Versions/A/JavaNativeFoundation
0x00007fff3ec10000 	/System/Library/Frameworks/JavaVM.framework/Versions/A/Frameworks/JavaRuntimeSupport.framework/Versions/A/JavaRuntimeSupport
0x00007fff3ec19000 	/System/Library/Frameworks/JavaVM.framework/Versions/A/JavaVM
0x00007fff5eb0c000 	/System/Library/PrivateFrameworks/JavaLaunching.framework/Versions/A/JavaLaunching
0x00007fff38f5b000 	/System/Library/Frameworks/Carbon.framework/Versions/A/Carbon
0x00007fff38f5c000 	/System/Library/Frameworks/Carbon.framework/Versions/A/Frameworks/CommonPanels.framework/Versions/A/CommonPanels
0x00007fff39255000 	/System/Library/Frameworks/Carbon.framework/Versions/A/Frameworks/Help.framework/Versions/A/Help
0x00007fff39259000 	/System/Library/Frameworks/Carbon.framework/Versions/A/Frameworks/ImageCapture.framework/Versions/A/ImageCapture
0x00007fff39260000 	/System/Library/Frameworks/Carbon.framework/Versions/A/Frameworks/OpenScripting.framework/Versions/A/OpenScripting
0x00007fff3925f000 	/System/Library/Frameworks/Carbon.framework/Versions/A/Frameworks/Ink.framework/Versions/A/Ink
0x00007fff3929b000 	/System/Library/Frameworks/Carbon.framework/Versions/A/Frameworks/Print.framework/Versions/A/Print
0x00007fff3929c000 	/System/Library/Frameworks/Carbon.framework/Versions/A/Frameworks/SecurityHI.framework/Versions/A/SecurityHI
0x000000013769d000 	/Library/Java/JavaVirtualMachines/jdk1.8.0_231.jdk/Contents/Home/jre/lib/libawt_lwawt.dylib
0x00000001280ff000 	/Library/Java/JavaVirtualMachines/jdk1.8.0_231.jdk/Contents/Home/jre/lib/libosxapp.dylib
0x00007fff3c90e000 	/System/Library/Frameworks/ExceptionHandling.framework/Versions/A/ExceptionHandling
0x000000013724b000 	/Library/Java/JavaVirtualMachines/jdk1.8.0_231.jdk/Contents/Home/jre/lib/libfontmanager.dylib
0x0000000127fa4000 	/Library/Java/JavaVirtualMachines/jdk1.8.0_231.jdk/Contents/Home/jre/lib/libosxui.dylib
0x0000000127fad000 	/Library/Java/JavaVirtualMachines/jdk1.8.0_231.jdk/Contents/Home/jre/lib/libosx.dylib
0x0000000137940000 	/Library/Java/JavaVirtualMachines/jdk1.8.0_231.jdk/Contents/Home/jre/lib/libdcpr.dylib

VM Arguments:
jvm_args: -javaagent:/Applications/IntelliJ IDEA CE.app/Contents/lib/idea_rt.jar=59224:/Applications/IntelliJ IDEA CE.app/Contents/bin -Dfile.encoding=UTF-8 
java_command: sample.Main
java_class_path (initial): /Library/Java/JavaVirtualMachines/jdk1.8.0_231.jdk/Contents/Home/jre/lib/charsets.jar:/Library/Java/JavaVirtualMachines/jdk1.8.0_231.jdk/Contents/Home/jre/lib/deploy.jar:/Library/Java/JavaVirtualMachines/jdk1.8.0_231.jdk/Contents/Home/jre/lib/ext/cldrdata.jar:/Library/Java/JavaVirtualMachines/jdk1.8.0_231.jdk/Contents/Home/jre/lib/ext/dnsns.jar:/Library/Java/JavaVirtualMachines/jdk1.8.0_231.jdk/Contents/Home/jre/lib/ext/jaccess.jar:/Library/Java/JavaVirtualMachines/jdk1.8.0_231.jdk/Contents/Home/jre/lib/ext/jfxrt.jar:/Library/Java/JavaVirtualMachines/jdk1.8.0_231.jdk/Contents/Home/jre/lib/ext/localedata.jar:/Library/Java/JavaVirtualMachines/jdk1.8.0_231.jdk/Contents/Home/jre/lib/ext/nashorn.jar:/Library/Java/JavaVirtualMachines/jdk1.8.0_231.jdk/Contents/Home/jre/lib/ext/sunec.jar:/Library/Java/JavaVirtualMachines/jdk1.8.0_231.jdk/Contents/Home/jre/lib/ext/sunjce_provider.jar:/Library/Java/JavaVirtualMachines/jdk1.8.0_231.jdk/Contents/Home/jre/lib/ext/sunpkcs11.jar:/Library/Java/JavaVirtualMachines/jdk1.8.0_231.jdk/Contents/Home/jre/lib/ext/zipfs.jar:/Library/Java/JavaVirtualMachines/jdk1.8.0_231.jdk/Contents/Home/jre/lib/javaws.jar:/Library/Java/JavaVirtualMachines/jdk1.8.0_231.jdk/Contents/Home/jre/lib/jce.jar:/Library/Java/JavaVirtualMachines/jdk1.8.0_231.jdk/Contents/Home/jre/lib/jfr.jar:/Library/Java/JavaVirtualMachines/jdk1.8.0_231.jdk/Contents/Home/jre/lib/jfxswt.jar:/Library/Java/JavaVirtualMachines/jdk1.8.0_231.jdk/Contents/Home/jre/lib/jsse.jar:/Library/Java/JavaVirtualMachines/jdk1.8.0_231.jdk/Contents/Home/jre/lib/management-agent.jar:/Library/Java/JavaVirtualMachines/jdk1.8.0_231.jdk/Contents/Home/jre/lib/plugin.jar:/Library/Java/JavaVirtualMachines/jdk1.8.0_231.jdk/Contents/Home/jre/lib/resources.jar:/Library/Java/JavaVirtualMachines/jdk1.8.0_231.jdk/Contents/Home/jre/lib/rt.jar:/Library/Java/JavaVirtualMachines/jdk1.8.0_231.jdk/Contents/Home/lib/ant-javafx.jar:/Library/Java/JavaVirtualMachines/jdk1.8.0_231.jdk/Contents/Home
Launcher Type: SUN_STANDARD

Environment Variables:
PATH=/usr/local/bin:/usr/bin:/bin:/usr/sbin:/sbin
SHELL=/bin/bash

Signal Handlers:
SIGSEGV: [libjvm.dylib+0x5b7e2b], sa_mask[0]=11111111011111110111111111111111, sa_flags=SA_ONSTACK|SA_RESTART|SA_SIGINFO
SIGBUS: [libjvm.dylib+0x5b7e2b], sa_mask[0]=11111111011111110111111111111111, sa_flags=SA_RESTART|SA_SIGINFO
SIGFPE: [libjvm.dylib+0x48c6ec], sa_mask[0]=11111111011111110111111111111111, sa_flags=SA_RESTART|SA_SIGINFO
SIGPIPE: [libjvm.dylib+0x48c6ec], sa_mask[0]=11111111011111110111111111111111, sa_flags=SA_RESTART|SA_SIGINFO
SIGXFSZ: [libjvm.dylib+0x48c6ec], sa_mask[0]=11111111011111110111111111111111, sa_flags=SA_RESTART|SA_SIGINFO
SIGILL: [libjvm.dylib+0x48c6ec], sa_mask[0]=11111111011111110111111111111111, sa_flags=SA_RESTART|SA_SIGINFO
SIGUSR1: SIG_DFL, sa_mask[0]=00000000000000000000000000000000, sa_flags=none
SIGUSR2: [libjvm.dylib+0x48c20a], sa_mask[0]=00100000000000000000000000000000, sa_flags=SA_RESTART|SA_SIGINFO
SIGHUP: [libjvm.dylib+0x48a795], sa_mask[0]=11111111011111110111111111111111, sa_flags=SA_RESTART|SA_SIGINFO
SIGINT: [libjvm.dylib+0x48a795], sa_mask[0]=11111111011111110111111111111111, sa_flags=SA_RESTART|SA_SIGINFO
SIGTERM: [libjvm.dylib+0x48a795], sa_mask[0]=11111111011111110111111111111111, sa_flags=SA_RESTART|SA_SIGINFO
SIGQUIT: [libjvm.dylib+0x48a795], sa_mask[0]=11111111011111110111111111111111, sa_flags=SA_RESTART|SA_SIGINFO


---------------  S Y S T E M  ---------------

OS:Bsduname:Darwin 19.0.0 Darwin Kernel Version 19.0.0: Thu Oct 17 16:17:15 PDT 2019; root:xnu-6153.41.3~29/RELEASE_X86_64 x86_64
rlimit: STACK 8192k, CORE 0k, NPROC 2784, NOFILE 10240, AS infinity
load average:0.97 1.39 1.57

CPU:total 8 (initial active 8) (4 cores per cpu, 2 threads per core) family 6 model 94 stepping 3, cmov, cx8, fxsr, mmx, sse, sse2, sse3, ssse3, sse4.1, sse4.2, popcnt, avx, avx2, aes, clmul, erms, rtm, 3dnowpref, lzcnt, ht, tsc, tscinvbit, bmi1, bmi2, adx

Memory: 4k page, physical 16777216k(150828k free)

/proc/meminfo:


vm_info: Java HotSpot(TM) 64-Bit Server VM (25.231-b11) for bsd-amd64 JRE (1.8.0_231-b11), built on Oct  5 2019 03:15:25 by "java_re" with gcc 4.2.1 (Based on Apple Inc. build 5658) (LLVM build 2336.11.00)

time: Wed Nov  6 19:14:19 2019
timezone: PST
elapsed time: 157 seconds (0d 0h 2m 37s)

