#
# A fatal error has been detected by the Java Runtime Environment:
#
#  SIGSEGV (0xb) at pc=0x000000010c96aa46, pid=5759, tid=0x0000000000000307
#
# JRE version: Java(TM) SE Runtime Environment (8.0_151-b12) (build 1.8.0_151-b12)
# Java VM: Java HotSpot(TM) 64-Bit Server VM (25.151-b12 mixed mode bsd-amd64 compressed oops)
# Problematic frame:
# V  [libjvm.dylib+0x16aa46]  ThreadStateTransition::trans_from_native(JavaThreadState)+0xa
#
# Failed to write core dump. Core dumps have been disabled. To enable core dumping, try "ulimit -c unlimited" before starting Java again
#
# If you would like to submit a bug report, please visit:
#   http://bugreport.java.com/bugreport/crash.jsp
#

---------------  T H R E A D  ---------------

Current thread is native thread

siginfo: si_signo: 11 (SIGSEGV), si_code: 1 (SEGV_MAPERR), si_addr: 0x0000000000000270

Registers:
RAX=0x0000000000000000, RBX=0x0000000000000000, RCX=0x000000010d031500, RDX=0x0000000000000000
RSP=0x00007ffee3ca1340, RBP=0x00007ffee3ca1350, RSI=0x0000000000000006, RDI=0x00007ffee3ca1360
R8 =0x0000000000000000, R9 =0x0000000000000000, R10=0x00007fff94ffded8, R11=0x00007ffa558034f0
R12=0x00007ffa5023b9f8, R13=0x00007ffa5260e120, R14=0x00007ffa539bb5a0, R15=0x00007ffa5023b9f8
RIP=0x000000010c96aa46, EFLAGS=0x0000000000010246, ERR=0x0000000000000006
  TRAPNO=0x000000000000000e

Top of Stack: (sp=0x00007ffee3ca1340)
0x00007ffee3ca1340:   0000000000000000 00007ffa539bb5a0
0x00007ffee3ca1350:   00007ffee3ca1380 000000010cb1515e
0x00007ffee3ca1360:   0000000000000000 00007ffa5389a1b0
0x00007ffee3ca1370:   0000000000000008 00007ffa53e485e0
0x00007ffee3ca1380:   00007ffee3ca13a0 00007fff3fe8be3f
0x00007ffee3ca1390:   00007ffa5023b9f8 00007ffa5175e200
0x00007ffee3ca13a0:   00007ffee3ca13c0 00007fff3fe8bc52
0x00007ffee3ca13b0:   00007ffa5389a100 00007ffa523f41b0
0x00007ffee3ca13c0:   00007ffee3ca1420 000000012bb73ff3
0x00007ffee3ca13d0:   00007ffa5175e200 0000000000000000
0x00007ffee3ca13e0:   40e85ff6c984711c 00007ffa539d1a20
0x00007ffee3ca13f0:   00007ffee3ca1420 00007ffa53e485e0
0x00007ffee3ca1400:   00007ffa53e485e0 00007ffa5260e120
0x00007ffee3ca1410:   00007fff67dd0a00 00007ffa539d1a20
0x00007ffee3ca1420:   00007ffee3ca14d0 00007fff46d28c5a
0x00007ffee3ca1430:   0000000000000000 0000000000000000
0x00007ffee3ca1440:   00007ffa53e485e0 0000000000000000
0x00007ffee3ca1450:   00000004511fa000 0000000000000000
0x00007ffee3ca1460:   40e85ff6c984711c 0000000000000000
0x00007ffee3ca1470:   00007ffa53e485e0 0000000000000000
0x00007ffee3ca1480:   00007ffa53e485e0 00007ffee3ca14a8
0x00007ffee3ca1490:   00007ffee3ca14d0 00007fff46d28476
0x00007ffee3ca14a0:   e0f8d7b47f2700d2 00007fff67dd0a00
0x00007ffee3ca14b0:   0000000000000004 0000000000000000
0x00007ffee3ca14c0:   00007ffa53e485e0 00007fff39e16115
0x00007ffee3ca14d0:   00007ffee3ca1550 00007fff46d28246
0x00007ffee3ca14e0:   0000000000014033 4083200000000000
0x00007ffee3ca14f0:   408de00000000000 3ff0000000000000
0x00007ffee3ca1500:   0000000000000000 0000000000000000
0x00007ffee3ca1510:   408de00000000000 4083200000000000
0x00007ffee3ca1520:   e0f8d7b47f2700d2 00007ffee3ca1620
0x00007ffee3ca1530:   00007ffa5260da80 00007fff67dd0a00 

Instructions: (pc=0x000000010c96aa46)
0x000000010c96aa26:   0e 48 8b 0b 49 8b 56 18 48 63 c0 48 89 0c c2 5b
0x000000010c96aa36:   41 5e 5d c3 90 90 55 48 89 e5 41 56 53 48 8b 1f
0x000000010c96aa46:   c7 83 70 02 00 00 05 00 00 00 48 8d 05 01 81 78
0x000000010c96aa56:   00 8b 00 83 f8 01 41 89 f6 75 0c 48 8d 0d 4e ec 

Register to memory mapping:

RAX=0x0000000000000000 is an unknown value
RBX=0x0000000000000000 is an unknown value
RCX=0x000000010d031500: jni_NativeInterface+0 in /Library/Java/JavaVirtualMachines/jdk1.8.0_151.jdk/Contents/Home/jre/lib/server/libjvm.dylib at 0x000000010c800000
RDX=0x0000000000000000 is an unknown value
RSP=0x00007ffee3ca1340 is an unknown value
RBP=0x00007ffee3ca1350 is an unknown value
RSI=0x0000000000000006 is an unknown value
RDI=0x00007ffee3ca1360 is an unknown value
R8 =0x0000000000000000 is an unknown value
R9 =0x0000000000000000 is an unknown value
R10=0x00007fff94ffded8: OBJC_CLASS_$_JNFWeakJObjectWrapper+0 in /System/Library/Frameworks/JavaVM.framework/Versions/A/Frameworks/JavaNativeFoundation.framework/Versions/A/JavaNativeFoundation at 0x00007fff3fe85000
R11=0x00007ffa558034f0 is an unknown value
R12=0x00007ffa5023b9f8 is an unknown value
R13=0x00007ffa5260e120 is an unknown value
R14=0x00007ffa539bb5a0 is a weak global jni handle
R15=0x00007ffa5023b9f8 is an unknown value


Stack: [0x00007ffee34a6000,0x00007ffee3ca6000],  sp=0x00007ffee3ca1340,  free space=8172k
Native frames: (J=compiled Java code, j=interpreted, Vv=VM code, C=native code)
V  [libjvm.dylib+0x16aa46]  ThreadStateTransition::trans_from_native(JavaThreadState)+0xa
V  [libjvm.dylib+0x31515e]  jni_IsSameObject+0x30
C  [JavaNativeFoundation+0x6e3f]  -[JNFWeakJObjectWrapper _getWithEnv:]+0x26
C  [JavaNativeFoundation+0x6c52]  -[JNFJObjectWrapper jObjectWithEnv:]+0x16
C  [libawt_lwawt.dylib+0x1aff3]  -[CGLLayer drawInCGLContext:pixelFormat:forLayerTime:displayTime:]+0xa4
C  [QuartzCore+0xb1c5a]  CAOpenGLLayerDraw(CAOpenGLLayer*, double, CVTimeStamp const*, unsigned int)+0x7b6
C  [QuartzCore+0xb1246]  -[CAOpenGLLayer _display]+0x243
C  [QuartzCore+0x141a4]  CA::Layer::display_if_needed(CA::Transaction*)+0x27a
C  [QuartzCore+0x242f]  CA::Context::commit_transaction(CA::Transaction*)+0x13f
C  [QuartzCore+0x1d00]  CA::Transaction::commit()+0x240
C  [QuartzCore+0x1a0c]  CA::Transaction::observer_callback(__CFRunLoopObserver*, unsigned long, void*)+0x42
C  [CoreFoundation+0x996ad]  __CFRUNLOOP_IS_CALLING_OUT_TO_AN_OBSERVER_CALLBACK_FUNCTION__+0x17
C  [CoreFoundation+0x995e2]  __CFRunLoopDoObservers+0x1c4
C  [CoreFoundation+0x3b238]  __CFRunLoopRun+0x5bd
C  [CoreFoundation+0x3aa28]  CFRunLoopRunSpecific+0x1cf
C  [java+0x6465]  CreateExecutionEnvironment+0x367
C  [java+0x218c]  JLI_Launch+0x7a0
C  [java+0x84c2]  main+0x65
C  [java+0x19e4]  start+0x34


---------------  P R O C E S S  ---------------

VM state:not at safepoint (normal execution)

VM Mutex/Monitor currently owned by a thread: None

Heap:
 PSYoungGen      total 40448K, used 34157K [0x00000007aab00000, 0x00000007adb80000, 0x00000007c0000000)
  eden space 31232K, 98% used [0x00000007aab00000,0x00000007ac8ea1d0,0x00000007ac980000)
  from space 9216K, 38% used [0x00000007ad200000,0x00000007ad571418,0x00000007adb00000)
  to   space 8704K, 0% used [0x00000007ac980000,0x00000007ac980000,0x00000007ad200000)
 ParOldGen       total 60928K, used 16814K [0x0000000780000000, 0x0000000783b80000, 0x00000007aab00000)
  object space 60928K, 27% used [0x0000000780000000,0x000000078106b9d8,0x0000000783b80000)
 Metaspace       used 33509K, capacity 36216K, committed 36520K, reserved 1081344K
  class space    used 4757K, capacity 5257K, committed 5296K, reserved 1048576K

Card table byte_map: [0x000000010dbd8000,0x000000010ddd9000] byte_map_base: 0x0000000109fd8000

Marking Bits: (ParMarkBitMap*) 0x000000010d0f35d0
 Begin Bits: [0x000000010df2f000, 0x000000010ef2f000)
 End Bits:   [0x000000010ef2f000, 0x000000010ff2f000)

Polling page: 0x000000010bfc8000

CodeCache: size=245760Kb used=19512Kb max_used=19520Kb free=226247Kb
 bounds [0x0000000111722000, 0x0000000112a52000, 0x0000000120722000]
 total_blobs=7252 nmethods=6363 adapters=801
 compilation: enabled

Compilation events (10 events):
Event: 95.062 Thread 0x00007ffa51879000 6751       3       java.awt.Component::setEnabled (6 bytes)
Event: 95.062 Thread 0x00007ffa51879000 nmethod 6751 0x0000000111d23e50 code [0x0000000111d23fe0, 0x0000000111d243d8]
Event: 95.063 Thread 0x00007ffa51879000 6752       3       java.awt.Component::enable (16 bytes)
Event: 95.063 Thread 0x00007ffa51879000 nmethod 6752 0x0000000111f01910 code [0x0000000111f01aa0, 0x0000000111f01db8]
Event: 95.063 Thread 0x00007ffa51879000 6753       3       javax.swing.JComponent::enable (34 bytes)
Event: 95.063 Thread 0x00007ffa51878800 nmethod 6755 0x0000000111d26610 code [0x0000000111d26760, 0x0000000111d267e8]
Event: 95.063 Thread 0x00007ffa51879000 nmethod 6753 0x0000000111853790 code [0x0000000111853920, 0x0000000111853e18]
Event: 95.063 Thread 0x00007ffa51879000 6754       3       javax.swing.tree.DefaultTreeCellRenderer::firePropertyChange (1 bytes)
Event: 95.064 Thread 0x00007ffa51879000 nmethod 6754 0x0000000111d9e0d0 code [0x0000000111d9e220, 0x0000000111d9e370]
Event: 95.066 Thread 0x00007ffa5081a000 6756   !   4       java.awt.Font::equals (132 bytes)

GC Heap History (10 events):
Event: 47.443 GC heap before
{Heap before GC invocations=8 (full 1):
 PSYoungGen      total 26624K, used 25352K [0x00000007aab00000, 0x00000007acb80000, 0x00000007c0000000)
  eden space 20992K, 100% used [0x00000007aab00000,0x00000007abf80000,0x00000007abf80000)
  from space 5632K, 77% used [0x00000007ac600000,0x00000007aca42160,0x00000007acb80000)
  to   space 6144K, 0% used [0x00000007abf80000,0x00000007abf80000,0x00000007ac580000)
 ParOldGen       total 37376K, used 9195K [0x0000000780000000, 0x0000000782480000, 0x00000007aab00000)
  object space 37376K, 24% used [0x0000000780000000,0x00000007808faf58,0x0000000782480000)
 Metaspace       used 31991K, capacity 34496K, committed 34736K, reserved 1079296K
  class space    used 4709K, capacity 5173K, committed 5296K, reserved 1048576K
Event: 47.463 GC heap after
Heap after GC invocations=8 (full 1):
 PSYoungGen      total 27136K, used 6125K [0x00000007aab00000, 0x00000007ad280000, 0x00000007c0000000)
  eden space 20992K, 0% used [0x00000007aab00000,0x00000007aab00000,0x00000007abf80000)
  from space 6144K, 99% used [0x00000007abf80000,0x00000007ac57b7e0,0x00000007ac580000)
  to   space 7168K, 0% used [0x00000007acb80000,0x00000007acb80000,0x00000007ad280000)
 ParOldGen       total 37376K, used 9827K [0x0000000780000000, 0x0000000782480000, 0x00000007aab00000)
  object space 37376K, 26% used [0x0000000780000000,0x0000000780998d28,0x0000000782480000)
 Metaspace       used 31991K, capacity 34496K, committed 34736K, reserved 1079296K
  class space    used 4709K, capacity 5173K, committed 5296K, reserved 1048576K
}
Event: 51.806 GC heap before
{Heap before GC invocations=9 (full 1):
 PSYoungGen      total 27136K, used 27117K [0x00000007aab00000, 0x00000007ad280000, 0x00000007c0000000)
  eden space 20992K, 100% used [0x00000007aab00000,0x00000007abf80000,0x00000007abf80000)
  from space 6144K, 99% used [0x00000007abf80000,0x00000007ac57b7e0,0x00000007ac580000)
  to   space 7168K, 0% used [0x00000007acb80000,0x00000007acb80000,0x00000007ad280000)
 ParOldGen       total 37376K, used 9827K [0x0000000780000000, 0x0000000782480000, 0x00000007aab00000)
  object space 37376K, 26% used [0x0000000780000000,0x0000000780998d28,0x0000000782480000)
 Metaspace       used 32735K, capacity 35368K, committed 35496K, reserved 1079296K
  class space    used 4730K, capacity 5245K, committed 5296K, reserved 1048576K
Event: 51.833 GC heap after
Heap after GC invocations=9 (full 1):
 PSYoungGen      total 32256K, used 6973K [0x00000007aab00000, 0x00000007ad480000, 0x00000007c0000000)
  eden space 25088K, 0% used [0x00000007aab00000,0x00000007aab00000,0x00000007ac380000)
  from space 7168K, 97% used [0x00000007acb80000,0x00000007ad24f4f0,0x00000007ad280000)
  to   space 8192K, 0% used [0x00000007ac380000,0x00000007ac380000,0x00000007acb80000)
 ParOldGen       total 37376K, used 10955K [0x0000000780000000, 0x0000000782480000, 0x00000007aab00000)
  object space 37376K, 29% used [0x0000000780000000,0x0000000780ab2d38,0x0000000782480000)
 Metaspace       used 32735K, capacity 35368K, committed 35496K, reserved 1079296K
  class space    used 4730K, capacity 5245K, committed 5296K, reserved 1048576K
}
Event: 52.419 GC heap before
{Heap before GC invocations=10 (full 1):
 PSYoungGen      total 32256K, used 13838K [0x00000007aab00000, 0x00000007ad480000, 0x00000007c0000000)
  eden space 25088K, 27% used [0x00000007aab00000,0x00000007ab1b44b0,0x00000007ac380000)
  from space 7168K, 97% used [0x00000007acb80000,0x00000007ad24f4f0,0x00000007ad280000)
  to   space 8192K, 0% used [0x00000007ac380000,0x00000007ac380000,0x00000007acb80000)
 ParOldGen       total 37376K, used 10955K [0x0000000780000000, 0x0000000782480000, 0x00000007aab00000)
  object space 37376K, 29% used [0x0000000780000000,0x0000000780ab2d38,0x0000000782480000)
 Metaspace       used 32845K, capacity 35432K, committed 35496K, reserved 1079296K
  class space    used 4730K, capacity 5245K, committed 5296K, reserved 1048576K
Event: 52.434 GC heap after
Heap after GC invocations=10 (full 1):
 PSYoungGen      total 33280K, used 7672K [0x00000007aab00000, 0x00000007adb00000, 0x00000007c0000000)
  eden space 25088K, 0% used [0x00000007aab00000,0x00000007aab00000,0x00000007ac380000)
  from space 8192K, 93% used [0x00000007ac380000,0x00000007acafe308,0x00000007acb80000)
  to   space 9216K, 0% used [0x00000007ad200000,0x00000007ad200000,0x00000007adb00000)
 ParOldGen       total 37376K, used 10963K [0x0000000780000000, 0x0000000782480000, 0x00000007aab00000)
  object space 37376K, 29% used [0x0000000780000000,0x0000000780ab4d38,0x0000000782480000)
 Metaspace       used 32845K, capacity 35432K, committed 35496K, reserved 1079296K
  class space    used 4730K, capacity 5245K, committed 5296K, reserved 1048576K
}
Event: 52.435 GC heap before
{Heap before GC invocations=11 (full 2):
 PSYoungGen      total 33280K, used 7672K [0x00000007aab00000, 0x00000007adb00000, 0x00000007c0000000)
  eden space 25088K, 0% used [0x00000007aab00000,0x00000007aab00000,0x00000007ac380000)
  from space 8192K, 93% used [0x00000007ac380000,0x00000007acafe308,0x00000007acb80000)
  to   space 9216K, 0% used [0x00000007ad200000,0x00000007ad200000,0x00000007adb00000)
 ParOldGen       total 37376K, used 10963K [0x0000000780000000, 0x0000000782480000, 0x00000007aab00000)
  object space 37376K, 29% used [0x0000000780000000,0x0000000780ab4d38,0x0000000782480000)
 Metaspace       used 32845K, capacity 35432K, committed 35496K, reserved 1079296K
  class space    used 4730K, capacity 5245K, committed 5296K, reserved 1048576K
Event: 52.559 GC heap after
Heap after GC invocations=11 (full 2):
 PSYoungGen      total 33280K, used 0K [0x00000007aab00000, 0x00000007adb00000, 0x00000007c0000000)
  eden space 25088K, 0% used [0x00000007aab00000,0x00000007aab00000,0x00000007ac380000)
  from space 8192K, 0% used [0x00000007ac380000,0x00000007ac380000,0x00000007acb80000)
  to   space 9216K, 0% used [0x00000007ad200000,0x00000007ad200000,0x00000007adb00000)
 ParOldGen       total 60928K, used 16806K [0x0000000780000000, 0x0000000783b80000, 0x00000007aab00000)
  object space 60928K, 27% used [0x0000000780000000,0x00000007810699d8,0x0000000783b80000)
 Metaspace       used 32845K, capacity 35432K, committed 35496K, reserved 1079296K
  class space    used 4730K, capacity 5245K, committed 5296K, reserved 1048576K
}
Event: 53.947 GC heap before
{Heap before GC invocations=12 (full 2):
 PSYoungGen      total 33280K, used 25088K [0x00000007aab00000, 0x00000007adb00000, 0x00000007c0000000)
  eden space 25088K, 100% used [0x00000007aab00000,0x00000007ac380000,0x00000007ac380000)
  from space 8192K, 0% used [0x00000007ac380000,0x00000007ac380000,0x00000007acb80000)
  to   space 9216K, 0% used [0x00000007ad200000,0x00000007ad200000,0x00000007adb00000)
 ParOldGen       total 60928K, used 16806K [0x0000000780000000, 0x0000000783b80000, 0x00000007aab00000)
  object space 60928K, 27% used [0x0000000780000000,0x00000007810699d8,0x0000000783b80000)
 Metaspace       used 32949K, capacity 35560K, committed 35752K, reserved 1079296K
  class space    used 4730K, capacity 5245K, committed 5296K, reserved 1048576K
Event: 53.952 GC heap after
Heap after GC invocations=12 (full 2):
 PSYoungGen      total 40448K, used 3525K [0x00000007aab00000, 0x00000007adb80000, 0x00000007c0000000)
  eden space 31232K, 0% used [0x00000007aab00000,0x00000007aab00000,0x00000007ac980000)
  from space 9216K, 38% used [0x00000007ad200000,0x00000007ad571418,0x00000007adb00000)
  to   space 8704K, 0% used [0x00000007ac980000,0x00000007ac980000,0x00000007ad200000)
 ParOldGen       total 60928K, used 16814K [0x0000000780000000, 0x0000000783b80000, 0x00000007aab00000)
  object space 60928K, 27% used [0x0000000780000000,0x000000078106b9d8,0x0000000783b80000)
 Metaspace       used 32949K, capacity 35560K, committed 35752K, reserved 1079296K
  class space    used 4730K, capacity 5245K, committed 5296K, reserved 1048576K
}

Deoptimization events (10 events):
Event: 62.726 Thread 0x00007ffa5490a000 Uncommon trap: reason=class_check action=maybe_recompile pc=0x000000011263cdf4 method=sun.dc.pr.Rasterizer.appendLine(FF)V @ 24
Event: 62.726 Thread 0x00007ffa5490a000 Uncommon trap: reason=class_check action=maybe_recompile pc=0x000000011263cdf4 method=sun.dc.pr.Rasterizer.appendLine(FF)V @ 24
Event: 63.773 Thread 0x00007ffa5490a000 Uncommon trap: reason=class_check action=maybe_recompile pc=0x0000000112673bb0 method=sun.dc.DuctusRenderingEngine.getAATileGenerator(Ljava/awt/Shape;Ljava/awt/geom/AffineTransform;Lsun/java2d/pipe/Region;Ljava/awt/BasicStroke;ZZ[I)Lsun/java2d/pipe/AATile
Event: 63.773 Thread 0x00007ffa5490a000 Uncommon trap: reason=class_check action=maybe_recompile pc=0x000000011266f5c4 method=sun.dc.pr.Rasterizer.beginSubpath(FF)V @ 32
Event: 63.810 Thread 0x00007ffa5490a000 Uncommon trap: reason=class_check action=maybe_recompile pc=0x0000000112673bb0 method=sun.dc.DuctusRenderingEngine.getAATileGenerator(Ljava/awt/Shape;Ljava/awt/geom/AffineTransform;Lsun/java2d/pipe/Region;Ljava/awt/BasicStroke;ZZ[I)Lsun/java2d/pipe/AATile
Event: 63.810 Thread 0x00007ffa5490a000 Uncommon trap: reason=class_check action=maybe_recompile pc=0x000000011266f5c4 method=sun.dc.pr.Rasterizer.beginSubpath(FF)V @ 32
Event: 63.843 Thread 0x00007ffa5490a000 Uncommon trap: reason=unstable_if action=reinterpret pc=0x0000000112673f50 method=sun.java2d.pipe.Region.clipBoxToBounds([I)V @ 58
Event: 63.852 Thread 0x00007ffa5490a000 Uncommon trap: reason=class_check action=maybe_recompile pc=0x000000011266f5c4 method=sun.dc.pr.Rasterizer.beginSubpath(FF)V @ 32
Event: 65.361 Thread 0x00007ffa5023b800 Uncommon trap: reason=unstable_if action=reinterpret pc=0x00000001129669ec method=sun.awt.PostEventQueue.flush()V @ 23
Event: 95.067 Thread 0x00007ffa51807000 Uncommon trap: reason=unstable_if action=reinterpret pc=0x00000001126fb260 method=java.security.AccessControlContext.optimize()Ljava/security/AccessControlContext; @ 49

Internal exceptions (10 events):
Event: 17.413 Thread 0x00007ffa50181000 Implicit null exception at 0x0000000111f89488 to 0x0000000111f89551
Event: 21.598 Thread 0x00007ffa5490a000 Implicit null exception at 0x00000001119d47b3 to 0x00000001119d4bcd
Event: 21.599 Thread 0x00007ffa5490a000 Implicit null exception at 0x00000001119526b6 to 0x0000000111952a75
Event: 41.635 Thread 0x00007ffa5023b800 Exception <a 'java/lang/NoSuchMethodError': java.lang.Object.lambda$multi$1(I)[Lorg/reactfx/Subscription;> (0x00000007ab4e4b70) thrown at [/Users/java_re/workspace/8-2-build-macosx-x86_64/jdk8u151/9699/hotspot/src/share/vm/interpreter/linkResolver.cpp, li
Event: 47.479 Thread 0x00007ffa50817000 Exception <a 'java/lang/NullPointerException'> (0x00000007aab77348) thrown at [/Users/java_re/workspace/8-2-build-macosx-x86_64/jdk8u151/9699/hotspot/src/share/vm/interpreter/linkResolver.cpp, line 1183]
Event: 48.426 Thread 0x00007ffa5023b800 Exception <a 'java/lang/NoSuchMethodError': java.lang.Object.lambda$minYProperty$0(Ljava/lang/Number;Ljavafx/geometry/Bounds;)Ljava/lang/Double;> (0x00000007ab0ad990) thrown at [/Users/java_re/workspace/8-2-build-macosx-x86_64/jdk8u151/9699/hotspot/src/sh
Event: 51.837 Thread 0x00007ffa50817000 Exception <a 'java/lang/NullPointerException'> (0x00000007aab8d720) thrown at [/Users/java_re/workspace/8-2-build-macosx-x86_64/jdk8u151/9699/hotspot/src/share/vm/interpreter/linkResolver.cpp, line 1183]
Event: 58.413 Thread 0x00007ffa5023b800 Implicit null exception at 0x00000001124052e7 to 0x000000011240bfd1
Event: 62.707 Thread 0x00007ffa5490a000 Implicit null exception at 0x000000011268cd09 to 0x000000011268e645
Event: 95.067 Thread 0x00007ffa51807000 Implicit null exception at 0x00000001126fa740 to 0x00000001126fb24d

Events (10 events):
Event: 95.066 loading class com/sun/javafx/tk/quantum/QuantumToolkit
Event: 95.066 loading class com/sun/javafx/tk/quantum/QuantumToolkit done
Event: 95.066 Thread 0x00007ffa511aa000 Thread exited: 0x00007ffa511aa000
Event: 95.066 Thread 0x00007ffa508f7000 Thread exited: 0x00007ffa508f7000
Event: 95.067 Thread 0x00007ffa5023b800 Thread exited: 0x00007ffa5023b800
Event: 95.067 Thread 0x00007ffa51807000 Thread exited: 0x00007ffa51807000
Event: 95.067 Thread 0x00007ffa51807000 Thread added: 0x00007ffa51807000
Event: 95.067 Thread 0x00007ffa51807000 Uncommon trap: trap_request=0xffffff65 fr.pc=0x00000001126fb260
Event: 95.067 Thread 0x00007ffa51807000 DEOPT PACKING pc=0x00000001126fb260 sp=0x000070000ce1e710
Event: 95.067 Thread 0x00007ffa51807000 DEOPT UNPACKING pc=0x0000000111727229 sp=0x000070000ce1e6c8 mode 2


Dynamic libraries:
0x0000000011a2b000 	/System/Library/Frameworks/Cocoa.framework/Versions/A/Cocoa
0x0000000011a2b000 	/System/Library/Frameworks/Security.framework/Versions/A/Security
0x0000000011a2b000 	/System/Library/Frameworks/ApplicationServices.framework/Versions/A/ApplicationServices
0x0000000011a2b000 	/usr/lib/libz.1.dylib
0x0000000011a2b000 	/usr/lib/libSystem.B.dylib
0x0000000011a2b000 	/usr/lib/libobjc.A.dylib
0x0000000011a2b000 	/System/Library/Frameworks/CoreFoundation.framework/Versions/A/CoreFoundation
0x0000000011a2b000 	/System/Library/Frameworks/Foundation.framework/Versions/C/Foundation
0x0000000011a2b000 	/System/Library/Frameworks/AppKit.framework/Versions/C/AppKit
0x0000000011a2b000 	/System/Library/Frameworks/CoreData.framework/Versions/A/CoreData
0x0000000011a2b000 	/System/Library/PrivateFrameworks/RemoteViewServices.framework/Versions/A/RemoteViewServices
0x0000000011a2b000 	/System/Library/PrivateFrameworks/UIFoundation.framework/Versions/A/UIFoundation
0x0000000011a2b000 	/System/Library/PrivateFrameworks/XCTTargetBootstrap.framework/Versions/A/XCTTargetBootstrap
0x0000000011a2b000 	/System/Library/PrivateFrameworks/IconServices.framework/Versions/A/IconServices
0x0000000011a2b000 	/System/Library/Frameworks/Metal.framework/Versions/A/Metal
0x0000000011a2b000 	/System/Library/PrivateFrameworks/DesktopServicesPriv.framework/Versions/A/DesktopServicesPriv
0x0000000011a2b000 	/usr/lib/libenergytrace.dylib
0x0000000011a2b000 	/System/Library/PrivateFrameworks/SkyLight.framework/Versions/A/SkyLight
0x0000000011a2b000 	/System/Library/Frameworks/CoreGraphics.framework/Versions/A/CoreGraphics
0x0000000011a2b000 	/System/Library/Frameworks/Accelerate.framework/Versions/A/Accelerate
0x0000000011a2b000 	/System/Library/Frameworks/IOSurface.framework/Versions/A/IOSurface
0x0000000011a2b000 	/System/Library/PrivateFrameworks/DFRFoundation.framework/Versions/A/DFRFoundation
0x0000000011a2b000 	/System/Library/Frameworks/AudioToolbox.framework/Versions/A/AudioToolbox
0x0000000011a2b000 	/System/Library/Frameworks/AudioUnit.framework/Versions/A/AudioUnit
0x0000000011a2b000 	/System/Library/PrivateFrameworks/DataDetectorsCore.framework/Versions/A/DataDetectorsCore
0x0000000011a2b000 	/System/Library/Frameworks/Carbon.framework/Versions/A/Frameworks/HIToolbox.framework/Versions/A/HIToolbox
0x0000000011a2b000 	/usr/lib/libicucore.A.dylib
0x0000000011a2b000 	/System/Library/Frameworks/QuartzCore.framework/Versions/A/QuartzCore
0x0000000011a2b000 	/System/Library/Frameworks/Carbon.framework/Versions/A/Frameworks/SpeechRecognition.framework/Versions/A/SpeechRecognition
0x0000000011a2b000 	/usr/lib/libauto.dylib
0x0000000011a2b000 	/usr/lib/libxml2.2.dylib
0x0000000011a2b000 	/System/Library/PrivateFrameworks/CoreUI.framework/Versions/A/CoreUI
0x0000000011a2b000 	/System/Library/Frameworks/CoreAudio.framework/Versions/A/CoreAudio
0x0000000011a2b000 	/System/Library/Frameworks/DiskArbitration.framework/Versions/A/DiskArbitration
0x0000000011a2b000 	/usr/lib/liblangid.dylib
0x0000000011a2b000 	/System/Library/PrivateFrameworks/MultitouchSupport.framework/Versions/A/MultitouchSupport
0x0000000011a2b000 	/System/Library/Frameworks/IOKit.framework/Versions/A/IOKit
0x0000000011a2b000 	/usr/lib/libDiagnosticMessagesClient.dylib
0x0000000011a2b000 	/System/Library/Frameworks/CoreServices.framework/Versions/A/CoreServices
0x0000000011a2b000 	/System/Library/PrivateFrameworks/PerformanceAnalysis.framework/Versions/A/PerformanceAnalysis
0x0000000011a2b000 	/System/Library/Frameworks/OpenGL.framework/Versions/A/OpenGL
0x0000000011a2b000 	/System/Library/Frameworks/ColorSync.framework/Versions/A/ColorSync
0x0000000011a2b000 	/System/Library/Frameworks/CoreImage.framework/Versions/A/CoreImage
0x0000000011a2b000 	/System/Library/Frameworks/CoreText.framework/Versions/A/CoreText
0x0000000011a2b000 	/System/Library/Frameworks/ImageIO.framework/Versions/A/ImageIO
0x0000000011a2b000 	/System/Library/PrivateFrameworks/Backup.framework/Versions/A/Backup
0x0000000011a2b000 	/usr/lib/libarchive.2.dylib
0x0000000011a2b000 	/System/Library/Frameworks/CFNetwork.framework/Versions/A/CFNetwork
0x0000000011a2b000 	/System/Library/Frameworks/SystemConfiguration.framework/Versions/A/SystemConfiguration
0x0000000011a2b000 	/usr/lib/libCRFSuite.dylib
0x0000000011a2b000 	/usr/lib/libc++.1.dylib
0x0000000011a2b000 	/usr/lib/libc++abi.dylib
0x0000000011a2b000 	/usr/lib/system/libcache.dylib
0x0000000011a2b000 	/usr/lib/system/libcommonCrypto.dylib
0x0000000011a2b000 	/usr/lib/system/libcompiler_rt.dylib
0x0000000011a2b000 	/usr/lib/system/libcopyfile.dylib
0x0000000011a2b000 	/usr/lib/system/libcorecrypto.dylib
0x0000000011a2b000 	/usr/lib/system/libdispatch.dylib
0x0000000011a2b000 	/usr/lib/system/libdyld.dylib
0x0000000011a2b000 	/usr/lib/system/libkeymgr.dylib
0x0000000011a2b000 	/usr/lib/system/liblaunch.dylib
0x0000000011a2b000 	/usr/lib/system/libmacho.dylib
0x0000000011a2b000 	/usr/lib/system/libquarantine.dylib
0x0000000011a2b000 	/usr/lib/system/libremovefile.dylib
0x0000000011a2b000 	/usr/lib/system/libsystem_asl.dylib
0x0000000011a2b000 	/usr/lib/system/libsystem_blocks.dylib
0x0000000011a2b000 	/usr/lib/system/libsystem_c.dylib
0x0000000011a2b000 	/usr/lib/system/libsystem_configuration.dylib
0x0000000011a2b000 	/usr/lib/system/libsystem_coreservices.dylib
0x0000000011a2b000 	/usr/lib/system/libsystem_darwin.dylib
0x0000000011a2b000 	/usr/lib/system/libsystem_dnssd.dylib
0x0000000011a2b000 	/usr/lib/system/libsystem_info.dylib
0x0000000011a2b000 	/usr/lib/system/libsystem_m.dylib
0x0000000011a2b000 	/usr/lib/system/libsystem_malloc.dylib
0x0000000011a2b000 	/usr/lib/system/libsystem_networkextension.dylib
0x0000000011a2b000 	/usr/lib/system/libsystem_notify.dylib
0x0000000011a2b000 	/usr/lib/system/libsystem_sandbox.dylib
0x0000000011a2b000 	/usr/lib/system/libsystem_secinit.dylib
0x0000000011a2b000 	/usr/lib/system/libsystem_kernel.dylib
0x0000000011a2b000 	/usr/lib/system/libsystem_platform.dylib
0x0000000011a2b000 	/usr/lib/system/libsystem_pthread.dylib
0x0000000011a2b000 	/usr/lib/system/libsystem_symptoms.dylib
0x0000000011a2b000 	/usr/lib/system/libsystem_trace.dylib
0x0000000011a2b000 	/usr/lib/system/libunwind.dylib
0x0000000011a2b000 	/usr/lib/system/libxpc.dylib
0x0000000011a2b000 	/usr/lib/libbsm.0.dylib
0x0000000011a2b000 	/usr/lib/system/libkxld.dylib
0x0000000011a2b000 	/System/Library/PrivateFrameworks/AppleFSCompression.framework/Versions/A/AppleFSCompression
0x0000000011a2b000 	/usr/lib/libOpenScriptingUtil.dylib
0x0000000011a2b000 	/usr/lib/libcoretls.dylib
0x0000000011a2b000 	/usr/lib/libcoretls_cfhelpers.dylib
0x0000000011a2b000 	/usr/lib/libpam.2.dylib
0x0000000011a2b000 	/usr/lib/libsqlite3.dylib
0x0000000011a2b000 	/usr/lib/libxar.1.dylib
0x0000000011a2b000 	/usr/lib/libbz2.1.0.dylib
0x0000000011a2b000 	/usr/lib/liblzma.5.dylib
0x0000000011a2b000 	/usr/lib/libnetwork.dylib
0x0000000011a2b000 	/usr/lib/libapple_nghttp2.dylib
0x0000000011a2b000 	/usr/lib/libpcap.A.dylib
0x0000000011a2b000 	/System/Library/Frameworks/CoreServices.framework/Versions/A/Frameworks/FSEvents.framework/Versions/A/FSEvents
0x0000000011a2b000 	/System/Library/Frameworks/CoreServices.framework/Versions/A/Frameworks/CarbonCore.framework/Versions/A/CarbonCore
0x0000000011a2b000 	/System/Library/Frameworks/CoreServices.framework/Versions/A/Frameworks/Metadata.framework/Versions/A/Metadata
0x0000000011a2b000 	/System/Library/Frameworks/CoreServices.framework/Versions/A/Frameworks/OSServices.framework/Versions/A/OSServices
0x0000000011a2b000 	/System/Library/Frameworks/CoreServices.framework/Versions/A/Frameworks/SearchKit.framework/Versions/A/SearchKit
0x0000000011a2b000 	/System/Library/Frameworks/CoreServices.framework/Versions/A/Frameworks/AE.framework/Versions/A/AE
0x0000000011a2b000 	/System/Library/Frameworks/CoreServices.framework/Versions/A/Frameworks/LaunchServices.framework/Versions/A/LaunchServices
0x0000000011a2b000 	/System/Library/Frameworks/CoreServices.framework/Versions/A/Frameworks/DictionaryServices.framework/Versions/A/DictionaryServices
0x0000000011a2b000 	/System/Library/Frameworks/CoreServices.framework/Versions/A/Frameworks/SharedFileList.framework/Versions/A/SharedFileList
0x0000000011a2b000 	/System/Library/Frameworks/NetFS.framework/Versions/A/NetFS
0x0000000011a2b000 	/System/Library/PrivateFrameworks/NetAuth.framework/Versions/A/NetAuth
0x0000000011a2b000 	/System/Library/PrivateFrameworks/login.framework/Versions/A/Frameworks/loginsupport.framework/Versions/A/loginsupport
0x0000000011a2b000 	/System/Library/PrivateFrameworks/TCC.framework/Versions/A/TCC
0x0000000011a2b000 	/System/Library/PrivateFrameworks/CoreNLP.framework/Versions/A/CoreNLP
0x0000000011a2b000 	/System/Library/PrivateFrameworks/MetadataUtilities.framework/Versions/A/MetadataUtilities
0x0000000011a2b000 	/usr/lib/libmecabra.dylib
0x0000000011a2b000 	/System/Library/Frameworks/ApplicationServices.framework/Versions/A/Frameworks/ATS.framework/Versions/A/ATS
0x0000000011a2b000 	/System/Library/Frameworks/ApplicationServices.framework/Versions/A/Frameworks/ColorSyncLegacy.framework/Versions/A/ColorSyncLegacy
0x0000000011a2b000 	/System/Library/Frameworks/ApplicationServices.framework/Versions/A/Frameworks/HIServices.framework/Versions/A/HIServices
0x0000000011a2b000 	/System/Library/Frameworks/ApplicationServices.framework/Versions/A/Frameworks/LangAnalysis.framework/Versions/A/LangAnalysis
0x0000000011a2b000 	/System/Library/Frameworks/ApplicationServices.framework/Versions/A/Frameworks/PrintCore.framework/Versions/A/PrintCore
0x0000000011a2b000 	/System/Library/Frameworks/ApplicationServices.framework/Versions/A/Frameworks/QD.framework/Versions/A/QD
0x0000000011a2b000 	/System/Library/Frameworks/ApplicationServices.framework/Versions/A/Frameworks/SpeechSynthesis.framework/Versions/A/SpeechSynthesis
0x0000000011a2b000 	/usr/lib/libcompression.dylib
0x0000000011a2b000 	/System/Library/Frameworks/CoreDisplay.framework/Versions/A/CoreDisplay
0x0000000011a2b000 	/System/Library/Frameworks/MetalPerformanceShaders.framework/Versions/A/MetalPerformanceShaders
0x0000000011a2b000 	/System/Library/Frameworks/Accelerate.framework/Versions/A/Frameworks/vImage.framework/Versions/A/vImage
0x0000000011a2b000 	/System/Library/Frameworks/Accelerate.framework/Versions/A/Frameworks/vecLib.framework/Versions/A/vecLib
0x0000000011a2b000 	/System/Library/Frameworks/Accelerate.framework/Versions/A/Frameworks/vecLib.framework/Versions/A/libvMisc.dylib
0x0000000011a2b000 	/System/Library/Frameworks/Accelerate.framework/Versions/A/Frameworks/vecLib.framework/Versions/A/libvDSP.dylib
0x0000000011a2b000 	/System/Library/Frameworks/Accelerate.framework/Versions/A/Frameworks/vecLib.framework/Versions/A/libBLAS.dylib
0x0000000011a2b000 	/System/Library/Frameworks/Accelerate.framework/Versions/A/Frameworks/vecLib.framework/Versions/A/libLAPACK.dylib
0x0000000011a2b000 	/System/Library/Frameworks/Accelerate.framework/Versions/A/Frameworks/vecLib.framework/Versions/A/libLinearAlgebra.dylib
0x0000000011a2b000 	/System/Library/Frameworks/Accelerate.framework/Versions/A/Frameworks/vecLib.framework/Versions/A/libSparseBLAS.dylib
0x0000000011a2b000 	/System/Library/Frameworks/Accelerate.framework/Versions/A/Frameworks/vecLib.framework/Versions/A/libQuadrature.dylib
0x0000000011a2b000 	/System/Library/Frameworks/Accelerate.framework/Versions/A/Frameworks/vecLib.framework/Versions/A/libBNNS.dylib
0x0000000011a2b000 	/System/Library/Frameworks/Accelerate.framework/Versions/A/Frameworks/vecLib.framework/Versions/A/libSparse.dylib
0x0000000011a2b000 	/System/Library/PrivateFrameworks/GPUWrangler.framework/Versions/A/GPUWrangler
0x0000000011a2b000 	/System/Library/PrivateFrameworks/IOAccelerator.framework/Versions/A/IOAccelerator
0x0000000011a2b000 	/System/Library/PrivateFrameworks/IOPresentment.framework/Versions/A/IOPresentment
0x0000000011a2b000 	/System/Library/PrivateFrameworks/DSExternalDisplay.framework/Versions/A/DSExternalDisplay
0x0000000011a2b000 	/System/Library/Frameworks/OpenGL.framework/Versions/A/Libraries/libCoreFSCache.dylib
0x0000000011a2b000 	/System/Library/Frameworks/MetalPerformanceShaders.framework/Frameworks/MPSCore.framework/Versions/A/MPSCore
0x0000000011a2b000 	/System/Library/Frameworks/MetalPerformanceShaders.framework/Frameworks/MPSImage.framework/Versions/A/MPSImage
0x0000000011a2b000 	/System/Library/Frameworks/MetalPerformanceShaders.framework/Frameworks/MPSNeuralNetwork.framework/Versions/A/MPSNeuralNetwork
0x0000000011a2b000 	/System/Library/Frameworks/MetalPerformanceShaders.framework/Frameworks/MPSMatrix.framework/Versions/A/MPSMatrix
0x0000000011a2b000 	/System/Library/Frameworks/MetalPerformanceShaders.framework/Frameworks/MPSRayIntersector.framework/Versions/A/MPSRayIntersector
0x0000000011a2b000 	/System/Library/PrivateFrameworks/MetalTools.framework/Versions/A/MetalTools
0x0000000011a2b000 	/System/Library/PrivateFrameworks/AggregateDictionary.framework/Versions/A/AggregateDictionary
0x0000000011a2b000 	/usr/lib/libMobileGestalt.dylib
0x0000000011a2b000 	/System/Library/Frameworks/CoreVideo.framework/Versions/A/CoreVideo
0x0000000011a2b000 	/System/Library/PrivateFrameworks/GraphVisualizer.framework/Versions/A/GraphVisualizer
0x0000000011a2b000 	/System/Library/PrivateFrameworks/FaceCore.framework/Versions/A/FaceCore
0x0000000011a2b000 	/System/Library/Frameworks/OpenCL.framework/Versions/A/OpenCL
0x0000000011a2b000 	/usr/lib/libFosl_dynamic.dylib
0x0000000011a2b000 	/System/Library/PrivateFrameworks/OTSVG.framework/Versions/A/OTSVG
0x0000000011a2b000 	/System/Library/Frameworks/ApplicationServices.framework/Versions/A/Frameworks/ATS.framework/Versions/A/Resources/libFontParser.dylib
0x0000000011a2b000 	/System/Library/Frameworks/ApplicationServices.framework/Versions/A/Frameworks/ATS.framework/Versions/A/Resources/libFontRegistry.dylib
0x0000000011a2b000 	/System/Library/Frameworks/ImageIO.framework/Versions/A/Resources/libJPEG.dylib
0x0000000011a2b000 	/System/Library/Frameworks/ImageIO.framework/Versions/A/Resources/libTIFF.dylib
0x0000000011a2b000 	/System/Library/Frameworks/ImageIO.framework/Versions/A/Resources/libPng.dylib
0x0000000011a2b000 	/System/Library/Frameworks/ImageIO.framework/Versions/A/Resources/libGIF.dylib
0x0000000011a2b000 	/System/Library/Frameworks/ImageIO.framework/Versions/A/Resources/libJP2.dylib
0x0000000011a2b000 	/System/Library/Frameworks/ImageIO.framework/Versions/A/Resources/libRadiance.dylib
0x0000000011a2b000 	/System/Library/PrivateFrameworks/AppleJPEG.framework/Versions/A/AppleJPEG
0x0000000011a2b000 	/System/Library/Frameworks/OpenGL.framework/Versions/A/Libraries/libGFXShared.dylib
0x0000000011a2b000 	/System/Library/Frameworks/OpenGL.framework/Versions/A/Libraries/libGLU.dylib
0x0000000011a2b000 	/System/Library/Frameworks/OpenGL.framework/Versions/A/Libraries/libGL.dylib
0x0000000011a2b000 	/System/Library/Frameworks/OpenGL.framework/Versions/A/Libraries/libGLImage.dylib
0x0000000011a2b000 	/System/Library/Frameworks/OpenGL.framework/Versions/A/Libraries/libCVMSPluginSupport.dylib
0x0000000011a2b000 	/System/Library/Frameworks/OpenGL.framework/Versions/A/Libraries/libCoreVMClient.dylib
0x0000000011a2b000 	/usr/lib/libcups.2.dylib
0x0000000011a2b000 	/System/Library/Frameworks/Kerberos.framework/Versions/A/Kerberos
0x0000000011a2b000 	/System/Library/Frameworks/GSS.framework/Versions/A/GSS
0x0000000011a2b000 	/usr/lib/libresolv.9.dylib
0x0000000011a2b000 	/usr/lib/libiconv.2.dylib
0x0000000011a2b000 	/System/Library/PrivateFrameworks/Heimdal.framework/Versions/A/Heimdal
0x0000000011a2b000 	/usr/lib/libheimdal-asn1.dylib
0x0000000011a2b000 	/System/Library/Frameworks/OpenDirectory.framework/Versions/A/OpenDirectory
0x0000000011a2b000 	/System/Library/PrivateFrameworks/CommonAuth.framework/Versions/A/CommonAuth
0x0000000011a2b000 	/System/Library/Frameworks/OpenDirectory.framework/Versions/A/Frameworks/CFOpenDirectory.framework/Versions/A/CFOpenDirectory
0x0000000011a2b000 	/System/Library/Frameworks/SecurityFoundation.framework/Versions/A/SecurityFoundation
0x0000000011a2b000 	/System/Library/PrivateFrameworks/APFS.framework/Versions/A/APFS
0x0000000011a2b000 	/usr/lib/libutil.dylib
0x0000000011a2b000 	/usr/lib/libcharset.1.dylib
0x0000000011a2b000 	/System/Library/PrivateFrameworks/AppleSauce.framework/Versions/A/AppleSauce
0x0000000011a2b000 	/System/Library/PrivateFrameworks/AssertionServices.framework/Versions/A/AssertionServices
0x0000000011a2b000 	/System/Library/PrivateFrameworks/BaseBoard.framework/Versions/A/BaseBoard
0x0000000011a2b000 	/usr/lib/libmecab.1.0.0.dylib
0x0000000011a2b000 	/usr/lib/libgermantok.dylib
0x0000000011a2b000 	/usr/lib/libThaiTokenizer.dylib
0x0000000011a2b000 	/usr/lib/libChineseTokenizer.dylib
0x0000000011a2b000 	/System/Library/PrivateFrameworks/LanguageModeling.framework/Versions/A/LanguageModeling
0x0000000011a2b000 	/System/Library/PrivateFrameworks/CoreEmoji.framework/Versions/A/CoreEmoji
0x0000000011a2b000 	/System/Library/PrivateFrameworks/Lexicon.framework/Versions/A/Lexicon
0x0000000011a2b000 	/System/Library/PrivateFrameworks/LinguisticData.framework/Versions/A/LinguisticData
0x0000000011a2b000 	/usr/lib/libcmph.dylib
0x0000000011a2b000 	/System/Library/Frameworks/ServiceManagement.framework/Versions/A/ServiceManagement
0x0000000011a2b000 	/System/Library/PrivateFrameworks/BackgroundTaskManagement.framework/Versions/A/BackgroundTaskManagement
0x0000000011a2b000 	/usr/lib/libxslt.1.dylib
0x0000000011a2b000 	/System/Library/Frameworks/Carbon.framework/Versions/A/Frameworks/Ink.framework/Versions/A/Ink
0x0000000011a2b000 	/System/Library/PrivateFrameworks/TextureIO.framework/Versions/A/TextureIO
0x0000000011a2b000 	/usr/lib/libate.dylib
0x0000000011a2b000 	/System/Library/PrivateFrameworks/CrashReporterSupport.framework/Versions/A/CrashReporterSupport
0x0000000011a2b000 	/System/Library/PrivateFrameworks/Sharing.framework/Versions/A/Sharing
0x0000000011a2b000 	/System/Library/PrivateFrameworks/AuthKit.framework/Versions/A/AuthKit
0x0000000011a2b000 	/System/Library/PrivateFrameworks/Apple80211.framework/Versions/A/Apple80211
0x0000000011a2b000 	/System/Library/PrivateFrameworks/CoreUtils.framework/Versions/A/CoreUtils
0x0000000011a2b000 	/System/Library/Frameworks/CoreWLAN.framework/Versions/A/CoreWLAN
0x0000000011a2b000 	/System/Library/Frameworks/IOBluetooth.framework/Versions/A/IOBluetooth
0x0000000011a2b000 	/System/Library/PrivateFrameworks/ProtocolBuffer.framework/Versions/A/ProtocolBuffer
0x0000000011a2b000 	/System/Library/PrivateFrameworks/MobileKeyBag.framework/Versions/A/MobileKeyBag
0x0000000011a2b000 	/System/Library/PrivateFrameworks/CorePhoneNumbers.framework/Versions/A/CorePhoneNumbers
0x0000000011a2b000 	/System/Library/PrivateFrameworks/AppleIDAuthSupport.framework/Versions/A/AppleIDAuthSupport
0x0000000011a2b000 	/System/Library/PrivateFrameworks/KeychainCircle.framework/Versions/A/KeychainCircle
0x0000000011a2b000 	/System/Library/PrivateFrameworks/ROCKit.framework/Versions/A/ROCKit
0x0000000011a2b000 	/System/Library/PrivateFrameworks/CoreWiFi.framework/Versions/A/CoreWiFi
0x0000000011a2b000 	/System/Library/Frameworks/CoreBluetooth.framework/Versions/A/CoreBluetooth
0x0000000011a2b000 	/System/Library/PrivateFrameworks/DebugSymbols.framework/Versions/A/DebugSymbols
0x0000000011a2b000 	/System/Library/PrivateFrameworks/CoreSymbolication.framework/Versions/A/CoreSymbolication
0x0000000011a2b000 	/System/Library/PrivateFrameworks/Symbolication.framework/Versions/A/Symbolication
0x0000000011a2b000 	/System/Library/PrivateFrameworks/SpeechRecognitionCore.framework/Versions/A/SpeechRecognitionCore
0x000000010c800000 	/Library/Java/JavaVirtualMachines/jdk1.8.0_151.jdk/Contents/Home/jre/lib/server/libjvm.dylib
0x0000000011a2b000 	/usr/lib/libstdc++.6.dylib
0x000000010bf85000 	/Library/Java/JavaVirtualMachines/jdk1.8.0_151.jdk/Contents/Home/jre/lib/libverify.dylib
0x000000010bf93000 	/Library/Java/JavaVirtualMachines/jdk1.8.0_151.jdk/Contents/Home/jre/lib/libjava.dylib
0x000000010bfc9000 	/Library/Java/JavaVirtualMachines/jdk1.8.0_151.jdk/Contents/Home/jre/lib/libinstrument.dylib
0x000000010bff6000 	/Library/Java/JavaVirtualMachines/jdk1.8.0_151.jdk/Contents/Home/jre/lib/libzip.dylib
0x0000000011a2b000 	/System/Library/Frameworks/JavaVM.framework/Versions/A/Frameworks/JavaRuntimeSupport.framework/Versions/A/JavaRuntimeSupport
0x0000000011a2b000 	/System/Library/Frameworks/JavaVM.framework/Versions/A/Frameworks/JavaNativeFoundation.framework/Versions/A/JavaNativeFoundation
0x0000000011a2b000 	/System/Library/Frameworks/JavaVM.framework/Versions/A/JavaVM
0x0000000011a2b000 	/System/Library/Frameworks/Carbon.framework/Versions/A/Carbon
0x0000000011a2b000 	/System/Library/PrivateFrameworks/JavaLaunching.framework/Versions/A/JavaLaunching
0x0000000011a2b000 	/System/Library/Frameworks/Carbon.framework/Versions/A/Frameworks/CommonPanels.framework/Versions/A/CommonPanels
0x0000000011a2b000 	/System/Library/Frameworks/Carbon.framework/Versions/A/Frameworks/Help.framework/Versions/A/Help
0x0000000011a2b000 	/System/Library/Frameworks/Carbon.framework/Versions/A/Frameworks/ImageCapture.framework/Versions/A/ImageCapture
0x0000000011a2b000 	/System/Library/Frameworks/Carbon.framework/Versions/A/Frameworks/OpenScripting.framework/Versions/A/OpenScripting
0x0000000011a2b000 	/System/Library/Frameworks/Carbon.framework/Versions/A/Frameworks/Print.framework/Versions/A/Print
0x0000000011a2b000 	/System/Library/Frameworks/Carbon.framework/Versions/A/Frameworks/SecurityHI.framework/Versions/A/SecurityHI
0x000000012281b000 	/Library/Java/JavaVirtualMachines/jdk1.8.0_151.jdk/Contents/Home/jre/lib/libnet.dylib
0x0000000122910000 	/Library/Java/JavaVirtualMachines/jdk1.8.0_151.jdk/Contents/Home/jre/lib/libprism_es2.dylib
0x0000000011a2b000 	/System/Library/PrivateFrameworks/CoreServicesInternal.framework/Versions/A/CoreServicesInternal
0x0000000011a2b000 	/System/Library/Frameworks/OpenGL.framework/Versions/A/Resources/GLEngine.bundle/GLEngine
0x0000000011a2b000 	/System/Library/Frameworks/OpenGL.framework/Versions/A/Libraries/libGLProgrammability.dylib
0x0000000011a2b000 	/System/Library/Extensions/AppleIntelHD5000GraphicsGLDriver.bundle/Contents/MacOS/AppleIntelHD5000GraphicsGLDriver
0x0000000011a2b000 	/System/Library/PrivateFrameworks/GPUSupport.framework/Versions/A/Libraries/libGPUSupportMercury.dylib
0x0000000011a2b000 	/System/Library/Frameworks/OpenGL.framework/Versions/A/Resources/GLRendererFloat.bundle/GLRendererFloat
0x0000000011a2b000 	/System/Library/Frameworks/OpenCL.framework/Versions/A/Libraries/libcldcpuengine.dylib
0x0000000011a2b000 	/usr/lib/libcrypto.35.dylib
0x0000000011a2b000 	/System/Library/PrivateFrameworks/TrustEvaluationAgent.framework/Versions/A/TrustEvaluationAgent
0x0000000123443000 	/Library/Java/JavaVirtualMachines/jdk1.8.0_151.jdk/Contents/Home/jre/lib/libglass.dylib
0x0000000011a2b000 	/System/Library/CoreServices/RawCamera.bundle/Contents/MacOS/RawCamera
0x0000000011a2b000 	/System/Library/PrivateFrameworks/MobileAsset.framework/Versions/A/MobileAsset
0x0000000011a2b000 	/System/Library/PrivateFrameworks/StreamingZip.framework/Versions/A/StreamingZip
0x0000000011a2b000 	/System/Library/Frameworks/MediaToolbox.framework/Versions/A/MediaToolbox
0x0000000011a2b000 	/System/Library/PrivateFrameworks/CoreAVCHD.framework/Versions/A/CoreAVCHD
0x0000000011a2b000 	/System/Library/Frameworks/MediaAccessibility.framework/Versions/A/MediaAccessibility
0x0000000011a2b000 	/System/Library/PrivateFrameworks/Mangrove.framework/Versions/A/Mangrove
0x0000000011a2b000 	/System/Library/Frameworks/CoreMedia.framework/Versions/A/CoreMedia
0x0000000011a2b000 	/System/Library/Frameworks/VideoToolbox.framework/Versions/A/VideoToolbox
0x0000000011a2b000 	/System/Library/PrivateFrameworks/CoreAUC.framework/Versions/A/CoreAUC
0x0000000011a2b000 	/usr/lib/libspindump.dylib
0x0000000011a2b000 	/System/Library/PrivateFrameworks/AppleVA.framework/Versions/A/AppleVA
0x0000000011a2b000 	/System/Library/Frameworks/Accelerate.framework/Versions/A/Frameworks/vImage.framework/Versions/A/Libraries/libCGInterfaces.dylib
0x0000000011a2b000 	/System/Library/PrivateFrameworks/FamilyControls.framework/Versions/A/FamilyControls
0x0000000011a2b000 	/System/Library/PrivateFrameworks/CommerceKit.framework/Versions/A/Frameworks/CommerceCore.framework/Versions/A/CommerceCore
0x0000000011a2b000 	/System/Library/PrivateFrameworks/SystemAdministration.framework/Versions/A/SystemAdministration
0x0000000011a2b000 	/System/Library/PrivateFrameworks/AppContainer.framework/Versions/A/AppContainer
0x0000000011a2b000 	/System/Library/PrivateFrameworks/AppSandbox.framework/Versions/A/AppSandbox
0x0000000011a2b000 	/System/Library/PrivateFrameworks/SecCodeWrapper.framework/Versions/A/SecCodeWrapper
0x0000000011a2b000 	/usr/lib/libsandbox.1.dylib
0x0000000011a2b000 	/usr/lib/libMatch.1.dylib
0x0000000011a2b000 	/System/Library/PrivateFrameworks/DiskManagement.framework/Versions/A/DiskManagement
0x0000000011a2b000 	/System/Library/Frameworks/DirectoryService.framework/Versions/A/DirectoryService
0x0000000011a2b000 	/System/Library/PrivateFrameworks/DiskImages.framework/Versions/A/DiskImages
0x0000000011a2b000 	/System/Library/PrivateFrameworks/LoginUIKit.framework/Versions/A/Frameworks/LoginUICore.framework/Versions/A/LoginUICore
0x0000000011a2b000 	/usr/lib/libCoreStorage.dylib
0x0000000011a2b000 	/usr/lib/libcsfde.dylib
0x0000000011a2b000 	/usr/lib/libodfde.dylib
0x0000000011a2b000 	/System/Library/PrivateFrameworks/MediaKit.framework/Versions/A/MediaKit
0x0000000011a2b000 	/System/Library/Frameworks/DiscRecording.framework/Versions/A/DiscRecording
0x0000000011a2b000 	/System/Library/PrivateFrameworks/EFILogin.framework/Versions/A/EFILogin
0x0000000011a2b000 	/System/Library/PrivateFrameworks/ProtectedCloudStorage.framework/Versions/A/ProtectedCloudStorage
0x0000000011a2b000 	/usr/lib/libcurl.4.dylib
0x0000000011a2b000 	/usr/lib/libcrypto.42.dylib
0x0000000011a2b000 	/usr/lib/libssl.44.dylib
0x0000000011a2b000 	/System/Library/Frameworks/LDAP.framework/Versions/A/LDAP
0x0000000011a2b000 	/usr/lib/libsasl2.2.dylib
0x0000000011a2b000 	/System/Library/PrivateFrameworks/CoreDaemon.framework/Versions/B/CoreDaemon
0x0000000011a2b000 	/System/Library/PrivateFrameworks/AppleSRP.framework/Versions/A/AppleSRP
0x0000000011a2b000 	/System/Library/PrivateFrameworks/ViewBridge.framework/Versions/A/ViewBridge
0x0000000122bd6000 	/Library/Java/JavaVirtualMachines/jdk1.8.0_151.jdk/Contents/Home/jre/lib/libjavafx_font.dylib
0x0000000122f29000 	/Library/Java/JavaVirtualMachines/jdk1.8.0_151.jdk/Contents/Home/jre/lib/libnio.dylib
0x0000000011a2b000 	/System/Library/Frameworks/ApplicationServices.framework/Versions/A/Frameworks/ATS.framework/Versions/A/Resources/libTrueTypeScaler.dylib
0x00000001247b7000 	/usr/lib/libobjc-trampolines.dylib
0x0000000011a2b000 	/System/Library/Extensions/AppleIntelHD5000GraphicsMTLDriver.bundle/Contents/MacOS/AppleIntelHD5000GraphicsMTLDriver
0x0000000011a2b000 	/System/Library/PrivateFrameworks/GPUCompiler.framework/Versions/3902/Libraries/libmetal_timestamp.dylib
0x0000000124742000 	/Library/Java/JavaVirtualMachines/jdk1.8.0_151.jdk/Contents/Home/jre/lib/libprism_common.dylib
0x0000000011a2b000 	/System/Library/PrivateFrameworks/FinderKit.framework/Versions/A/FinderKit
0x0000000011a2b000 	/System/Library/Frameworks/Quartz.framework/Versions/A/Frameworks/QuickLookUI.framework/Versions/A/QuickLookUI
0x0000000011a2b000 	/System/Library/Frameworks/Quartz.framework/Versions/A/Frameworks/ImageKit.framework/Versions/A/ImageKit
0x0000000011a2b000 	/System/Library/Frameworks/QuickLook.framework/Versions/A/QuickLook
0x0000000011a2b000 	/System/Library/PrivateFrameworks/AppleSystemInfo.framework/Versions/A/AppleSystemInfo
0x0000000011a2b000 	/System/Library/Frameworks/ImageCaptureCore.framework/Versions/A/ImageCaptureCore
0x0000000011a2b000 	/System/Library/PrivateFrameworks/Suggestions.framework/Versions/A/Suggestions
0x0000000011a2b000 	/System/Library/PrivateFrameworks/SidecarUI.framework/Versions/A/SidecarUI
0x0000000011a2b000 	/System/Library/Frameworks/SafariServices.framework/Versions/A/SafariServices
0x0000000011a2b000 	/System/Library/PrivateFrameworks/QuickLookNonBaseSystem.framework/Versions/A/QuickLookNonBaseSystem
0x0000000011a2b000 	/System/Library/Frameworks/QTKit.framework/Versions/A/QTKit
0x0000000011a2b000 	/System/Library/Frameworks/AVFoundation.framework/Versions/A/AVFoundation
0x0000000011a2b000 	/System/Library/PrivateFrameworks/MarkupUI.framework/Versions/A/MarkupUI
0x0000000011a2b000 	/System/Library/Frameworks/Quartz.framework/Versions/A/Quartz
0x0000000011a2b000 	/System/Library/PrivateFrameworks/AnnotationKit.framework/Versions/A/AnnotationKit
0x0000000011a2b000 	/System/Library/PrivateFrameworks/CorePDF.framework/Versions/A/CorePDF
0x0000000011a2b000 	/System/Library/Frameworks/Quartz.framework/Versions/A/Frameworks/QuartzComposer.framework/Versions/A/QuartzComposer
0x0000000011a2b000 	/System/Library/Frameworks/Quartz.framework/Versions/A/Frameworks/PDFKit.framework/Versions/A/PDFKit
0x0000000011a2b000 	/System/Library/Frameworks/Quartz.framework/Versions/A/Frameworks/QuartzFilters.framework/Versions/A/QuartzFilters
0x0000000011a2b000 	/System/Library/Frameworks/JavaScriptCore.framework/Versions/A/JavaScriptCore
0x0000000011a2b000 	/System/Library/PrivateFrameworks/CoreMediaAuthoring.framework/Versions/A/CoreMediaAuthoring
0x0000000011a2b000 	/System/Library/Frameworks/CoreMediaIO.framework/Versions/A/CoreMediaIO
0x0000000011a2b000 	/System/Library/Frameworks/AVFoundation.framework/Versions/A/Frameworks/AVFAudio.framework/Versions/A/AVFAudio
0x0000000011a2b000 	/System/Library/PrivateFrameworks/InternationalSupport.framework/Versions/A/InternationalSupport
0x0000000011a2b000 	/System/Library/PrivateFrameworks/RemoteServiceDiscovery.framework/Versions/A/RemoteServiceDiscovery
0x0000000011a2b000 	/System/Library/PrivateFrameworks/RemoteXPC.framework/Versions/A/RemoteXPC
0x0000000011a2b000 	/System/Library/PrivateFrameworks/DisplayServices.framework/Versions/A/DisplayServices
0x0000000011a2b000 	/System/Library/PrivateFrameworks/QuickLookThumbnailing.framework/Versions/A/QuickLookThumbnailing
0x0000000011a2b000 	/System/Library/PrivateFrameworks/GenerationalStorage.framework/Versions/A/GenerationalStorage
0x0000000011a2b000 	/System/Library/PrivateFrameworks/ChunkingLibrary.framework/Versions/A/ChunkingLibrary
0x0000000011a2b000 	/System/Library/PrivateFrameworks/CoreBrightness.framework/Versions/A/CoreBrightness
0x0000000011a2b000 	/System/Library/PrivateFrameworks/BezelServices.framework/Versions/A/BezelServices
0x0000000011a2b000 	/System/Library/PrivateFrameworks/PencilKit.framework/Versions/A/PencilKit
0x0000000011a2b000 	/System/Library/PrivateFrameworks/CoreHandwriting.framework/Versions/A/CoreHandwriting
0x0000000011a2b000 	/System/Library/Frameworks/MetalKit.framework/Versions/A/MetalKit
0x0000000011a2b000 	/System/Library/Frameworks/CoreML.framework/Versions/A/CoreML
0x0000000011a2b000 	/System/Library/PrivateFrameworks/Espresso.framework/Versions/A/Espresso
0x0000000011a2b000 	/System/Library/PrivateFrameworks/Montreal.framework/Versions/A/Montreal
0x0000000011a2b000 	/System/Library/Frameworks/AddressBook.framework/Versions/A/AddressBook
0x0000000011a2b000 	/System/Library/PrivateFrameworks/ContactsPersistence.framework/Versions/A/ContactsPersistence
0x0000000011a2b000 	/System/Library/PrivateFrameworks/AddressBookCore.framework/Versions/A/AddressBookCore
0x0000000011a2b000 	/System/Library/PrivateFrameworks/CalendarAgentLink.framework/Versions/A/CalendarAgentLink
0x0000000011a2b000 	/System/Library/PrivateFrameworks/ContactsFoundation.framework/Versions/A/ContactsFoundation
0x0000000011a2b000 	/System/Library/PrivateFrameworks/IntlPreferences.framework/Versions/A/IntlPreferences
0x0000000011a2b000 	/System/Library/Frameworks/SecurityInterface.framework/Versions/A/SecurityInterface
0x0000000011a2b000 	/System/Library/PrivateFrameworks/ToneKit.framework/Versions/A/ToneKit
0x0000000011a2b000 	/System/Library/PrivateFrameworks/ToneLibrary.framework/Versions/A/ToneLibrary
0x0000000011a2b000 	/System/Library/PrivateFrameworks/vCard.framework/Versions/A/vCard
0x0000000011a2b000 	/System/Library/Frameworks/Accounts.framework/Versions/A/Accounts
0x0000000011a2b000 	/System/Library/PrivateFrameworks/PhoneNumbers.framework/Versions/A/PhoneNumbers
0x0000000011a2b000 	/System/Library/PrivateFrameworks/login.framework/Versions/A/login
0x0000000011a2b000 	/System/Library/PrivateFrameworks/ApplePushService.framework/Versions/A/ApplePushService
0x0000000011a2b000 	/System/Library/Frameworks/Contacts.framework/Versions/A/Contacts
0x0000000011a2b000 	/System/Library/PrivateFrameworks/CommonUtilities.framework/Versions/A/CommonUtilities
0x0000000011a2b000 	/System/Library/PrivateFrameworks/Bom.framework/Versions/A/Bom
0x0000000011a2b000 	/System/Library/PrivateFrameworks/AppleLDAP.framework/Versions/A/AppleLDAP
0x0000000011a2b000 	/System/Library/PrivateFrameworks/SidecarCore.framework/Versions/A/SidecarCore
0x0000000011a2b000 	/System/Library/PrivateFrameworks/CloudDocs.framework/Versions/A/CloudDocs
0x0000000011a2b000 	/System/Library/PrivateFrameworks/FileProvider.framework/Versions/A/FileProvider
0x0000000011a2b000 	/System/Library/PrivateFrameworks/SpotlightIndex.framework/Versions/A/SpotlightIndex
0x0000000011a2b000 	/System/Library/PrivateFrameworks/SymptomDiagnosticReporter.framework/Versions/A/SymptomDiagnosticReporter
0x0000000011a2b000 	/System/Library/PrivateFrameworks/PowerLog.framework/Versions/A/PowerLog
0x0000000011a2b000 	/System/Library/PrivateFrameworks/CoreAnalytics.framework/Versions/A/CoreAnalytics
0x0000000011a2b000 	/System/Library/PrivateFrameworks/PlugInKit.framework/Versions/A/PlugInKit
0x0000000011a2b000 	/System/Library/PrivateFrameworks/SharePointManagement.framework/Versions/A/SharePointManagement
0x0000000122f73000 	/System/Library/PrivateFrameworks/FileProvider.framework/OverrideBundles/CloudDocsFileProvider.bundle/Contents/MacOS/CloudDocsFileProvider
0x0000000124734000 	/System/Library/PrivateFrameworks/FileProvider.framework/OverrideBundles/FileProviderOverride.bundle/Contents/MacOS/FileProviderOverride
0x0000000125854000 	/System/Library/PrivateFrameworks/FileProvider.framework/OverrideBundles/FinderSyncCollaborationFileProviderOverride.bundle/Contents/MacOS/FinderSyncCollaborationFileProviderOverride
0x0000000011a2b000 	/System/Library/Frameworks/CloudKit.framework/Versions/A/CloudKit
0x0000000011a2b000 	/System/Library/Frameworks/CoreLocation.framework/Versions/A/CoreLocation
0x0000000011a2b000 	/System/Library/PrivateFrameworks/GeoServices.framework/Versions/A/GeoServices
0x000000012b9e5000 	/Library/Java/JavaVirtualMachines/jdk1.8.0_151.jdk/Contents/Home/jre/lib/libawt.dylib
0x000000012ba8d000 	/Library/Java/JavaVirtualMachines/jdk1.8.0_151.jdk/Contents/Home/jre/lib/./libmlib_image.dylib
0x000000012bb59000 	/Library/Java/JavaVirtualMachines/jdk1.8.0_151.jdk/Contents/Home/jre/lib/libawt_lwawt.dylib
0x0000000127288000 	/Library/Java/JavaVirtualMachines/jdk1.8.0_151.jdk/Contents/Home/jre/lib/./libosxapp.dylib
0x0000000011a2b000 	/System/Library/Frameworks/ExceptionHandling.framework/Versions/A/ExceptionHandling
0x000000012b705000 	/Library/Java/JavaVirtualMachines/jdk1.8.0_151.jdk/Contents/Home/jre/lib/libfontmanager.dylib
0x000000017de72000 	/Library/Java/JavaVirtualMachines/jdk1.8.0_151.jdk/Contents/Home/jre/lib/libosxui.dylib
0x000000017e89d000 	/Library/Java/JavaVirtualMachines/jdk1.8.0_151.jdk/Contents/Home/jre/lib/libosx.dylib
0x0000000180528000 	/Library/Java/JavaVirtualMachines/jdk1.8.0_151.jdk/Contents/Home/jre/lib/libdcpr.dylib

VM Arguments:
jvm_args: -javaagent:/Applications/IntelliJ IDEA CE.app/Contents/lib/idea_rt.jar=62135:/Applications/IntelliJ IDEA CE.app/Contents/bin -Dfile.encoding=UTF-8 
java_command: sample.Main
java_class_path (initial): /Library/Java/JavaVirtualMachines/jdk1.8.0_151.jdk/Contents/Home/jre/lib/charsets.jar:/Library/Java/JavaVirtualMachines/jdk1.8.0_151.jdk/Contents/Home/jre/lib/deploy.jar:/Library/Java/JavaVirtualMachines/jdk1.8.0_151.jdk/Contents/Home/jre/lib/ext/cldrdata.jar:/Library/Java/JavaVirtualMachines/jdk1.8.0_151.jdk/Contents/Home/jre/lib/ext/dnsns.jar:/Library/Java/JavaVirtualMachines/jdk1.8.0_151.jdk/Contents/Home/jre/lib/ext/jaccess.jar:/Library/Java/JavaVirtualMachines/jdk1.8.0_151.jdk/Contents/Home/jre/lib/ext/jfxrt.jar:/Library/Java/JavaVirtualMachines/jdk1.8.0_151.jdk/Contents/Home/jre/lib/ext/localedata.jar:/Library/Java/JavaVirtualMachines/jdk1.8.0_151.jdk/Contents/Home/jre/lib/ext/nashorn.jar:/Library/Java/JavaVirtualMachines/jdk1.8.0_151.jdk/Contents/Home/jre/lib/ext/sunec.jar:/Library/Java/JavaVirtualMachines/jdk1.8.0_151.jdk/Contents/Home/jre/lib/ext/sunjce_provider.jar:/Library/Java/JavaVirtualMachines/jdk1.8.0_151.jdk/Contents/Home/jre/lib/ext/sunpkcs11.jar:/Library/Java/JavaVirtualMachines/jdk1.8.0_151.jdk/Contents/Home/jre/lib/ext/zipfs.jar:/Library/Java/JavaVirtualMachines/jdk1.8.0_151.jdk/Contents/Home/jre/lib/javaws.jar:/Library/Java/JavaVirtualMachines/jdk1.8.0_151.jdk/Contents/Home/jre/lib/jce.jar:/Library/Java/JavaVirtualMachines/jdk1.8.0_151.jdk/Contents/Home/jre/lib/jfr.jar:/Library/Java/JavaVirtualMachines/jdk1.8.0_151.jdk/Contents/Home/jre/lib/jfxswt.jar:/Library/Java/JavaVirtualMachines/jdk1.8.0_151.jdk/Contents/Home/jre/lib/jsse.jar:/Library/Java/JavaVirtualMachines/jdk1.8.0_151.jdk/Contents/Home/jre/lib/management-agent.jar:/Library/Java/JavaVirtualMachines/jdk1.8.0_151.jdk/Contents/Home/jre/lib/plugin.jar:/Library/Java/JavaVirtualMachines/jdk1.8.0_151.jdk/Contents/Home/jre/lib/resources.jar:/Library/Java/JavaVirtualMachines/jdk1.8.0_151.jdk/Contents/Home/jre/lib/rt.jar:/Library/Java/JavaVirtualMachines/jdk1.8.0_151.jdk/Contents/Home/lib/ant-javafx.jar:/Library/Java/JavaVirtualMachines/jdk1.8.0_151.jdk/Contents/Home
Launcher Type: SUN_STANDARD

Environment Variables:
PATH=/opt/local/bin:/opt/local/sbin:/Library/Frameworks/Python.framework/Versions/3.6/bin:/usr/local/bin:/usr/bin:/bin:/usr/sbin:/sbin:~/.local/bin:/usr/bin/terraform:/usr/local/share/dotnet:/usr/local/mysql/bin:/Library/Frameworks/Mono.framework/Versions/Current/Commands:/Applications/Wireshark.app/Contents/MacOS:/Applications/Xamarin Workbooks.app/Contents/SharedSupport/path-bin
SHELL=/bin/bash

Signal Handlers:
SIGSEGV: [libjvm.dylib+0x5b27a5], sa_mask[0]=11111111011111110111111111111111, sa_flags=SA_ONSTACK|SA_RESTART|SA_SIGINFO
SIGBUS: [libjvm.dylib+0x5b27a5], sa_mask[0]=11111111011111110111111111111111, sa_flags=SA_RESTART|SA_SIGINFO
SIGFPE: [libjvm.dylib+0x4891c4], sa_mask[0]=11111111011111110111111111111111, sa_flags=SA_RESTART|SA_SIGINFO
SIGPIPE: [libjvm.dylib+0x4891c4], sa_mask[0]=11111111011111110111111111111111, sa_flags=SA_RESTART|SA_SIGINFO
SIGXFSZ: [libjvm.dylib+0x4891c4], sa_mask[0]=11111111011111110111111111111111, sa_flags=SA_RESTART|SA_SIGINFO
SIGILL: [libjvm.dylib+0x4891c4], sa_mask[0]=11111111011111110111111111111111, sa_flags=SA_RESTART|SA_SIGINFO
SIGUSR1: SIG_DFL, sa_mask[0]=00000000000000000000000000000000, sa_flags=none
SIGUSR2: [libjvm.dylib+0x488ce2], sa_mask[0]=00100000000000000000000000000000, sa_flags=SA_RESTART|SA_SIGINFO
SIGHUP: [libjvm.dylib+0x4872b9], sa_mask[0]=11111111011111110111111111111111, sa_flags=SA_RESTART|SA_SIGINFO
SIGINT: [libjvm.dylib+0x4872b9], sa_mask[0]=11111111011111110111111111111111, sa_flags=SA_RESTART|SA_SIGINFO
SIGTERM: [libjvm.dylib+0x4872b9], sa_mask[0]=11111111011111110111111111111111, sa_flags=SA_RESTART|SA_SIGINFO
SIGQUIT: [libjvm.dylib+0x4872b9], sa_mask[0]=11111111011111110111111111111111, sa_flags=SA_RESTART|SA_SIGINFO


---------------  S Y S T E M  ---------------

OS:Bsduname:Darwin 18.2.0 Darwin Kernel Version 18.2.0: Fri Oct  5 19:41:49 PDT 2018; root:xnu-4903.221.2~2/RELEASE_X86_64 x86_64
rlimit: STACK 8192k, CORE 0k, NPROC 709, NOFILE 10240, AS infinity
load average:3.72 3.51 2.64

CPU:total 4 (initial active 4) (2 cores per cpu, 2 threads per core) family 6 model 69 stepping 1, cmov, cx8, fxsr, mmx, sse, sse2, sse3, ssse3, sse4.1, sse4.2, popcnt, avx, avx2, aes, clmul, erms, lzcnt, ht, tsc, tscinvbit, bmi1, bmi2

Memory: 4k page, physical 4194304k(55876k free)

/proc/meminfo:


vm_info: Java HotSpot(TM) 64-Bit Server VM (25.151-b12) for bsd-amd64 JRE (1.8.0_151-b12), built on Sep  5 2017 19:37:08 by "java_re" with gcc 4.2.1 (Based on Apple Inc. build 5658) (LLVM build 2336.11.00)

time: Mon Oct 21 23:55:40 2019
elapsed time: 95 seconds (0d 0h 1m 35s)

