#
# A fatal error has been detected by the Java Runtime Environment:
#
#  SIGSEGV (0xb) at pc=0x000000010b76aa46, pid=5744, tid=0x0000000000000307
#
# JRE version: Java(TM) SE Runtime Environment (8.0_151-b12) (build 1.8.0_151-b12)
# Java VM: Java HotSpot(TM) 64-Bit Server VM (25.151-b12 mixed mode bsd-amd64 compressed oops)
# Problematic frame:
# V  [libjvm.dylib+0x16aa46]  ThreadStateTransition::trans_from_native(JavaThreadState)+0xa
#
# Failed to write core dump. Core dumps have been disabled. To enable core dumping, try "ulimit -c unlimited" before starting Java again
#
# If you would like to submit a bug report, please visit:
#   http://bugreport.java.com/bugreport/crash.jsp
#

---------------  T H R E A D  ---------------

Current thread is native thread

siginfo: si_signo: 11 (SIGSEGV), si_code: 1 (SEGV_MAPERR), si_addr: 0x0000000000000270

Registers:
RAX=0x0000000000000000, RBX=0x0000000000000000, RCX=0x000000010be31500, RDX=0x0000000000000000
RSP=0x00007ffee4ff7340, RBP=0x00007ffee4ff7350, RSI=0x0000000000000006, RDI=0x00007ffee4ff7360
R8 =0x0000000000000000, R9 =0x0000000000000000, R10=0x00007fff94ffded8, R11=0x00007f8d70b8e7a0
R12=0x00007f8d6e91a1f8, R13=0x00007f8d70e4e860, R14=0x00007f8d71dd0f28, R15=0x00007f8d6e91a1f8
RIP=0x000000010b76aa46, EFLAGS=0x0000000000010246, ERR=0x0000000000000006
  TRAPNO=0x000000000000000e

Top of Stack: (sp=0x00007ffee4ff7340)
0x00007ffee4ff7340:   0000000000000000 00007f8d71dd0f28
0x00007ffee4ff7350:   00007ffee4ff7380 000000010b91515e
0x00007ffee4ff7360:   0000000000000000 00007f8d6e4cee70
0x00007ffee4ff7370:   0000000000000008 00007f8d71ab3af0
0x00007ffee4ff7380:   00007ffee4ff73a0 00007fff3fe8be3f
0x00007ffee4ff7390:   00007f8d6e91a1f8 00007f8d72a0b000
0x00007ffee4ff73a0:   00007ffee4ff73c0 00007fff3fe8bc52
0x00007ffee4ff73b0:   00007f8d6e4cee00 00007f8d70bd0880
0x00007ffee4ff73c0:   00007ffee4ff7420 0000000128bd9ff3
0x00007ffee4ff73d0:   00007f8d72a0b000 0000000000000000
0x00007ffee4ff73e0:   40e8536701b27d74 00007f8d6e658ce0
0x00007ffee4ff73f0:   00007ffee4ff7420 00007f8d71ab3af0
0x00007ffee4ff7400:   00007f8d71ab3af0 00007f8d70e4e860
0x00007ffee4ff7410:   00007fff67dd0a00 00007f8d6e658ce0
0x00007ffee4ff7420:   00007ffee4ff74d0 00007fff46d28c5a
0x00007ffee4ff7430:   0000000000000000 0000000000000000
0x00007ffee4ff7440:   00007f8d71ab3af0 0000000000000000
0x00007ffee4ff7450:   000000046f2a5c00 0000000000000000
0x00007ffee4ff7460:   40e8536701b27d74 0000000000000000
0x00007ffee4ff7470:   00007f8d71ab3af0 0000000000000000
0x00007ffee4ff7480:   00007f8d71ab3af0 00007ffee4ff74a8
0x00007ffee4ff7490:   00007ffee4ff74d0 00007fff46d28476
0x00007ffee4ff74a0:   bca9d645a0e100d7 00007fff67dd0a00
0x00007ffee4ff74b0:   0000000000000004 0000000000000000
0x00007ffee4ff74c0:   00007f8d71ab3af0 00007fff39e16115
0x00007ffee4ff74d0:   00007ffee4ff7550 00007fff46d28246
0x00007ffee4ff74e0:   00007ffee4ff7508 4083200000000000
0x00007ffee4ff74f0:   408de00000000000 3ff0000000000000
0x00007ffee4ff7500:   0000000000000000 0000000000000000
0x00007ffee4ff7510:   408de00000000000 4083200000000000
0x00007ffee4ff7520:   bca9d645a0e100d7 00007ffee4ff7620
0x00007ffee4ff7530:   00007f8d70d2eeb0 00007fff67dd0a00 

Instructions: (pc=0x000000010b76aa46)
0x000000010b76aa26:   0e 48 8b 0b 49 8b 56 18 48 63 c0 48 89 0c c2 5b
0x000000010b76aa36:   41 5e 5d c3 90 90 55 48 89 e5 41 56 53 48 8b 1f
0x000000010b76aa46:   c7 83 70 02 00 00 05 00 00 00 48 8d 05 01 81 78
0x000000010b76aa56:   00 8b 00 83 f8 01 41 89 f6 75 0c 48 8d 0d 4e ec 

Register to memory mapping:

RAX=0x0000000000000000 is an unknown value
RBX=0x0000000000000000 is an unknown value
RCX=0x000000010be31500: jni_NativeInterface+0 in /Library/Java/JavaVirtualMachines/jdk1.8.0_151.jdk/Contents/Home/jre/lib/server/libjvm.dylib at 0x000000010b600000
RDX=0x0000000000000000 is an unknown value
RSP=0x00007ffee4ff7340 is an unknown value
RBP=0x00007ffee4ff7350 is an unknown value
RSI=0x0000000000000006 is an unknown value
RDI=0x00007ffee4ff7360 is an unknown value
R8 =0x0000000000000000 is an unknown value
R9 =0x0000000000000000 is an unknown value
R10=0x00007fff94ffded8: OBJC_CLASS_$_JNFWeakJObjectWrapper+0 in /System/Library/Frameworks/JavaVM.framework/Versions/A/Frameworks/JavaNativeFoundation.framework/Versions/A/JavaNativeFoundation at 0x00007fff3fe85000
R11=0x00007f8d70b8e7a0 is an unknown value
R12=0x00007f8d6e91a1f8 is an unknown value
R13=0x00007f8d70e4e860 is an unknown value
R14=0x00007f8d71dd0f28 is a weak global jni handle
R15=0x00007f8d6e91a1f8 is an unknown value


Stack: [0x00007ffee47fc000,0x00007ffee4ffc000],  sp=0x00007ffee4ff7340,  free space=8172k
Native frames: (J=compiled Java code, j=interpreted, Vv=VM code, C=native code)
V  [libjvm.dylib+0x16aa46]  ThreadStateTransition::trans_from_native(JavaThreadState)+0xa
V  [libjvm.dylib+0x31515e]  jni_IsSameObject+0x30
C  [JavaNativeFoundation+0x6e3f]  -[JNFWeakJObjectWrapper _getWithEnv:]+0x26
C  [JavaNativeFoundation+0x6c52]  -[JNFJObjectWrapper jObjectWithEnv:]+0x16
C  [libawt_lwawt.dylib+0x1aff3]  -[CGLLayer drawInCGLContext:pixelFormat:forLayerTime:displayTime:]+0xa4
C  [QuartzCore+0xb1c5a]  CAOpenGLLayerDraw(CAOpenGLLayer*, double, CVTimeStamp const*, unsigned int)+0x7b6
C  [QuartzCore+0xb1246]  -[CAOpenGLLayer _display]+0x243
C  [QuartzCore+0x141a4]  CA::Layer::display_if_needed(CA::Transaction*)+0x27a
C  [QuartzCore+0x242f]  CA::Context::commit_transaction(CA::Transaction*)+0x13f
C  [QuartzCore+0x1d00]  CA::Transaction::commit()+0x240
C  [QuartzCore+0x1a0c]  CA::Transaction::observer_callback(__CFRunLoopObserver*, unsigned long, void*)+0x42
C  [CoreFoundation+0x996ad]  __CFRUNLOOP_IS_CALLING_OUT_TO_AN_OBSERVER_CALLBACK_FUNCTION__+0x17
C  [CoreFoundation+0x995e2]  __CFRunLoopDoObservers+0x1c4
C  [CoreFoundation+0x3b238]  __CFRunLoopRun+0x5bd
C  [CoreFoundation+0x3aa28]  CFRunLoopRunSpecific+0x1cf
C  [java+0x6465]  CreateExecutionEnvironment+0x367
C  [java+0x218c]  JLI_Launch+0x7a0
C  [java+0x84c2]  main+0x65
C  [java+0x19e4]  start+0x34


---------------  P R O C E S S  ---------------

VM state:not at safepoint (normal execution)

VM Mutex/Monitor currently owned by a thread: None

Heap:
 PSYoungGen      total 35328K, used 16911K [0x00000007aab00000, 0x00000007aec00000, 0x00000007c0000000)
  eden space 32768K, 43% used [0x00000007aab00000,0x00000007ab903e08,0x00000007acb00000)
  from space 2560K, 100% used [0x00000007acb00000,0x00000007acd80000,0x00000007acd80000)
  to   space 9216K, 0% used [0x00000007ae300000,0x00000007ae300000,0x00000007aec00000)
 ParOldGen       total 33792K, used 12872K [0x0000000780000000, 0x0000000782100000, 0x00000007aab00000)
  object space 33792K, 38% used [0x0000000780000000,0x0000000780c920f0,0x0000000782100000)
 Metaspace       used 31917K, capacity 34454K, committed 34736K, reserved 1079296K
  class space    used 4722K, capacity 5210K, committed 5296K, reserved 1048576K

Card table byte_map: [0x000000010c967000,0x000000010cb68000] byte_map_base: 0x0000000108d67000

Marking Bits: (ParMarkBitMap*) 0x000000010bef35d0
 Begin Bits: [0x000000010ccbe000, 0x000000010dcbe000)
 End Bits:   [0x000000010dcbe000, 0x000000010ecbe000)

Polling page: 0x000000010ac72000

CodeCache: size=245760Kb used=11357Kb max_used=11369Kb free=234402Kb
 bounds [0x0000000117e93000, 0x00000001189c3000, 0x0000000126e93000]
 total_blobs=4756 nmethods=3876 adapters=792
 compilation: enabled

Compilation events (10 events):
Event: 42.657 Thread 0x00007f8d7005d800 4128       1       sun.font.SunFontManager::usingPerAppContextComposites (5 bytes)
Event: 42.657 Thread 0x00007f8d7005d800 nmethod 4128 0x00000001189aa4d0 code [0x00000001189aa620, 0x00000001189aa730]
Event: 42.657 Thread 0x00007f8d7005d800 4129       1       java.awt.Font::getStyle (5 bytes)
Event: 42.658 Thread 0x00007f8d7005d800 nmethod 4129 0x00000001189aa210 code [0x00000001189aa360, 0x00000001189aa470]
Event: 42.659 Thread 0x00007f8d7005d800 4131       3       javax.swing.RepaintManager::getDelegate (14 bytes)
Event: 42.659 Thread 0x00007f8d7005d800 nmethod 4131 0x00000001189a9e10 code [0x00000001189a9f80, 0x00000001189aa168]
Event: 42.659 Thread 0x00007f8d7005d800 4130       3       sun.java2d.SunGraphics2D::translate (68 bytes)
Event: 42.660 Thread 0x00007f8d7005d800 nmethod 4130 0x00000001189a9850 code [0x00000001189a99e0, 0x00000001189a9d18]
Event: 42.660 Thread 0x00007f8d7005d800 4132       3       com.sun.java.swing.SwingUtilities3::getDelegateRepaintManager (73 bytes)
Event: 42.661 Thread 0x00007f8d7005d800 nmethod 4132 0x00000001189aacd0 code [0x00000001189aaf00, 0x00000001189abef8]

GC Heap History (10 events):
Event: 3.598 GC heap before
{Heap before GC invocations=2 (full 0):
 PSYoungGen      total 18944K, used 18328K [0x00000007aab00000, 0x00000007ac000000, 0x00000007c0000000)
  eden space 16384K, 100% used [0x00000007aab00000,0x00000007abb00000,0x00000007abb00000)
  from space 2560K, 75% used [0x00000007abb00000,0x00000007abce61d8,0x00000007abd80000)
  to   space 2560K, 0% used [0x00000007abd80000,0x00000007abd80000,0x00000007ac000000)
 ParOldGen       total 44032K, used 72K [0x0000000780000000, 0x0000000782b00000, 0x00000007aab00000)
  object space 44032K, 0% used [0x0000000780000000,0x0000000780012010,0x0000000782b00000)
 Metaspace       used 13227K, capacity 13648K, committed 13952K, reserved 1060864K
  class space    used 1691K, capacity 1815K, committed 1920K, reserved 1048576K
Event: 3.618 GC heap after
Heap after GC invocations=2 (full 0):
 PSYoungGen      total 18944K, used 2528K [0x00000007aab00000, 0x00000007ac000000, 0x00000007c0000000)
  eden space 16384K, 0% used [0x00000007aab00000,0x00000007aab00000,0x00000007abb00000)
  from space 2560K, 98% used [0x00000007abd80000,0x00000007abff8030,0x00000007ac000000)
  to   space 2560K, 0% used [0x00000007abb00000,0x00000007abb00000,0x00000007abd80000)
 ParOldGen       total 44032K, used 2361K [0x0000000780000000, 0x0000000782b00000, 0x00000007aab00000)
  object space 44032K, 5% used [0x0000000780000000,0x000000078024e6d8,0x0000000782b00000)
 Metaspace       used 13227K, capacity 13648K, committed 13952K, reserved 1060864K
  class space    used 1691K, capacity 1815K, committed 1920K, reserved 1048576K
}
Event: 4.095 GC heap before
{Heap before GC invocations=3 (full 0):
 PSYoungGen      total 18944K, used 18912K [0x00000007aab00000, 0x00000007ac000000, 0x00000007c0000000)
  eden space 16384K, 100% used [0x00000007aab00000,0x00000007abb00000,0x00000007abb00000)
  from space 2560K, 98% used [0x00000007abd80000,0x00000007abff8030,0x00000007ac000000)
  to   space 2560K, 0% used [0x00000007abb00000,0x00000007abb00000,0x00000007abd80000)
 ParOldGen       total 44032K, used 2361K [0x0000000780000000, 0x0000000782b00000, 0x00000007aab00000)
  object space 44032K, 5% used [0x0000000780000000,0x000000078024e6d8,0x0000000782b00000)
 Metaspace       used 16922K, capacity 18176K, committed 18432K, reserved 1064960K
  class space    used 2461K, capacity 2753K, committed 2816K, reserved 1048576K
Event: 4.103 GC heap after
Heap after GC invocations=3 (full 0):
 PSYoungGen      total 18944K, used 2528K [0x00000007aab00000, 0x00000007ad000000, 0x00000007c0000000)
  eden space 16384K, 0% used [0x00000007aab00000,0x00000007aab00000,0x00000007abb00000)
  from space 2560K, 98% used [0x00000007abb00000,0x00000007abd78050,0x00000007abd80000)
  to   space 2560K, 0% used [0x00000007acd80000,0x00000007acd80000,0x00000007ad000000)
 ParOldGen       total 44032K, used 4269K [0x0000000780000000, 0x0000000782b00000, 0x00000007aab00000)
  object space 44032K, 9% used [0x0000000780000000,0x000000078042b5e8,0x0000000782b00000)
 Metaspace       used 16922K, capacity 18176K, committed 18432K, reserved 1064960K
  class space    used 2461K, capacity 2753K, committed 2816K, reserved 1048576K
}
Event: 4.616 GC heap before
{Heap before GC invocations=4 (full 0):
 PSYoungGen      total 18944K, used 13805K [0x00000007aab00000, 0x00000007ad000000, 0x00000007c0000000)
  eden space 16384K, 68% used [0x00000007aab00000,0x00000007ab6033e0,0x00000007abb00000)
  from space 2560K, 98% used [0x00000007abb00000,0x00000007abd78050,0x00000007abd80000)
  to   space 2560K, 0% used [0x00000007acd80000,0x00000007acd80000,0x00000007ad000000)
 ParOldGen       total 44032K, used 4269K [0x0000000780000000, 0x0000000782b00000, 0x00000007aab00000)
  object space 44032K, 9% used [0x0000000780000000,0x000000078042b5e8,0x0000000782b00000)
 Metaspace       used 19652K, capacity 21236K, committed 21296K, reserved 1067008K
  class space    used 2980K, capacity 3329K, committed 3376K, reserved 1048576K
Event: 4.642 GC heap after
Heap after GC invocations=4 (full 0):
 PSYoungGen      total 35328K, used 2544K [0x00000007aab00000, 0x00000007ad000000, 0x00000007c0000000)
  eden space 32768K, 0% used [0x00000007aab00000,0x00000007aab00000,0x00000007acb00000)
  from space 2560K, 99% used [0x00000007acd80000,0x00000007acffc020,0x00000007ad000000)
  to   space 2560K, 0% used [0x00000007acb00000,0x00000007acb00000,0x00000007acd80000)
 ParOldGen       total 44032K, used 5314K [0x0000000780000000, 0x0000000782b00000, 0x00000007aab00000)
  object space 44032K, 12% used [0x0000000780000000,0x0000000780530b48,0x0000000782b00000)
 Metaspace       used 19652K, capacity 21236K, committed 21296K, reserved 1067008K
  class space    used 2980K, capacity 3329K, committed 3376K, reserved 1048576K
}
Event: 4.642 GC heap before
{Heap before GC invocations=5 (full 1):
 PSYoungGen      total 35328K, used 2544K [0x00000007aab00000, 0x00000007ad000000, 0x00000007c0000000)
  eden space 32768K, 0% used [0x00000007aab00000,0x00000007aab00000,0x00000007acb00000)
  from space 2560K, 99% used [0x00000007acd80000,0x00000007acffc020,0x00000007ad000000)
  to   space 2560K, 0% used [0x00000007acb00000,0x00000007acb00000,0x00000007acd80000)
 ParOldGen       total 44032K, used 5314K [0x0000000780000000, 0x0000000782b00000, 0x00000007aab00000)
  object space 44032K, 12% used [0x0000000780000000,0x0000000780530b48,0x0000000782b00000)
 Metaspace       used 19652K, capacity 21236K, committed 21296K, reserved 1067008K
  class space    used 2980K, capacity 3329K, committed 3376K, reserved 1048576K
Event: 4.726 GC heap after
Heap after GC invocations=5 (full 1):
 PSYoungGen      total 35328K, used 0K [0x00000007aab00000, 0x00000007ad000000, 0x00000007c0000000)
  eden space 32768K, 0% used [0x00000007aab00000,0x00000007aab00000,0x00000007acb00000)
  from space 2560K, 0% used [0x00000007acd80000,0x00000007acd80000,0x00000007ad000000)
  to   space 2560K, 0% used [0x00000007acb00000,0x00000007acb00000,0x00000007acd80000)
 ParOldGen       total 33792K, used 6255K [0x0000000780000000, 0x0000000782100000, 0x00000007aab00000)
  object space 33792K, 18% used [0x0000000780000000,0x000000078061be00,0x0000000782100000)
 Metaspace       used 19652K, capacity 21236K, committed 21296K, reserved 1067008K
  class space    used 2980K, capacity 3329K, committed 3376K, reserved 1048576K
}
Event: 17.485 GC heap before
{Heap before GC invocations=6 (full 1):
 PSYoungGen      total 35328K, used 32768K [0x00000007aab00000, 0x00000007ad000000, 0x00000007c0000000)
  eden space 32768K, 100% used [0x00000007aab00000,0x00000007acb00000,0x00000007acb00000)
  from space 2560K, 0% used [0x00000007acd80000,0x00000007acd80000,0x00000007ad000000)
  to   space 2560K, 0% used [0x00000007acb00000,0x00000007acb00000,0x00000007acd80000)
 ParOldGen       total 33792K, used 6255K [0x0000000780000000, 0x0000000782100000, 0x00000007aab00000)
  object space 33792K, 18% used [0x0000000780000000,0x000000078061be00,0x0000000782100000)
 Metaspace       used 29798K, capacity 32068K, committed 32176K, reserved 1077248K
  class space    used 4485K, capacity 4939K, committed 5040K, reserved 1048576K
Event: 17.498 GC heap after
Heap after GC invocations=6 (full 1):
 PSYoungGen      total 35328K, used 2560K [0x00000007aab00000, 0x00000007aec00000, 0x00000007c0000000)
  eden space 32768K, 0% used [0x00000007aab00000,0x00000007aab00000,0x00000007acb00000)
  from space 2560K, 100% used [0x00000007acb00000,0x00000007acd80000,0x00000007acd80000)
  to   space 9216K, 0% used [0x00000007ae300000,0x00000007ae300000,0x00000007aec00000)
 ParOldGen       total 33792K, used 12872K [0x0000000780000000, 0x0000000782100000, 0x00000007aab00000)
  object space 33792K, 38% used [0x0000000780000000,0x0000000780c920f0,0x0000000782100000)
 Metaspace       used 29798K, capacity 32068K, committed 32176K, reserved 1077248K
  class space    used 4485K, capacity 4939K, committed 5040K, reserved 1048576K
}

Deoptimization events (10 events):
Event: 17.448 Thread 0x00007f8d6e91a000 Uncommon trap: reason=class_check action=maybe_recompile pc=0x0000000118346a14 method=java.io.FilterInputStream.read()I @ 4
Event: 17.448 Thread 0x00007f8d6e91a000 Uncommon trap: reason=class_check action=maybe_recompile pc=0x0000000118346a14 method=java.io.FilterInputStream.read()I @ 4
Event: 17.474 Thread 0x00007f8d6e91a000 Uncommon trap: reason=array_check action=maybe_recompile pc=0x000000011863fdf8 method=com.sun.javafx.css.SimpleSelector.applies(Ljavafx/css/Styleable;[Ljava/util/Set;I)Z @ 37
Event: 17.474 Thread 0x00007f8d6e91a000 Uncommon trap: reason=array_check action=maybe_recompile pc=0x000000011863fdf8 method=com.sun.javafx.css.SimpleSelector.applies(Ljavafx/css/Styleable;[Ljava/util/Set;I)Z @ 37
Event: 17.474 Thread 0x00007f8d6e91a000 Uncommon trap: reason=array_check action=maybe_recompile pc=0x000000011863fdf8 method=com.sun.javafx.css.SimpleSelector.applies(Ljavafx/css/Styleable;[Ljava/util/Set;I)Z @ 37
Event: 17.474 Thread 0x00007f8d6e91a000 Uncommon trap: reason=array_check action=maybe_recompile pc=0x000000011863fdf8 method=com.sun.javafx.css.SimpleSelector.applies(Ljavafx/css/Styleable;[Ljava/util/Set;I)Z @ 37
Event: 17.517 Thread 0x00007f8d6e91a000 Uncommon trap: reason=unstable_if action=reinterpret pc=0x00000001186264d4 method=com.sun.javafx.css.BitSet.addAll(Ljava/util/Collection;)Z @ 1
Event: 17.520 Thread 0x00007f8d6e91a000 Uncommon trap: reason=unstable_if action=reinterpret pc=0x0000000117fa0eb4 method=javafx.scene.Node.updateLocalToParentTransform()V @ 4
Event: 25.677 Thread 0x00007f8d6e91a000 Uncommon trap: reason=unstable_if action=reinterpret pc=0x00000001183c973c method=com.sun.javafx.css.BitSet.add(Ljava/lang/Object;)Z @ 91
Event: 25.689 Thread 0x00007f8d6e91a000 Uncommon trap: reason=unstable_if action=reinterpret pc=0x00000001184e7dec method=java.util.HashMap.removeNode(ILjava/lang/Object;Ljava/lang/Object;ZZ)Ljava/util/HashMap$Node; @ 46

Internal exceptions (10 events):
Event: 5.545 Thread 0x00007f8d6e91a000 Implicit null exception at 0x000000011846514b to 0x00000001184658e1
Event: 7.667 Thread 0x00007f8d6e91a000 Exception <a 'java/io/FileNotFoundException'> (0x00000007abf127b0) thrown at [/Users/java_re/workspace/8-2-build-macosx-x86_64/jdk8u151/9699/hotspot/src/share/vm/prims/jni.cpp, line 709]
Event: 7.667 Thread 0x00007f8d6e91a000 Exception <a 'java/io/FileNotFoundException'> (0x00000007abf136b8) thrown at [/Users/java_re/workspace/8-2-build-macosx-x86_64/jdk8u151/9699/hotspot/src/share/vm/prims/jni.cpp, line 709]
Event: 13.749 Thread 0x00007f8d6fb5b000 Implicit null exception at 0x0000000118147cb3 to 0x0000000118148091
Event: 13.750 Thread 0x00007f8d6fb5b000 Implicit null exception at 0x00000001180bcdb6 to 0x00000001180bd175
Event: 17.406 Thread 0x00007f8d6e91a000 Exception <a 'java/lang/NoSuchMethodError': java.lang.Object.lambda$multiPlainChanges$0(Lorg/fxmisc/richtext/model/RichTextChange;)Z> (0x00000007ac951538) thrown at [/Users/java_re/workspace/8-2-build-macosx-x86_64/jdk8u151/9699/hotspot/src/share/vm/inter
Event: 17.407 Thread 0x00007f8d6e91a000 Exception <a 'java/lang/NoSuchMethodError': java.lang.Object.lambda$multiPlainChanges$1(I)[Lorg/fxmisc/richtext/model/PlainTextChange;> (0x00000007ac958820) thrown at [/Users/java_re/workspace/8-2-build-macosx-x86_64/jdk8u151/9699/hotspot/src/share/vm/int
Event: 17.517 Thread 0x00007f8d6e91a000 Implicit null exception at 0x0000000118625f11 to 0x00000001186264bd
Event: 23.524 Thread 0x00007f8d6e91a000 Exception <a 'java/lang/NoSuchMethodError': java.lang.Object.lambda$pApply$0(Ljava/lang/Object;Ljava/lang/Object;Ljava/lang/Object;)Ljava/lang/Object;> (0x00000007aafe57a0) thrown at [/Users/java_re/workspace/8-2-build-macosx-x86_64/jdk8u151/9699/hotspot/
Event: 24.496 Thread 0x00007f8d6e91a000 Exception <a 'java/lang/NoSuchMethodError': java.lang.Object.lambda$multi$1(I)[Lorg/reactfx/Subscription;> (0x00000007ab37f8f0) thrown at [/Users/java_re/workspace/8-2-build-macosx-x86_64/jdk8u151/9699/hotspot/src/share/vm/interpreter/linkResolver.cpp, li

Events (10 events):
Event: 42.648 loading class javafx/application/Application done
Event: 42.660 loading class com/sun/javafx/tk/quantum/QuantumRenderer
Event: 42.660 loading class com/sun/javafx/tk/quantum/QuantumRenderer done
Event: 42.661 loading class com/sun/javafx/tk/quantum/QuantumToolkit
Event: 42.661 loading class com/sun/javafx/tk/quantum/QuantumToolkit done
Event: 42.661 Thread 0x00007f8d7006c000 Thread exited: 0x00007f8d7006c000
Event: 42.661 Thread 0x00007f8d70077000 Thread exited: 0x00007f8d70077000
Event: 42.661 Thread 0x00007f8d6e91a000 Thread exited: 0x00007f8d6e91a000
Event: 42.662 Thread 0x00007f8d70002000 Thread exited: 0x00007f8d70002000
Event: 42.662 Thread 0x00007f8d70002000 Thread added: 0x00007f8d70002000


Dynamic libraries:
0x0000000011a2b000 	/System/Library/Frameworks/Cocoa.framework/Versions/A/Cocoa
0x0000000011a2b000 	/System/Library/Frameworks/Security.framework/Versions/A/Security
0x0000000011a2b000 	/System/Library/Frameworks/ApplicationServices.framework/Versions/A/ApplicationServices
0x0000000011a2b000 	/usr/lib/libz.1.dylib
0x0000000011a2b000 	/usr/lib/libSystem.B.dylib
0x0000000011a2b000 	/usr/lib/libobjc.A.dylib
0x0000000011a2b000 	/System/Library/Frameworks/CoreFoundation.framework/Versions/A/CoreFoundation
0x0000000011a2b000 	/System/Library/Frameworks/Foundation.framework/Versions/C/Foundation
0x0000000011a2b000 	/System/Library/Frameworks/AppKit.framework/Versions/C/AppKit
0x0000000011a2b000 	/System/Library/Frameworks/CoreData.framework/Versions/A/CoreData
0x0000000011a2b000 	/System/Library/PrivateFrameworks/RemoteViewServices.framework/Versions/A/RemoteViewServices
0x0000000011a2b000 	/System/Library/PrivateFrameworks/UIFoundation.framework/Versions/A/UIFoundation
0x0000000011a2b000 	/System/Library/PrivateFrameworks/XCTTargetBootstrap.framework/Versions/A/XCTTargetBootstrap
0x0000000011a2b000 	/System/Library/PrivateFrameworks/IconServices.framework/Versions/A/IconServices
0x0000000011a2b000 	/System/Library/Frameworks/Metal.framework/Versions/A/Metal
0x0000000011a2b000 	/System/Library/PrivateFrameworks/DesktopServicesPriv.framework/Versions/A/DesktopServicesPriv
0x0000000011a2b000 	/usr/lib/libenergytrace.dylib
0x0000000011a2b000 	/System/Library/PrivateFrameworks/SkyLight.framework/Versions/A/SkyLight
0x0000000011a2b000 	/System/Library/Frameworks/CoreGraphics.framework/Versions/A/CoreGraphics
0x0000000011a2b000 	/System/Library/Frameworks/Accelerate.framework/Versions/A/Accelerate
0x0000000011a2b000 	/System/Library/Frameworks/IOSurface.framework/Versions/A/IOSurface
0x0000000011a2b000 	/System/Library/PrivateFrameworks/DFRFoundation.framework/Versions/A/DFRFoundation
0x0000000011a2b000 	/System/Library/Frameworks/AudioToolbox.framework/Versions/A/AudioToolbox
0x0000000011a2b000 	/System/Library/Frameworks/AudioUnit.framework/Versions/A/AudioUnit
0x0000000011a2b000 	/System/Library/PrivateFrameworks/DataDetectorsCore.framework/Versions/A/DataDetectorsCore
0x0000000011a2b000 	/System/Library/Frameworks/Carbon.framework/Versions/A/Frameworks/HIToolbox.framework/Versions/A/HIToolbox
0x0000000011a2b000 	/usr/lib/libicucore.A.dylib
0x0000000011a2b000 	/System/Library/Frameworks/QuartzCore.framework/Versions/A/QuartzCore
0x0000000011a2b000 	/System/Library/Frameworks/Carbon.framework/Versions/A/Frameworks/SpeechRecognition.framework/Versions/A/SpeechRecognition
0x0000000011a2b000 	/usr/lib/libauto.dylib
0x0000000011a2b000 	/usr/lib/libxml2.2.dylib
0x0000000011a2b000 	/System/Library/PrivateFrameworks/CoreUI.framework/Versions/A/CoreUI
0x0000000011a2b000 	/System/Library/Frameworks/CoreAudio.framework/Versions/A/CoreAudio
0x0000000011a2b000 	/System/Library/Frameworks/DiskArbitration.framework/Versions/A/DiskArbitration
0x0000000011a2b000 	/usr/lib/liblangid.dylib
0x0000000011a2b000 	/System/Library/PrivateFrameworks/MultitouchSupport.framework/Versions/A/MultitouchSupport
0x0000000011a2b000 	/System/Library/Frameworks/IOKit.framework/Versions/A/IOKit
0x0000000011a2b000 	/usr/lib/libDiagnosticMessagesClient.dylib
0x0000000011a2b000 	/System/Library/Frameworks/CoreServices.framework/Versions/A/CoreServices
0x0000000011a2b000 	/System/Library/PrivateFrameworks/PerformanceAnalysis.framework/Versions/A/PerformanceAnalysis
0x0000000011a2b000 	/System/Library/Frameworks/OpenGL.framework/Versions/A/OpenGL
0x0000000011a2b000 	/System/Library/Frameworks/ColorSync.framework/Versions/A/ColorSync
0x0000000011a2b000 	/System/Library/Frameworks/CoreImage.framework/Versions/A/CoreImage
0x0000000011a2b000 	/System/Library/Frameworks/CoreText.framework/Versions/A/CoreText
0x0000000011a2b000 	/System/Library/Frameworks/ImageIO.framework/Versions/A/ImageIO
0x0000000011a2b000 	/System/Library/PrivateFrameworks/Backup.framework/Versions/A/Backup
0x0000000011a2b000 	/usr/lib/libarchive.2.dylib
0x0000000011a2b000 	/System/Library/Frameworks/CFNetwork.framework/Versions/A/CFNetwork
0x0000000011a2b000 	/System/Library/Frameworks/SystemConfiguration.framework/Versions/A/SystemConfiguration
0x0000000011a2b000 	/usr/lib/libCRFSuite.dylib
0x0000000011a2b000 	/usr/lib/libc++.1.dylib
0x0000000011a2b000 	/usr/lib/libc++abi.dylib
0x0000000011a2b000 	/usr/lib/system/libcache.dylib
0x0000000011a2b000 	/usr/lib/system/libcommonCrypto.dylib
0x0000000011a2b000 	/usr/lib/system/libcompiler_rt.dylib
0x0000000011a2b000 	/usr/lib/system/libcopyfile.dylib
0x0000000011a2b000 	/usr/lib/system/libcorecrypto.dylib
0x0000000011a2b000 	/usr/lib/system/libdispatch.dylib
0x0000000011a2b000 	/usr/lib/system/libdyld.dylib
0x0000000011a2b000 	/usr/lib/system/libkeymgr.dylib
0x0000000011a2b000 	/usr/lib/system/liblaunch.dylib
0x0000000011a2b000 	/usr/lib/system/libmacho.dylib
0x0000000011a2b000 	/usr/lib/system/libquarantine.dylib
0x0000000011a2b000 	/usr/lib/system/libremovefile.dylib
0x0000000011a2b000 	/usr/lib/system/libsystem_asl.dylib
0x0000000011a2b000 	/usr/lib/system/libsystem_blocks.dylib
0x0000000011a2b000 	/usr/lib/system/libsystem_c.dylib
0x0000000011a2b000 	/usr/lib/system/libsystem_configuration.dylib
0x0000000011a2b000 	/usr/lib/system/libsystem_coreservices.dylib
0x0000000011a2b000 	/usr/lib/system/libsystem_darwin.dylib
0x0000000011a2b000 	/usr/lib/system/libsystem_dnssd.dylib
0x0000000011a2b000 	/usr/lib/system/libsystem_info.dylib
0x0000000011a2b000 	/usr/lib/system/libsystem_m.dylib
0x0000000011a2b000 	/usr/lib/system/libsystem_malloc.dylib
0x0000000011a2b000 	/usr/lib/system/libsystem_networkextension.dylib
0x0000000011a2b000 	/usr/lib/system/libsystem_notify.dylib
0x0000000011a2b000 	/usr/lib/system/libsystem_sandbox.dylib
0x0000000011a2b000 	/usr/lib/system/libsystem_secinit.dylib
0x0000000011a2b000 	/usr/lib/system/libsystem_kernel.dylib
0x0000000011a2b000 	/usr/lib/system/libsystem_platform.dylib
0x0000000011a2b000 	/usr/lib/system/libsystem_pthread.dylib
0x0000000011a2b000 	/usr/lib/system/libsystem_symptoms.dylib
0x0000000011a2b000 	/usr/lib/system/libsystem_trace.dylib
0x0000000011a2b000 	/usr/lib/system/libunwind.dylib
0x0000000011a2b000 	/usr/lib/system/libxpc.dylib
0x0000000011a2b000 	/usr/lib/libbsm.0.dylib
0x0000000011a2b000 	/usr/lib/system/libkxld.dylib
0x0000000011a2b000 	/System/Library/PrivateFrameworks/AppleFSCompression.framework/Versions/A/AppleFSCompression
0x0000000011a2b000 	/usr/lib/libOpenScriptingUtil.dylib
0x0000000011a2b000 	/usr/lib/libcoretls.dylib
0x0000000011a2b000 	/usr/lib/libcoretls_cfhelpers.dylib
0x0000000011a2b000 	/usr/lib/libpam.2.dylib
0x0000000011a2b000 	/usr/lib/libsqlite3.dylib
0x0000000011a2b000 	/usr/lib/libxar.1.dylib
0x0000000011a2b000 	/usr/lib/libbz2.1.0.dylib
0x0000000011a2b000 	/usr/lib/liblzma.5.dylib
0x0000000011a2b000 	/usr/lib/libnetwork.dylib
0x0000000011a2b000 	/usr/lib/libapple_nghttp2.dylib
0x0000000011a2b000 	/usr/lib/libpcap.A.dylib
0x0000000011a2b000 	/System/Library/Frameworks/CoreServices.framework/Versions/A/Frameworks/FSEvents.framework/Versions/A/FSEvents
0x0000000011a2b000 	/System/Library/Frameworks/CoreServices.framework/Versions/A/Frameworks/CarbonCore.framework/Versions/A/CarbonCore
0x0000000011a2b000 	/System/Library/Frameworks/CoreServices.framework/Versions/A/Frameworks/Metadata.framework/Versions/A/Metadata
0x0000000011a2b000 	/System/Library/Frameworks/CoreServices.framework/Versions/A/Frameworks/OSServices.framework/Versions/A/OSServices
0x0000000011a2b000 	/System/Library/Frameworks/CoreServices.framework/Versions/A/Frameworks/SearchKit.framework/Versions/A/SearchKit
0x0000000011a2b000 	/System/Library/Frameworks/CoreServices.framework/Versions/A/Frameworks/AE.framework/Versions/A/AE
0x0000000011a2b000 	/System/Library/Frameworks/CoreServices.framework/Versions/A/Frameworks/LaunchServices.framework/Versions/A/LaunchServices
0x0000000011a2b000 	/System/Library/Frameworks/CoreServices.framework/Versions/A/Frameworks/DictionaryServices.framework/Versions/A/DictionaryServices
0x0000000011a2b000 	/System/Library/Frameworks/CoreServices.framework/Versions/A/Frameworks/SharedFileList.framework/Versions/A/SharedFileList
0x0000000011a2b000 	/System/Library/Frameworks/NetFS.framework/Versions/A/NetFS
0x0000000011a2b000 	/System/Library/PrivateFrameworks/NetAuth.framework/Versions/A/NetAuth
0x0000000011a2b000 	/System/Library/PrivateFrameworks/login.framework/Versions/A/Frameworks/loginsupport.framework/Versions/A/loginsupport
0x0000000011a2b000 	/System/Library/PrivateFrameworks/TCC.framework/Versions/A/TCC
0x0000000011a2b000 	/System/Library/PrivateFrameworks/CoreNLP.framework/Versions/A/CoreNLP
0x0000000011a2b000 	/System/Library/PrivateFrameworks/MetadataUtilities.framework/Versions/A/MetadataUtilities
0x0000000011a2b000 	/usr/lib/libmecabra.dylib
0x0000000011a2b000 	/System/Library/Frameworks/ApplicationServices.framework/Versions/A/Frameworks/ATS.framework/Versions/A/ATS
0x0000000011a2b000 	/System/Library/Frameworks/ApplicationServices.framework/Versions/A/Frameworks/ColorSyncLegacy.framework/Versions/A/ColorSyncLegacy
0x0000000011a2b000 	/System/Library/Frameworks/ApplicationServices.framework/Versions/A/Frameworks/HIServices.framework/Versions/A/HIServices
0x0000000011a2b000 	/System/Library/Frameworks/ApplicationServices.framework/Versions/A/Frameworks/LangAnalysis.framework/Versions/A/LangAnalysis
0x0000000011a2b000 	/System/Library/Frameworks/ApplicationServices.framework/Versions/A/Frameworks/PrintCore.framework/Versions/A/PrintCore
0x0000000011a2b000 	/System/Library/Frameworks/ApplicationServices.framework/Versions/A/Frameworks/QD.framework/Versions/A/QD
0x0000000011a2b000 	/System/Library/Frameworks/ApplicationServices.framework/Versions/A/Frameworks/SpeechSynthesis.framework/Versions/A/SpeechSynthesis
0x0000000011a2b000 	/usr/lib/libcompression.dylib
0x0000000011a2b000 	/System/Library/Frameworks/CoreDisplay.framework/Versions/A/CoreDisplay
0x0000000011a2b000 	/System/Library/Frameworks/MetalPerformanceShaders.framework/Versions/A/MetalPerformanceShaders
0x0000000011a2b000 	/System/Library/Frameworks/Accelerate.framework/Versions/A/Frameworks/vImage.framework/Versions/A/vImage
0x0000000011a2b000 	/System/Library/Frameworks/Accelerate.framework/Versions/A/Frameworks/vecLib.framework/Versions/A/vecLib
0x0000000011a2b000 	/System/Library/Frameworks/Accelerate.framework/Versions/A/Frameworks/vecLib.framework/Versions/A/libvMisc.dylib
0x0000000011a2b000 	/System/Library/Frameworks/Accelerate.framework/Versions/A/Frameworks/vecLib.framework/Versions/A/libvDSP.dylib
0x0000000011a2b000 	/System/Library/Frameworks/Accelerate.framework/Versions/A/Frameworks/vecLib.framework/Versions/A/libBLAS.dylib
0x0000000011a2b000 	/System/Library/Frameworks/Accelerate.framework/Versions/A/Frameworks/vecLib.framework/Versions/A/libLAPACK.dylib
0x0000000011a2b000 	/System/Library/Frameworks/Accelerate.framework/Versions/A/Frameworks/vecLib.framework/Versions/A/libLinearAlgebra.dylib
0x0000000011a2b000 	/System/Library/Frameworks/Accelerate.framework/Versions/A/Frameworks/vecLib.framework/Versions/A/libSparseBLAS.dylib
0x0000000011a2b000 	/System/Library/Frameworks/Accelerate.framework/Versions/A/Frameworks/vecLib.framework/Versions/A/libQuadrature.dylib
0x0000000011a2b000 	/System/Library/Frameworks/Accelerate.framework/Versions/A/Frameworks/vecLib.framework/Versions/A/libBNNS.dylib
0x0000000011a2b000 	/System/Library/Frameworks/Accelerate.framework/Versions/A/Frameworks/vecLib.framework/Versions/A/libSparse.dylib
0x0000000011a2b000 	/System/Library/PrivateFrameworks/GPUWrangler.framework/Versions/A/GPUWrangler
0x0000000011a2b000 	/System/Library/PrivateFrameworks/IOAccelerator.framework/Versions/A/IOAccelerator
0x0000000011a2b000 	/System/Library/PrivateFrameworks/IOPresentment.framework/Versions/A/IOPresentment
0x0000000011a2b000 	/System/Library/PrivateFrameworks/DSExternalDisplay.framework/Versions/A/DSExternalDisplay
0x0000000011a2b000 	/System/Library/Frameworks/OpenGL.framework/Versions/A/Libraries/libCoreFSCache.dylib
0x0000000011a2b000 	/System/Library/Frameworks/MetalPerformanceShaders.framework/Frameworks/MPSCore.framework/Versions/A/MPSCore
0x0000000011a2b000 	/System/Library/Frameworks/MetalPerformanceShaders.framework/Frameworks/MPSImage.framework/Versions/A/MPSImage
0x0000000011a2b000 	/System/Library/Frameworks/MetalPerformanceShaders.framework/Frameworks/MPSNeuralNetwork.framework/Versions/A/MPSNeuralNetwork
0x0000000011a2b000 	/System/Library/Frameworks/MetalPerformanceShaders.framework/Frameworks/MPSMatrix.framework/Versions/A/MPSMatrix
0x0000000011a2b000 	/System/Library/Frameworks/MetalPerformanceShaders.framework/Frameworks/MPSRayIntersector.framework/Versions/A/MPSRayIntersector
0x0000000011a2b000 	/System/Library/PrivateFrameworks/MetalTools.framework/Versions/A/MetalTools
0x0000000011a2b000 	/System/Library/PrivateFrameworks/AggregateDictionary.framework/Versions/A/AggregateDictionary
0x0000000011a2b000 	/usr/lib/libMobileGestalt.dylib
0x0000000011a2b000 	/System/Library/Frameworks/CoreVideo.framework/Versions/A/CoreVideo
0x0000000011a2b000 	/System/Library/PrivateFrameworks/GraphVisualizer.framework/Versions/A/GraphVisualizer
0x0000000011a2b000 	/System/Library/PrivateFrameworks/FaceCore.framework/Versions/A/FaceCore
0x0000000011a2b000 	/System/Library/Frameworks/OpenCL.framework/Versions/A/OpenCL
0x0000000011a2b000 	/usr/lib/libFosl_dynamic.dylib
0x0000000011a2b000 	/System/Library/PrivateFrameworks/OTSVG.framework/Versions/A/OTSVG
0x0000000011a2b000 	/System/Library/Frameworks/ApplicationServices.framework/Versions/A/Frameworks/ATS.framework/Versions/A/Resources/libFontParser.dylib
0x0000000011a2b000 	/System/Library/Frameworks/ApplicationServices.framework/Versions/A/Frameworks/ATS.framework/Versions/A/Resources/libFontRegistry.dylib
0x0000000011a2b000 	/System/Library/Frameworks/ImageIO.framework/Versions/A/Resources/libJPEG.dylib
0x0000000011a2b000 	/System/Library/Frameworks/ImageIO.framework/Versions/A/Resources/libTIFF.dylib
0x0000000011a2b000 	/System/Library/Frameworks/ImageIO.framework/Versions/A/Resources/libPng.dylib
0x0000000011a2b000 	/System/Library/Frameworks/ImageIO.framework/Versions/A/Resources/libGIF.dylib
0x0000000011a2b000 	/System/Library/Frameworks/ImageIO.framework/Versions/A/Resources/libJP2.dylib
0x0000000011a2b000 	/System/Library/Frameworks/ImageIO.framework/Versions/A/Resources/libRadiance.dylib
0x0000000011a2b000 	/System/Library/PrivateFrameworks/AppleJPEG.framework/Versions/A/AppleJPEG
0x0000000011a2b000 	/System/Library/Frameworks/OpenGL.framework/Versions/A/Libraries/libGFXShared.dylib
0x0000000011a2b000 	/System/Library/Frameworks/OpenGL.framework/Versions/A/Libraries/libGLU.dylib
0x0000000011a2b000 	/System/Library/Frameworks/OpenGL.framework/Versions/A/Libraries/libGL.dylib
0x0000000011a2b000 	/System/Library/Frameworks/OpenGL.framework/Versions/A/Libraries/libGLImage.dylib
0x0000000011a2b000 	/System/Library/Frameworks/OpenGL.framework/Versions/A/Libraries/libCVMSPluginSupport.dylib
0x0000000011a2b000 	/System/Library/Frameworks/OpenGL.framework/Versions/A/Libraries/libCoreVMClient.dylib
0x0000000011a2b000 	/usr/lib/libcups.2.dylib
0x0000000011a2b000 	/System/Library/Frameworks/Kerberos.framework/Versions/A/Kerberos
0x0000000011a2b000 	/System/Library/Frameworks/GSS.framework/Versions/A/GSS
0x0000000011a2b000 	/usr/lib/libresolv.9.dylib
0x0000000011a2b000 	/usr/lib/libiconv.2.dylib
0x0000000011a2b000 	/System/Library/PrivateFrameworks/Heimdal.framework/Versions/A/Heimdal
0x0000000011a2b000 	/usr/lib/libheimdal-asn1.dylib
0x0000000011a2b000 	/System/Library/Frameworks/OpenDirectory.framework/Versions/A/OpenDirectory
0x0000000011a2b000 	/System/Library/PrivateFrameworks/CommonAuth.framework/Versions/A/CommonAuth
0x0000000011a2b000 	/System/Library/Frameworks/OpenDirectory.framework/Versions/A/Frameworks/CFOpenDirectory.framework/Versions/A/CFOpenDirectory
0x0000000011a2b000 	/System/Library/Frameworks/SecurityFoundation.framework/Versions/A/SecurityFoundation
0x0000000011a2b000 	/System/Library/PrivateFrameworks/APFS.framework/Versions/A/APFS
0x0000000011a2b000 	/usr/lib/libutil.dylib
0x0000000011a2b000 	/usr/lib/libcharset.1.dylib
0x0000000011a2b000 	/System/Library/PrivateFrameworks/AppleSauce.framework/Versions/A/AppleSauce
0x0000000011a2b000 	/System/Library/PrivateFrameworks/AssertionServices.framework/Versions/A/AssertionServices
0x0000000011a2b000 	/System/Library/PrivateFrameworks/BaseBoard.framework/Versions/A/BaseBoard
0x0000000011a2b000 	/usr/lib/libmecab.1.0.0.dylib
0x0000000011a2b000 	/usr/lib/libgermantok.dylib
0x0000000011a2b000 	/usr/lib/libThaiTokenizer.dylib
0x0000000011a2b000 	/usr/lib/libChineseTokenizer.dylib
0x0000000011a2b000 	/System/Library/PrivateFrameworks/LanguageModeling.framework/Versions/A/LanguageModeling
0x0000000011a2b000 	/System/Library/PrivateFrameworks/CoreEmoji.framework/Versions/A/CoreEmoji
0x0000000011a2b000 	/System/Library/PrivateFrameworks/Lexicon.framework/Versions/A/Lexicon
0x0000000011a2b000 	/System/Library/PrivateFrameworks/LinguisticData.framework/Versions/A/LinguisticData
0x0000000011a2b000 	/usr/lib/libcmph.dylib
0x0000000011a2b000 	/System/Library/Frameworks/ServiceManagement.framework/Versions/A/ServiceManagement
0x0000000011a2b000 	/System/Library/PrivateFrameworks/BackgroundTaskManagement.framework/Versions/A/BackgroundTaskManagement
0x0000000011a2b000 	/usr/lib/libxslt.1.dylib
0x0000000011a2b000 	/System/Library/Frameworks/Carbon.framework/Versions/A/Frameworks/Ink.framework/Versions/A/Ink
0x0000000011a2b000 	/System/Library/PrivateFrameworks/TextureIO.framework/Versions/A/TextureIO
0x0000000011a2b000 	/usr/lib/libate.dylib
0x0000000011a2b000 	/System/Library/PrivateFrameworks/CrashReporterSupport.framework/Versions/A/CrashReporterSupport
0x0000000011a2b000 	/System/Library/PrivateFrameworks/Sharing.framework/Versions/A/Sharing
0x0000000011a2b000 	/System/Library/PrivateFrameworks/AuthKit.framework/Versions/A/AuthKit
0x0000000011a2b000 	/System/Library/PrivateFrameworks/Apple80211.framework/Versions/A/Apple80211
0x0000000011a2b000 	/System/Library/PrivateFrameworks/CoreUtils.framework/Versions/A/CoreUtils
0x0000000011a2b000 	/System/Library/Frameworks/CoreWLAN.framework/Versions/A/CoreWLAN
0x0000000011a2b000 	/System/Library/Frameworks/IOBluetooth.framework/Versions/A/IOBluetooth
0x0000000011a2b000 	/System/Library/PrivateFrameworks/ProtocolBuffer.framework/Versions/A/ProtocolBuffer
0x0000000011a2b000 	/System/Library/PrivateFrameworks/MobileKeyBag.framework/Versions/A/MobileKeyBag
0x0000000011a2b000 	/System/Library/PrivateFrameworks/CorePhoneNumbers.framework/Versions/A/CorePhoneNumbers
0x0000000011a2b000 	/System/Library/PrivateFrameworks/AppleIDAuthSupport.framework/Versions/A/AppleIDAuthSupport
0x0000000011a2b000 	/System/Library/PrivateFrameworks/KeychainCircle.framework/Versions/A/KeychainCircle
0x0000000011a2b000 	/System/Library/PrivateFrameworks/ROCKit.framework/Versions/A/ROCKit
0x0000000011a2b000 	/System/Library/PrivateFrameworks/CoreWiFi.framework/Versions/A/CoreWiFi
0x0000000011a2b000 	/System/Library/Frameworks/CoreBluetooth.framework/Versions/A/CoreBluetooth
0x0000000011a2b000 	/System/Library/PrivateFrameworks/DebugSymbols.framework/Versions/A/DebugSymbols
0x0000000011a2b000 	/System/Library/PrivateFrameworks/CoreSymbolication.framework/Versions/A/CoreSymbolication
0x0000000011a2b000 	/System/Library/PrivateFrameworks/Symbolication.framework/Versions/A/Symbolication
0x0000000011a2b000 	/System/Library/PrivateFrameworks/SpeechRecognitionCore.framework/Versions/A/SpeechRecognitionCore
0x000000010b600000 	/Library/Java/JavaVirtualMachines/jdk1.8.0_151.jdk/Contents/Home/jre/lib/server/libjvm.dylib
0x0000000011a2b000 	/usr/lib/libstdc++.6.dylib
0x000000010ac2f000 	/Library/Java/JavaVirtualMachines/jdk1.8.0_151.jdk/Contents/Home/jre/lib/libverify.dylib
0x000000010ac3d000 	/Library/Java/JavaVirtualMachines/jdk1.8.0_151.jdk/Contents/Home/jre/lib/libjava.dylib
0x000000010ac73000 	/Library/Java/JavaVirtualMachines/jdk1.8.0_151.jdk/Contents/Home/jre/lib/libinstrument.dylib
0x000000010ad11000 	/Library/Java/JavaVirtualMachines/jdk1.8.0_151.jdk/Contents/Home/jre/lib/libzip.dylib
0x0000000011a2b000 	/System/Library/Frameworks/JavaVM.framework/Versions/A/Frameworks/JavaRuntimeSupport.framework/Versions/A/JavaRuntimeSupport
0x0000000011a2b000 	/System/Library/Frameworks/JavaVM.framework/Versions/A/Frameworks/JavaNativeFoundation.framework/Versions/A/JavaNativeFoundation
0x0000000011a2b000 	/System/Library/Frameworks/JavaVM.framework/Versions/A/JavaVM
0x0000000011a2b000 	/System/Library/Frameworks/Carbon.framework/Versions/A/Carbon
0x0000000011a2b000 	/System/Library/PrivateFrameworks/JavaLaunching.framework/Versions/A/JavaLaunching
0x0000000011a2b000 	/System/Library/Frameworks/Carbon.framework/Versions/A/Frameworks/CommonPanels.framework/Versions/A/CommonPanels
0x0000000011a2b000 	/System/Library/Frameworks/Carbon.framework/Versions/A/Frameworks/Help.framework/Versions/A/Help
0x0000000011a2b000 	/System/Library/Frameworks/Carbon.framework/Versions/A/Frameworks/ImageCapture.framework/Versions/A/ImageCapture
0x0000000011a2b000 	/System/Library/Frameworks/Carbon.framework/Versions/A/Frameworks/OpenScripting.framework/Versions/A/OpenScripting
0x0000000011a2b000 	/System/Library/Frameworks/Carbon.framework/Versions/A/Frameworks/Print.framework/Versions/A/Print
0x0000000011a2b000 	/System/Library/Frameworks/Carbon.framework/Versions/A/Frameworks/SecurityHI.framework/Versions/A/SecurityHI
0x00000001123e3000 	/Library/Java/JavaVirtualMachines/jdk1.8.0_151.jdk/Contents/Home/jre/lib/libnet.dylib
0x00000001124d8000 	/Library/Java/JavaVirtualMachines/jdk1.8.0_151.jdk/Contents/Home/jre/lib/libprism_es2.dylib
0x0000000011a2b000 	/System/Library/PrivateFrameworks/CoreServicesInternal.framework/Versions/A/CoreServicesInternal
0x0000000011a2b000 	/System/Library/Frameworks/OpenGL.framework/Versions/A/Resources/GLEngine.bundle/GLEngine
0x0000000011a2b000 	/System/Library/Frameworks/OpenGL.framework/Versions/A/Libraries/libGLProgrammability.dylib
0x0000000011a2b000 	/System/Library/Extensions/AppleIntelHD5000GraphicsGLDriver.bundle/Contents/MacOS/AppleIntelHD5000GraphicsGLDriver
0x0000000011a2b000 	/System/Library/PrivateFrameworks/GPUSupport.framework/Versions/A/Libraries/libGPUSupportMercury.dylib
0x0000000011a2b000 	/System/Library/Frameworks/OpenGL.framework/Versions/A/Resources/GLRendererFloat.bundle/GLRendererFloat
0x0000000011a2b000 	/System/Library/Frameworks/OpenCL.framework/Versions/A/Libraries/libcldcpuengine.dylib
0x0000000011a2b000 	/usr/lib/libcrypto.35.dylib
0x0000000011a2b000 	/System/Library/PrivateFrameworks/TrustEvaluationAgent.framework/Versions/A/TrustEvaluationAgent
0x000000011300c000 	/Library/Java/JavaVirtualMachines/jdk1.8.0_151.jdk/Contents/Home/jre/lib/libglass.dylib
0x0000000011a2b000 	/System/Library/CoreServices/RawCamera.bundle/Contents/MacOS/RawCamera
0x0000000011a2b000 	/System/Library/PrivateFrameworks/MobileAsset.framework/Versions/A/MobileAsset
0x0000000011a2b000 	/System/Library/PrivateFrameworks/StreamingZip.framework/Versions/A/StreamingZip
0x0000000011a2b000 	/System/Library/Frameworks/MediaToolbox.framework/Versions/A/MediaToolbox
0x0000000011a2b000 	/System/Library/PrivateFrameworks/CoreAVCHD.framework/Versions/A/CoreAVCHD
0x0000000011a2b000 	/System/Library/Frameworks/MediaAccessibility.framework/Versions/A/MediaAccessibility
0x0000000011a2b000 	/System/Library/PrivateFrameworks/Mangrove.framework/Versions/A/Mangrove
0x0000000011a2b000 	/System/Library/Frameworks/CoreMedia.framework/Versions/A/CoreMedia
0x0000000011a2b000 	/System/Library/Frameworks/VideoToolbox.framework/Versions/A/VideoToolbox
0x0000000011a2b000 	/System/Library/PrivateFrameworks/CoreAUC.framework/Versions/A/CoreAUC
0x0000000011a2b000 	/usr/lib/libspindump.dylib
0x0000000011a2b000 	/System/Library/PrivateFrameworks/AppleVA.framework/Versions/A/AppleVA
0x0000000011a2b000 	/System/Library/Frameworks/Accelerate.framework/Versions/A/Frameworks/vImage.framework/Versions/A/Libraries/libCGInterfaces.dylib
0x0000000011a2b000 	/System/Library/PrivateFrameworks/FamilyControls.framework/Versions/A/FamilyControls
0x0000000011a2b000 	/System/Library/PrivateFrameworks/CommerceKit.framework/Versions/A/Frameworks/CommerceCore.framework/Versions/A/CommerceCore
0x0000000011a2b000 	/System/Library/PrivateFrameworks/SystemAdministration.framework/Versions/A/SystemAdministration
0x0000000011a2b000 	/System/Library/PrivateFrameworks/AppContainer.framework/Versions/A/AppContainer
0x0000000011a2b000 	/System/Library/PrivateFrameworks/AppSandbox.framework/Versions/A/AppSandbox
0x0000000011a2b000 	/System/Library/PrivateFrameworks/SecCodeWrapper.framework/Versions/A/SecCodeWrapper
0x0000000011a2b000 	/usr/lib/libsandbox.1.dylib
0x0000000011a2b000 	/usr/lib/libMatch.1.dylib
0x0000000011a2b000 	/System/Library/PrivateFrameworks/DiskManagement.framework/Versions/A/DiskManagement
0x0000000011a2b000 	/System/Library/Frameworks/DirectoryService.framework/Versions/A/DirectoryService
0x0000000011a2b000 	/System/Library/PrivateFrameworks/DiskImages.framework/Versions/A/DiskImages
0x0000000011a2b000 	/System/Library/PrivateFrameworks/LoginUIKit.framework/Versions/A/Frameworks/LoginUICore.framework/Versions/A/LoginUICore
0x0000000011a2b000 	/usr/lib/libCoreStorage.dylib
0x0000000011a2b000 	/usr/lib/libcsfde.dylib
0x0000000011a2b000 	/usr/lib/libodfde.dylib
0x0000000011a2b000 	/System/Library/PrivateFrameworks/MediaKit.framework/Versions/A/MediaKit
0x0000000011a2b000 	/System/Library/Frameworks/DiscRecording.framework/Versions/A/DiscRecording
0x0000000011a2b000 	/System/Library/PrivateFrameworks/EFILogin.framework/Versions/A/EFILogin
0x0000000011a2b000 	/System/Library/PrivateFrameworks/ProtectedCloudStorage.framework/Versions/A/ProtectedCloudStorage
0x0000000011a2b000 	/usr/lib/libcurl.4.dylib
0x0000000011a2b000 	/usr/lib/libcrypto.42.dylib
0x0000000011a2b000 	/usr/lib/libssl.44.dylib
0x0000000011a2b000 	/System/Library/Frameworks/LDAP.framework/Versions/A/LDAP
0x0000000011a2b000 	/usr/lib/libsasl2.2.dylib
0x0000000011a2b000 	/System/Library/PrivateFrameworks/CoreDaemon.framework/Versions/B/CoreDaemon
0x0000000011a2b000 	/System/Library/PrivateFrameworks/AppleSRP.framework/Versions/A/AppleSRP
0x0000000011a2b000 	/System/Library/PrivateFrameworks/ViewBridge.framework/Versions/A/ViewBridge
0x000000011279f000 	/Library/Java/JavaVirtualMachines/jdk1.8.0_151.jdk/Contents/Home/jre/lib/libjavafx_font.dylib
0x0000000115864000 	/Library/Java/JavaVirtualMachines/jdk1.8.0_151.jdk/Contents/Home/jre/lib/libnio.dylib
0x0000000011a2b000 	/System/Library/Frameworks/ApplicationServices.framework/Versions/A/Frameworks/ATS.framework/Versions/A/Resources/libTrueTypeScaler.dylib
0x0000000116488000 	/usr/lib/libobjc-trampolines.dylib
0x0000000128881000 	/Library/Java/JavaVirtualMachines/jdk1.8.0_151.jdk/Contents/Home/jre/lib/libprism_common.dylib
0x0000000011a2b000 	/System/Library/Extensions/AppleIntelHD5000GraphicsMTLDriver.bundle/Contents/MacOS/AppleIntelHD5000GraphicsMTLDriver
0x0000000011a2b000 	/System/Library/PrivateFrameworks/GPUCompiler.framework/Versions/3902/Libraries/libmetal_timestamp.dylib
0x0000000116fad000 	/Library/Java/JavaVirtualMachines/jdk1.8.0_151.jdk/Contents/Home/jre/lib/libawt.dylib
0x0000000117055000 	/Library/Java/JavaVirtualMachines/jdk1.8.0_151.jdk/Contents/Home/jre/lib/./libmlib_image.dylib
0x0000000128bbf000 	/Library/Java/JavaVirtualMachines/jdk1.8.0_151.jdk/Contents/Home/jre/lib/libawt_lwawt.dylib
0x0000000112b04000 	/Library/Java/JavaVirtualMachines/jdk1.8.0_151.jdk/Contents/Home/jre/lib/./libosxapp.dylib
0x0000000011a2b000 	/System/Library/Frameworks/ExceptionHandling.framework/Versions/A/ExceptionHandling
0x0000000116d9d000 	/Library/Java/JavaVirtualMachines/jdk1.8.0_151.jdk/Contents/Home/jre/lib/libfontmanager.dylib
0x000000017bcec000 	/Library/Java/JavaVirtualMachines/jdk1.8.0_151.jdk/Contents/Home/jre/lib/libosxui.dylib
0x000000017c814000 	/Library/Java/JavaVirtualMachines/jdk1.8.0_151.jdk/Contents/Home/jre/lib/libosx.dylib
0x0000000129e3b000 	/Library/Java/JavaVirtualMachines/jdk1.8.0_151.jdk/Contents/Home/jre/lib/libdcpr.dylib
0x0000000011a2b000 	/System/Library/PrivateFrameworks/FinderKit.framework/Versions/A/FinderKit
0x0000000011a2b000 	/System/Library/Frameworks/Quartz.framework/Versions/A/Frameworks/QuickLookUI.framework/Versions/A/QuickLookUI
0x0000000011a2b000 	/System/Library/Frameworks/Quartz.framework/Versions/A/Frameworks/ImageKit.framework/Versions/A/ImageKit
0x0000000011a2b000 	/System/Library/Frameworks/QuickLook.framework/Versions/A/QuickLook
0x0000000011a2b000 	/System/Library/PrivateFrameworks/AppleSystemInfo.framework/Versions/A/AppleSystemInfo
0x0000000011a2b000 	/System/Library/Frameworks/ImageCaptureCore.framework/Versions/A/ImageCaptureCore
0x0000000011a2b000 	/System/Library/PrivateFrameworks/Suggestions.framework/Versions/A/Suggestions
0x0000000011a2b000 	/System/Library/PrivateFrameworks/SidecarUI.framework/Versions/A/SidecarUI
0x0000000011a2b000 	/System/Library/Frameworks/SafariServices.framework/Versions/A/SafariServices
0x0000000011a2b000 	/System/Library/PrivateFrameworks/QuickLookNonBaseSystem.framework/Versions/A/QuickLookNonBaseSystem
0x0000000011a2b000 	/System/Library/Frameworks/QTKit.framework/Versions/A/QTKit
0x0000000011a2b000 	/System/Library/Frameworks/AVFoundation.framework/Versions/A/AVFoundation
0x0000000011a2b000 	/System/Library/PrivateFrameworks/MarkupUI.framework/Versions/A/MarkupUI
0x0000000011a2b000 	/System/Library/Frameworks/Quartz.framework/Versions/A/Quartz
0x0000000011a2b000 	/System/Library/PrivateFrameworks/AnnotationKit.framework/Versions/A/AnnotationKit
0x0000000011a2b000 	/System/Library/PrivateFrameworks/CorePDF.framework/Versions/A/CorePDF
0x0000000011a2b000 	/System/Library/Frameworks/Quartz.framework/Versions/A/Frameworks/QuartzComposer.framework/Versions/A/QuartzComposer
0x0000000011a2b000 	/System/Library/Frameworks/Quartz.framework/Versions/A/Frameworks/PDFKit.framework/Versions/A/PDFKit
0x0000000011a2b000 	/System/Library/Frameworks/Quartz.framework/Versions/A/Frameworks/QuartzFilters.framework/Versions/A/QuartzFilters
0x0000000011a2b000 	/System/Library/Frameworks/JavaScriptCore.framework/Versions/A/JavaScriptCore
0x0000000011a2b000 	/System/Library/PrivateFrameworks/CoreMediaAuthoring.framework/Versions/A/CoreMediaAuthoring
0x0000000011a2b000 	/System/Library/Frameworks/CoreMediaIO.framework/Versions/A/CoreMediaIO
0x0000000011a2b000 	/System/Library/Frameworks/AVFoundation.framework/Versions/A/Frameworks/AVFAudio.framework/Versions/A/AVFAudio
0x0000000011a2b000 	/System/Library/PrivateFrameworks/InternationalSupport.framework/Versions/A/InternationalSupport
0x0000000011a2b000 	/System/Library/PrivateFrameworks/RemoteServiceDiscovery.framework/Versions/A/RemoteServiceDiscovery
0x0000000011a2b000 	/System/Library/PrivateFrameworks/RemoteXPC.framework/Versions/A/RemoteXPC
0x0000000011a2b000 	/System/Library/PrivateFrameworks/DisplayServices.framework/Versions/A/DisplayServices
0x0000000011a2b000 	/System/Library/PrivateFrameworks/QuickLookThumbnailing.framework/Versions/A/QuickLookThumbnailing
0x0000000011a2b000 	/System/Library/PrivateFrameworks/GenerationalStorage.framework/Versions/A/GenerationalStorage
0x0000000011a2b000 	/System/Library/PrivateFrameworks/ChunkingLibrary.framework/Versions/A/ChunkingLibrary
0x0000000011a2b000 	/System/Library/PrivateFrameworks/CoreBrightness.framework/Versions/A/CoreBrightness
0x0000000011a2b000 	/System/Library/PrivateFrameworks/BezelServices.framework/Versions/A/BezelServices
0x0000000011a2b000 	/System/Library/PrivateFrameworks/PencilKit.framework/Versions/A/PencilKit
0x0000000011a2b000 	/System/Library/PrivateFrameworks/CoreHandwriting.framework/Versions/A/CoreHandwriting
0x0000000011a2b000 	/System/Library/Frameworks/MetalKit.framework/Versions/A/MetalKit
0x0000000011a2b000 	/System/Library/Frameworks/CoreML.framework/Versions/A/CoreML
0x0000000011a2b000 	/System/Library/PrivateFrameworks/Espresso.framework/Versions/A/Espresso
0x0000000011a2b000 	/System/Library/PrivateFrameworks/Montreal.framework/Versions/A/Montreal
0x0000000011a2b000 	/System/Library/Frameworks/AddressBook.framework/Versions/A/AddressBook
0x0000000011a2b000 	/System/Library/PrivateFrameworks/ContactsPersistence.framework/Versions/A/ContactsPersistence
0x0000000011a2b000 	/System/Library/PrivateFrameworks/AddressBookCore.framework/Versions/A/AddressBookCore
0x0000000011a2b000 	/System/Library/PrivateFrameworks/CalendarAgentLink.framework/Versions/A/CalendarAgentLink
0x0000000011a2b000 	/System/Library/PrivateFrameworks/ContactsFoundation.framework/Versions/A/ContactsFoundation
0x0000000011a2b000 	/System/Library/PrivateFrameworks/IntlPreferences.framework/Versions/A/IntlPreferences
0x0000000011a2b000 	/System/Library/Frameworks/SecurityInterface.framework/Versions/A/SecurityInterface
0x0000000011a2b000 	/System/Library/PrivateFrameworks/ToneKit.framework/Versions/A/ToneKit
0x0000000011a2b000 	/System/Library/PrivateFrameworks/ToneLibrary.framework/Versions/A/ToneLibrary
0x0000000011a2b000 	/System/Library/PrivateFrameworks/vCard.framework/Versions/A/vCard
0x0000000011a2b000 	/System/Library/Frameworks/Accounts.framework/Versions/A/Accounts
0x0000000011a2b000 	/System/Library/PrivateFrameworks/PhoneNumbers.framework/Versions/A/PhoneNumbers
0x0000000011a2b000 	/System/Library/PrivateFrameworks/login.framework/Versions/A/login
0x0000000011a2b000 	/System/Library/PrivateFrameworks/ApplePushService.framework/Versions/A/ApplePushService
0x0000000011a2b000 	/System/Library/Frameworks/Contacts.framework/Versions/A/Contacts
0x0000000011a2b000 	/System/Library/PrivateFrameworks/CommonUtilities.framework/Versions/A/CommonUtilities
0x0000000011a2b000 	/System/Library/PrivateFrameworks/Bom.framework/Versions/A/Bom
0x0000000011a2b000 	/System/Library/PrivateFrameworks/AppleLDAP.framework/Versions/A/AppleLDAP
0x0000000011a2b000 	/System/Library/PrivateFrameworks/SidecarCore.framework/Versions/A/SidecarCore
0x0000000011a2b000 	/System/Library/PrivateFrameworks/CloudDocs.framework/Versions/A/CloudDocs
0x0000000011a2b000 	/System/Library/PrivateFrameworks/FileProvider.framework/Versions/A/FileProvider
0x0000000011a2b000 	/System/Library/PrivateFrameworks/SpotlightIndex.framework/Versions/A/SpotlightIndex
0x0000000011a2b000 	/System/Library/PrivateFrameworks/SymptomDiagnosticReporter.framework/Versions/A/SymptomDiagnosticReporter
0x0000000011a2b000 	/System/Library/PrivateFrameworks/PowerLog.framework/Versions/A/PowerLog
0x0000000011a2b000 	/System/Library/PrivateFrameworks/CoreAnalytics.framework/Versions/A/CoreAnalytics
0x0000000011a2b000 	/System/Library/PrivateFrameworks/PlugInKit.framework/Versions/A/PlugInKit
0x0000000011a2b000 	/System/Library/PrivateFrameworks/SharePointManagement.framework/Versions/A/SharePointManagement
0x000000012a343000 	/System/Library/PrivateFrameworks/FileProvider.framework/OverrideBundles/CloudDocsFileProvider.bundle/Contents/MacOS/CloudDocsFileProvider
0x000000017c806000 	/System/Library/PrivateFrameworks/FileProvider.framework/OverrideBundles/FileProviderOverride.bundle/Contents/MacOS/FileProviderOverride
0x000000017cafa000 	/System/Library/PrivateFrameworks/FileProvider.framework/OverrideBundles/FinderSyncCollaborationFileProviderOverride.bundle/Contents/MacOS/FinderSyncCollaborationFileProviderOverride
0x0000000011a2b000 	/System/Library/Frameworks/CloudKit.framework/Versions/A/CloudKit
0x0000000011a2b000 	/System/Library/Frameworks/CoreLocation.framework/Versions/A/CoreLocation
0x0000000011a2b000 	/System/Library/PrivateFrameworks/GeoServices.framework/Versions/A/GeoServices

VM Arguments:
jvm_args: -javaagent:/Applications/IntelliJ IDEA CE.app/Contents/lib/idea_rt.jar=62129:/Applications/IntelliJ IDEA CE.app/Contents/bin -Dfile.encoding=UTF-8 
java_command: sample.Main
java_class_path (initial): /Library/Java/JavaVirtualMachines/jdk1.8.0_151.jdk/Contents/Home/jre/lib/charsets.jar:/Library/Java/JavaVirtualMachines/jdk1.8.0_151.jdk/Contents/Home/jre/lib/deploy.jar:/Library/Java/JavaVirtualMachines/jdk1.8.0_151.jdk/Contents/Home/jre/lib/ext/cldrdata.jar:/Library/Java/JavaVirtualMachines/jdk1.8.0_151.jdk/Contents/Home/jre/lib/ext/dnsns.jar:/Library/Java/JavaVirtualMachines/jdk1.8.0_151.jdk/Contents/Home/jre/lib/ext/jaccess.jar:/Library/Java/JavaVirtualMachines/jdk1.8.0_151.jdk/Contents/Home/jre/lib/ext/jfxrt.jar:/Library/Java/JavaVirtualMachines/jdk1.8.0_151.jdk/Contents/Home/jre/lib/ext/localedata.jar:/Library/Java/JavaVirtualMachines/jdk1.8.0_151.jdk/Contents/Home/jre/lib/ext/nashorn.jar:/Library/Java/JavaVirtualMachines/jdk1.8.0_151.jdk/Contents/Home/jre/lib/ext/sunec.jar:/Library/Java/JavaVirtualMachines/jdk1.8.0_151.jdk/Contents/Home/jre/lib/ext/sunjce_provider.jar:/Library/Java/JavaVirtualMachines/jdk1.8.0_151.jdk/Contents/Home/jre/lib/ext/sunpkcs11.jar:/Library/Java/JavaVirtualMachines/jdk1.8.0_151.jdk/Contents/Home/jre/lib/ext/zipfs.jar:/Library/Java/JavaVirtualMachines/jdk1.8.0_151.jdk/Contents/Home/jre/lib/javaws.jar:/Library/Java/JavaVirtualMachines/jdk1.8.0_151.jdk/Contents/Home/jre/lib/jce.jar:/Library/Java/JavaVirtualMachines/jdk1.8.0_151.jdk/Contents/Home/jre/lib/jfr.jar:/Library/Java/JavaVirtualMachines/jdk1.8.0_151.jdk/Contents/Home/jre/lib/jfxswt.jar:/Library/Java/JavaVirtualMachines/jdk1.8.0_151.jdk/Contents/Home/jre/lib/jsse.jar:/Library/Java/JavaVirtualMachines/jdk1.8.0_151.jdk/Contents/Home/jre/lib/management-agent.jar:/Library/Java/JavaVirtualMachines/jdk1.8.0_151.jdk/Contents/Home/jre/lib/plugin.jar:/Library/Java/JavaVirtualMachines/jdk1.8.0_151.jdk/Contents/Home/jre/lib/resources.jar:/Library/Java/JavaVirtualMachines/jdk1.8.0_151.jdk/Contents/Home/jre/lib/rt.jar:/Library/Java/JavaVirtualMachines/jdk1.8.0_151.jdk/Contents/Home/lib/ant-javafx.jar:/Library/Java/JavaVirtualMachines/jdk1.8.0_151.jdk/Contents/Home
Launcher Type: SUN_STANDARD

Environment Variables:
PATH=/opt/local/bin:/opt/local/sbin:/Library/Frameworks/Python.framework/Versions/3.6/bin:/usr/local/bin:/usr/bin:/bin:/usr/sbin:/sbin:~/.local/bin:/usr/bin/terraform:/usr/local/share/dotnet:/usr/local/mysql/bin:/Library/Frameworks/Mono.framework/Versions/Current/Commands:/Applications/Wireshark.app/Contents/MacOS:/Applications/Xamarin Workbooks.app/Contents/SharedSupport/path-bin
SHELL=/bin/bash

Signal Handlers:
SIGSEGV: [libjvm.dylib+0x5b27a5], sa_mask[0]=11111111011111110111111111111111, sa_flags=SA_ONSTACK|SA_RESTART|SA_SIGINFO
SIGBUS: [libjvm.dylib+0x5b27a5], sa_mask[0]=11111111011111110111111111111111, sa_flags=SA_RESTART|SA_SIGINFO
SIGFPE: [libjvm.dylib+0x4891c4], sa_mask[0]=11111111011111110111111111111111, sa_flags=SA_RESTART|SA_SIGINFO
SIGPIPE: [libjvm.dylib+0x4891c4], sa_mask[0]=11111111011111110111111111111111, sa_flags=SA_RESTART|SA_SIGINFO
SIGXFSZ: [libjvm.dylib+0x4891c4], sa_mask[0]=11111111011111110111111111111111, sa_flags=SA_RESTART|SA_SIGINFO
SIGILL: [libjvm.dylib+0x4891c4], sa_mask[0]=11111111011111110111111111111111, sa_flags=SA_RESTART|SA_SIGINFO
SIGUSR1: SIG_DFL, sa_mask[0]=00000000000000000000000000000000, sa_flags=none
SIGUSR2: [libjvm.dylib+0x488ce2], sa_mask[0]=00100000000000000000000000000000, sa_flags=SA_RESTART|SA_SIGINFO
SIGHUP: [libjvm.dylib+0x4872b9], sa_mask[0]=11111111011111110111111111111111, sa_flags=SA_RESTART|SA_SIGINFO
SIGINT: [libjvm.dylib+0x4872b9], sa_mask[0]=11111111011111110111111111111111, sa_flags=SA_RESTART|SA_SIGINFO
SIGTERM: [libjvm.dylib+0x4872b9], sa_mask[0]=11111111011111110111111111111111, sa_flags=SA_RESTART|SA_SIGINFO
SIGQUIT: [libjvm.dylib+0x4872b9], sa_mask[0]=11111111011111110111111111111111, sa_flags=SA_RESTART|SA_SIGINFO


---------------  S Y S T E M  ---------------

OS:Bsduname:Darwin 18.2.0 Darwin Kernel Version 18.2.0: Fri Oct  5 19:41:49 PDT 2018; root:xnu-4903.221.2~2/RELEASE_X86_64 x86_64
rlimit: STACK 8192k, CORE 0k, NPROC 709, NOFILE 10240, AS infinity
load average:4.11 3.29 2.45

CPU:total 4 (initial active 4) (2 cores per cpu, 2 threads per core) family 6 model 69 stepping 1, cmov, cx8, fxsr, mmx, sse, sse2, sse3, ssse3, sse4.1, sse4.2, popcnt, avx, avx2, aes, clmul, erms, lzcnt, ht, tsc, tscinvbit, bmi1, bmi2

Memory: 4k page, physical 4194304k(77320k free)

/proc/meminfo:


vm_info: Java HotSpot(TM) 64-Bit Server VM (25.151-b12) for bsd-amd64 JRE (1.8.0_151-b12), built on Sep  5 2017 19:37:08 by "java_re" with gcc 4.2.1 (Based on Apple Inc. build 5658) (LLVM build 2336.11.00)

time: Mon Oct 21 23:53:59 2019
elapsed time: 42 seconds (0d 0h 0m 42s)

